二月 24, 2020 11:53:17 下午 org.apache.catalina.core.StandardContext setPath
警告: A context path must either be an empty string or start with a '/' and do not end with a '/'. The path [/] does not meet these criteria and has been changed to []
二月 24, 2020 11:53:17 下午 org.apache.tomcat.util.digester.SetPropertiesRule begin
警告: [SetPropertiesRule]{Server/Service/Engine/Host/Context} Setting property 'debug' to '0' did not find a matching property.
二月 24, 2020 11:53:17 下午 org.apache.catalina.startup.VersionLoggerListener log
信息: Server version:        Apache Tomcat/7.0.64
二月 24, 2020 11:53:17 下午 org.apache.catalina.startup.VersionLoggerListener log
信息: Server built:          Aug 19 2015 17:18:06 UTC
二月 24, 2020 11:53:17 下午 org.apache.catalina.startup.VersionLoggerListener log
信息: Server number:         7.0.64.0
二月 24, 2020 11:53:17 下午 org.apache.catalina.startup.VersionLoggerListener log
信息: OS Name:               Windows 10
二月 24, 2020 11:53:17 下午 org.apache.catalina.startup.VersionLoggerListener log
信息: OS Version:            10.0
二月 24, 2020 11:53:17 下午 org.apache.catalina.startup.VersionLoggerListener log
信息: Architecture:          amd64
二月 24, 2020 11:53:17 下午 org.apache.catalina.startup.VersionLoggerListener log
信息: Java Home:             E:\Program Files\jdk8-191\jre
二月 24, 2020 11:53:17 下午 org.apache.catalina.startup.VersionLoggerListener log
信息: JVM Version:           1.8.0_191-b12
二月 24, 2020 11:53:17 下午 org.apache.catalina.startup.VersionLoggerListener log
信息: JVM Vendor:            Oracle Corporation
二月 24, 2020 11:53:17 下午 org.apache.catalina.startup.VersionLoggerListener log
信息: CATALINA_BASE:         F:\HOW2J\tmall\tomcat
二月 24, 2020 11:53:17 下午 org.apache.catalina.startup.VersionLoggerListener log
信息: CATALINA_HOME:         F:\HOW2J\tmall\tomcat
二月 24, 2020 11:53:17 下午 org.apache.catalina.startup.VersionLoggerListener log
信息: Command line argument: -Djava.util.logging.config.file=F:\HOW2J\tmall\tomcat\conf\logging.properties
二月 24, 2020 11:53:17 下午 org.apache.catalina.startup.VersionLoggerListener log
信息: Command line argument: -Djava.util.logging.manager=org.apache.juli.ClassLoaderLogManager
二月 24, 2020 11:53:17 下午 org.apache.catalina.startup.VersionLoggerListener log
信息: Command line argument: -Djava.endorsed.dirs=F:\HOW2J\tmall\tomcat\endorsed
二月 24, 2020 11:53:17 下午 org.apache.catalina.startup.VersionLoggerListener log
信息: Command line argument: -Dcatalina.base=F:\HOW2J\tmall\tomcat
二月 24, 2020 11:53:17 下午 org.apache.catalina.startup.VersionLoggerListener log
信息: Command line argument: -Dcatalina.home=F:\HOW2J\tmall\tomcat
二月 24, 2020 11:53:17 下午 org.apache.catalina.startup.VersionLoggerListener log
信息: Command line argument: -Djava.io.tmpdir=F:\HOW2J\tmall\tomcat\temp
二月 24, 2020 11:53:17 下午 org.apache.catalina.core.AprLifecycleListener lifecycleEvent
信息: The APR based Apache Tomcat Native library which allows optimal performance in production environments was not found on the java.library.path: E:\Program Files\jdk8-191\bin;C:\WINDOWS\Sun\Java\bin;C:\WINDOWS\system32;C:\WINDOWS;C:\Program Files (x86)\Intel\iCLS Client\;C:\Program Files\Intel\iCLS Client\;C:\WINDOWS\system32;C:\WINDOWS;C:\WINDOWS\System32\Wbem;C:\WINDOWS\System32\WindowsPowerShell\v1.0\;C:\Program Files (x86)\Intel\Intel(R) Management Engine Components\DAL;C:\Program Files\Intel\Intel(R) Management Engine Components\DAL;C:\Program Files (x86)\Intel\Intel(R) Management Engine Components\IPT;C:\Program Files\Intel\Intel(R) Management Engine Components\IPT;C:\Program Files\Microsoft\Web Platform Installer\;C:\Program Files (x86)\Microsoft ASP.NET\ASP.NET Web Pages\v1.0\;C:\Program Files\Microsoft SQL Server\110\Tools\Binn\;E:\Program Files\CodeBlocks\MinGW\bin;E:\Program Files\Git\cmd;C:\WINDOWS\System32\OpenSSH\;E:\Program Files\matlab2018a\bin;E:\Program Files\Microsoft VS Code\bin;E:\Program Files\jdk8-191\bin;E:\Program Files\jdk8-191\jre\bin;C:\Program Files\Intel\WiFi\bin\;C:\Program Files\Common Files\Intel\WirelessCommon\;E:\Program Files\python3.6.1\Scripts\;E:\Program Files\python3.6.1\;C:\Users\Jay\AppData\Local\Microsoft\WindowsApps;E:\Program Files\Microsoft VS Code\bin;E:\Program Files\Git\cmd;C:\Users\Jay\AppData\Roaming\Python\Python36\Scripts;E:\ProgramYin\mingw64\bin;;E:\ProgramYin\IntelliJ IDEA 2019.3.3\bin;;.
二月 24, 2020 11:53:18 下午 org.apache.coyote.AbstractProtocol init
信息: Initializing ProtocolHandler ["http-bio-80"]
二月 24, 2020 11:53:18 下午 org.apache.coyote.AbstractProtocol init
信息: Initializing ProtocolHandler ["ajp-bio-8089"]
二月 24, 2020 11:53:18 下午 org.apache.catalina.startup.Catalina load
信息: Initialization processed in 754 ms
二月 24, 2020 11:53:18 下午 org.apache.catalina.core.StandardService startInternal
信息: Starting service Catalina
二月 24, 2020 11:53:18 下午 org.apache.catalina.core.StandardEngine startInternal
信息: Starting Servlet Engine: Apache Tomcat/7.0.64
二月 24, 2020 11:53:18 下午 org.apache.catalina.loader.WebappClassLoader validateJarFile
信息: validateJarFile(F:\HOW2J\tmall\web\WEB-INF\lib\servlet-api.jar) - jar not loaded. See Servlet Spec 3.0, section 10.7.2. Offending class: javax/servlet/Servlet.class
二月 24, 2020 11:53:18 下午 org.apache.catalina.startup.TldConfig execute
信息: At least one JAR was scanned for TLDs yet contained no TLDs. Enable debug logging for this logger for a complete list of JARs that were scanned but no TLDs were found in them. Skipping unneeded JARs during scanning can improve startup time and JSP compilation time.
二月 24, 2020 11:53:18 下午 org.apache.catalina.util.SessionIdGeneratorBase createSecureRandom
信息: Creation of SecureRandom instance for session ID generation using [SHA1PRNG] took [237] milliseconds.
二月 24, 2020 11:53:18 下午 org.apache.coyote.AbstractProtocol start
信息: Starting ProtocolHandler ["http-bio-80"]
二月 24, 2020 11:53:18 下午 org.apache.coyote.AbstractProtocol start
信息: Starting ProtocolHandler ["ajp-bio-8089"]
二月 24, 2020 11:53:18 下午 org.apache.catalina.startup.Catalina start
信息: Server startup in 870 ms
