06 09, 2020 00:02:15 上午 com.jayyin.jaytomcat.catalina.Context <init>
INFO : Deploying web application directory F:/Project/jaytomcat/app2
06 09, 2020 00:02:15 上午 com.jayyin.jaytomcat.catalina.Context <init>
INFO : Deployment of web application directory F:/Project/jaytomcat/app2 has finished in 156 ms
06 09, 2020 00:02:15 上午 com.jayyin.jaytomcat.catalina.Context <init>
INFO : Deploying web application directory F:\Project\jaytomcat\webapps\app1
06 09, 2020 00:02:15 上午 com.jayyin.jaytomcat.catalina.Context <init>
INFO : Deployment of web application directory F:\Project\jaytomcat\webapps\app1 has finished in 0 ms
06 09, 2020 00:02:15 上午 com.jayyin.jaytomcat.catalina.Context <init>
INFO : Deploying web application directory F:\Project\jaytomcat\webapps\ROOT
06 09, 2020 00:02:15 上午 com.jayyin.jaytomcat.catalina.Context <init>
INFO : Deployment of web application directory F:\Project\jaytomcat\webapps\ROOT has finished in 0 ms
06 09, 2020 00:02:15 上午 com.jayyin.jaytomcat.catalina.Context <init>
INFO : Deploying web application directory F:/Project/jaytomcat/app2
06 09, 2020 00:02:15 上午 com.jayyin.jaytomcat.catalina.Context <init>
INFO : Deployment of web application directory F:/Project/jaytomcat/app2 has finished in 0 ms
06 09, 2020 00:02:15 上午 com.jayyin.jaytomcat.catalina.Context <init>
INFO : Deploying web application directory F:\Project\jaytomcat\webapps\app1
06 09, 2020 00:02:15 上午 com.jayyin.jaytomcat.catalina.Context <init>
INFO : Deployment of web application directory F:\Project\jaytomcat\webapps\app1 has finished in 0 ms
06 09, 2020 00:02:15 上午 com.jayyin.jaytomcat.catalina.Context <init>
INFO : Deploying web application directory F:\Project\jaytomcat\webapps\ROOT
06 09, 2020 00:02:15 上午 com.jayyin.jaytomcat.catalina.Context <init>
INFO : Deployment of web application directory F:\Project\jaytomcat\webapps\ROOT has finished in 0 ms
06 09, 2020 00:02:15 上午 com.jayyin.jaytomcat.catalina.Server logJVM
INFO : Server version:		JayTomcat/1.0.1
06 09, 2020 00:02:15 上午 com.jayyin.jaytomcat.catalina.Server logJVM
INFO : Server built:		2020-06-04 22:20:22
06 09, 2020 00:02:15 上午 com.jayyin.jaytomcat.catalina.Server logJVM
INFO : Server number:		1.0.1
06 09, 2020 00:02:15 上午 com.jayyin.jaytomcat.catalina.Server logJVM
INFO : OS Name	:		Windows 10
06 09, 2020 00:02:15 上午 com.jayyin.jaytomcat.catalina.Server logJVM
INFO : OS Version:		10.0
06 09, 2020 00:02:15 上午 com.jayyin.jaytomcat.catalina.Server logJVM
INFO : Architecture:		amd64
06 09, 2020 00:02:15 上午 com.jayyin.jaytomcat.catalina.Server logJVM
INFO : Java Home:		E:\Program Files\jdk8-191\jre
06 09, 2020 00:02:15 上午 com.jayyin.jaytomcat.catalina.Server logJVM
INFO : JVM Version:		1.8.0_191-b12
06 09, 2020 00:02:15 上午 com.jayyin.jaytomcat.catalina.Server logJVM
INFO : JVM Vendor:		Oracle Corporation
06 09, 2020 00:02:15 上午 com.jayyin.jaytomcat.catalina.Connector init
INFO : Initializing ProtocolHandler [http-bio-18080]
06 09, 2020 00:02:15 上午 com.jayyin.jaytomcat.catalina.Connector init
INFO : Initializing ProtocolHandler [http-bio-18081]
06 09, 2020 00:02:15 上午 com.jayyin.jaytomcat.catalina.Connector init
INFO : Initializing ProtocolHandler [http-bio-18082]
06 09, 2020 00:02:15 上午 com.jayyin.jaytomcat.catalina.Service init
INFO : Initialization processed in 0ms
06 09, 2020 00:02:15 上午 com.jayyin.jaytomcat.catalina.Connector start
INFO : Starting ProtocolHandler [http-bio-18080]
06 09, 2020 00:02:15 上午 com.jayyin.jaytomcat.catalina.Connector start
INFO : Starting ProtocolHandler [http-bio-18081]
06 09, 2020 00:02:15 上午 com.jayyin.jaytomcat.catalina.Connector start
INFO : Starting ProtocolHandler [http-bio-18082]
06 09, 2020 00:02:15 上午 com.jayyin.jaytomcat.catalina.Server start
INFO : Server startup in 0ms
06 09, 2020 00:02:15 上午 com.jayyin.jaytomcat.catalina.Connector error
ERROR: Address already in use: JVM_Bind
java.net.BindException: Address already in use: JVM_Bind
	at java.net.DualStackPlainSocketImpl.bind0(Native Method)
	at java.net.DualStackPlainSocketImpl.socketBind(DualStackPlainSocketImpl.java:106)
	at java.net.AbstractPlainSocketImpl.bind(AbstractPlainSocketImpl.java:387)
	at java.net.PlainSocketImpl.bind(PlainSocketImpl.java:190)
	at java.net.ServerSocket.bind(ServerSocket.java:375)
	at java.net.ServerSocket.<init>(ServerSocket.java:237)
	at java.net.ServerSocket.<init>(ServerSocket.java:128)
	at com.jayyin.jaytomcat.catalina.Connector.run(Connector.java:48)
	at java.lang.Thread.run(Thread.java:748)
06 09, 2020 00:02:15 上午 com.jayyin.jaytomcat.catalina.Connector error
ERROR: Address already in use: JVM_Bind
java.net.BindException: Address already in use: JVM_Bind
	at java.net.DualStackPlainSocketImpl.bind0(Native Method)
	at java.net.DualStackPlainSocketImpl.socketBind(DualStackPlainSocketImpl.java:106)
	at java.net.AbstractPlainSocketImpl.bind(AbstractPlainSocketImpl.java:387)
	at java.net.PlainSocketImpl.bind(PlainSocketImpl.java:190)
	at java.net.ServerSocket.bind(ServerSocket.java:375)
	at java.net.ServerSocket.<init>(ServerSocket.java:237)
	at java.net.ServerSocket.<init>(ServerSocket.java:128)
	at com.jayyin.jaytomcat.catalina.Connector.run(Connector.java:48)
	at java.lang.Thread.run(Thread.java:748)
06 09, 2020 00:05:02 上午 com.jayyin.jaytomcat.catalina.Context <init>
INFO : Deploying web application directory F:/Project/jaytomcat/app2
06 09, 2020 00:05:02 上午 com.jayyin.jaytomcat.catalina.Context <init>
INFO : Deployment of web application directory F:/Project/jaytomcat/app2 has finished in 214 ms
06 09, 2020 00:05:02 上午 com.jayyin.jaytomcat.catalina.Context <init>
INFO : Deploying web application directory F:\Project\jaytomcat\webapps\app1
06 09, 2020 00:05:02 上午 com.jayyin.jaytomcat.catalina.Context <init>
INFO : Deployment of web application directory F:\Project\jaytomcat\webapps\app1 has finished in 0 ms
06 09, 2020 00:05:02 上午 com.jayyin.jaytomcat.catalina.Context <init>
INFO : Deploying web application directory F:\Project\jaytomcat\webapps\ROOT
06 09, 2020 00:05:02 上午 com.jayyin.jaytomcat.catalina.Context <init>
INFO : Deployment of web application directory F:\Project\jaytomcat\webapps\ROOT has finished in 16 ms
06 09, 2020 00:05:02 上午 com.jayyin.jaytomcat.catalina.Context <init>
INFO : Deploying web application directory F:/Project/jaytomcat/app2
06 09, 2020 00:05:02 上午 com.jayyin.jaytomcat.catalina.Context <init>
INFO : Deployment of web application directory F:/Project/jaytomcat/app2 has finished in 0 ms
06 09, 2020 00:05:02 上午 com.jayyin.jaytomcat.catalina.Context <init>
INFO : Deploying web application directory F:\Project\jaytomcat\webapps\app1
06 09, 2020 00:05:02 上午 com.jayyin.jaytomcat.catalina.Context <init>
INFO : Deployment of web application directory F:\Project\jaytomcat\webapps\app1 has finished in 0 ms
06 09, 2020 00:05:02 上午 com.jayyin.jaytomcat.catalina.Context <init>
INFO : Deploying web application directory F:\Project\jaytomcat\webapps\ROOT
06 09, 2020 00:05:02 上午 com.jayyin.jaytomcat.catalina.Context <init>
INFO : Deployment of web application directory F:\Project\jaytomcat\webapps\ROOT has finished in 0 ms
06 09, 2020 00:05:02 上午 com.jayyin.jaytomcat.catalina.Server logJVM
INFO : Server version:		JayTomcat/1.0.1
06 09, 2020 00:05:02 上午 com.jayyin.jaytomcat.catalina.Server logJVM
INFO : Server built:		2020-06-04 22:20:22
06 09, 2020 00:05:02 上午 com.jayyin.jaytomcat.catalina.Server logJVM
INFO : Server number:		1.0.1
06 09, 2020 00:05:02 上午 com.jayyin.jaytomcat.catalina.Server logJVM
INFO : OS Name	:		Windows 10
06 09, 2020 00:05:02 上午 com.jayyin.jaytomcat.catalina.Server logJVM
INFO : OS Version:		10.0
06 09, 2020 00:05:02 上午 com.jayyin.jaytomcat.catalina.Server logJVM
INFO : Architecture:		amd64
06 09, 2020 00:05:02 上午 com.jayyin.jaytomcat.catalina.Server logJVM
INFO : Java Home:		E:\Program Files\jdk8-191\jre
06 09, 2020 00:05:02 上午 com.jayyin.jaytomcat.catalina.Server logJVM
INFO : JVM Version:		1.8.0_191-b12
06 09, 2020 00:05:02 上午 com.jayyin.jaytomcat.catalina.Server logJVM
INFO : JVM Vendor:		Oracle Corporation
06 09, 2020 00:05:02 上午 com.jayyin.jaytomcat.catalina.Connector init
INFO : Initializing ProtocolHandler [http-bio-18080]
06 09, 2020 00:05:02 上午 com.jayyin.jaytomcat.catalina.Connector init
INFO : Initializing ProtocolHandler [http-bio-18081]
06 09, 2020 00:05:02 上午 com.jayyin.jaytomcat.catalina.Connector init
INFO : Initializing ProtocolHandler [http-bio-18082]
06 09, 2020 00:05:02 上午 com.jayyin.jaytomcat.catalina.Service init
INFO : Initialization processed in 0ms
06 09, 2020 00:05:02 上午 com.jayyin.jaytomcat.catalina.Connector start
INFO : Starting ProtocolHandler [http-bio-18080]
06 09, 2020 00:05:02 上午 com.jayyin.jaytomcat.catalina.Connector start
INFO : Starting ProtocolHandler [http-bio-18081]
06 09, 2020 00:05:02 上午 com.jayyin.jaytomcat.catalina.Connector start
INFO : Starting ProtocolHandler [http-bio-18082]
06 09, 2020 00:05:02 上午 com.jayyin.jaytomcat.catalina.Server start
INFO : Server startup in 16ms
06 09, 2020 00:05:11 上午 com.jayyin.jaytomcat.catalina.Connector$1 error
ERROR: this is a deliberately created exception
java.lang.Exception: this is a deliberately created exception
	at com.jayyin.jaytomcat.catalina.Connector$1.run(Connector.java:69)
	at java.util.concurrent.ThreadPoolExecutor.runWorker(ThreadPoolExecutor.java:1149)
	at java.util.concurrent.ThreadPoolExecutor$Worker.run(ThreadPoolExecutor.java:624)
	at java.lang.Thread.run(Thread.java:748)
06/09/2020 11:36:44 com.jayyin.jaytomcat.catalina.Context <init>
    INFO : Deploying web application directory F:/Project/jaytomcat/app2
06/09/2020 11:36:44 com.jayyin.jaytomcat.catalina.Context <init>
    INFO : Deployment of web application directory F:/Project/jaytomcat/app2 has finished in 203 ms
06/09/2020 11:36:44 com.jayyin.jaytomcat.catalina.Context <init>
    INFO : Deploying web application directory F:\Project\jaytomcat\webapps\app1
06/09/2020 11:36:44 com.jayyin.jaytomcat.catalina.Context <init>
    INFO : Deployment of web application directory F:\Project\jaytomcat\webapps\app1 has finished in 0 ms
06/09/2020 11:36:44 com.jayyin.jaytomcat.catalina.Context <init>
    INFO : Deploying web application directory F:\Project\jaytomcat\webapps\ROOT
06/09/2020 11:36:44 com.jayyin.jaytomcat.catalina.Context <init>
    INFO : Deployment of web application directory F:\Project\jaytomcat\webapps\ROOT has finished in 0 ms
06/09/2020 11:36:44 com.jayyin.jaytomcat.catalina.Context <init>
    INFO : Deploying web application directory F:/Project/jaytomcat/app2
06/09/2020 11:36:44 com.jayyin.jaytomcat.catalina.Context <init>
    INFO : Deployment of web application directory F:/Project/jaytomcat/app2 has finished in 0 ms
06/09/2020 11:36:44 com.jayyin.jaytomcat.catalina.Context <init>
    INFO : Deploying web application directory F:\Project\jaytomcat\webapps\app1
06/09/2020 11:36:44 com.jayyin.jaytomcat.catalina.Context <init>
    INFO : Deployment of web application directory F:\Project\jaytomcat\webapps\app1 has finished in 0 ms
06/09/2020 11:36:44 com.jayyin.jaytomcat.catalina.Context <init>
    INFO : Deploying web application directory F:\Project\jaytomcat\webapps\ROOT
06/09/2020 11:36:44 com.jayyin.jaytomcat.catalina.Context <init>
    INFO : Deployment of web application directory F:\Project\jaytomcat\webapps\ROOT has finished in 0 ms
06/09/2020 11:36:44 com.jayyin.jaytomcat.catalina.Server logJVM
    INFO : Server version:		JayTomcat/1.0.1
06/09/2020 11:36:44 com.jayyin.jaytomcat.catalina.Server logJVM
    INFO : Server built:		2020-06-04 22:20:22
06/09/2020 11:36:44 com.jayyin.jaytomcat.catalina.Server logJVM
    INFO : Server number:		1.0.1
06/09/2020 11:36:44 com.jayyin.jaytomcat.catalina.Server logJVM
    INFO : OS Name	:		Windows 10
06/09/2020 11:36:44 com.jayyin.jaytomcat.catalina.Server logJVM
    INFO : OS Version:		10.0
06/09/2020 11:36:44 com.jayyin.jaytomcat.catalina.Server logJVM
    INFO : Architecture:		amd64
06/09/2020 11:36:44 com.jayyin.jaytomcat.catalina.Server logJVM
    INFO : Java Home:		E:\Program Files\jdk8-191\jre
06/09/2020 11:36:44 com.jayyin.jaytomcat.catalina.Server logJVM
    INFO : JVM Version:		1.8.0_191-b12
06/09/2020 11:36:44 com.jayyin.jaytomcat.catalina.Server logJVM
    INFO : JVM Vendor:		Oracle Corporation
06/09/2020 11:36:44 com.jayyin.jaytomcat.catalina.Connector init
    INFO : Initializing ProtocolHandler [http-bio-18080]
06/09/2020 11:36:44 com.jayyin.jaytomcat.catalina.Connector init
    INFO : Initializing ProtocolHandler [http-bio-18081]
06/09/2020 11:36:44 com.jayyin.jaytomcat.catalina.Connector init
    INFO : Initializing ProtocolHandler [http-bio-18082]
06/09/2020 11:36:44 com.jayyin.jaytomcat.catalina.Service init
    INFO : Initialization processed in 0ms
06/09/2020 11:36:44 com.jayyin.jaytomcat.catalina.Connector start
    INFO : Starting ProtocolHandler [http-bio-18080]
06/09/2020 11:36:44 com.jayyin.jaytomcat.catalina.Connector start
    INFO : Starting ProtocolHandler [http-bio-18081]
06/09/2020 11:36:44 com.jayyin.jaytomcat.catalina.Connector start
    INFO : Starting ProtocolHandler [http-bio-18082]
06/09/2020 11:36:44 com.jayyin.jaytomcat.catalina.Server start
    INFO : Server startup in 16ms
06/09/2020 11:37:33 com.jayyin.jaytomcat.catalina.Context <init>
    INFO : Deploying web application directory F:/Project/jaytomcat/app2
06/09/2020 11:37:33 com.jayyin.jaytomcat.catalina.Context <init>
    INFO : Deployment of web application directory F:/Project/jaytomcat/app2 has finished in 188 ms
06/09/2020 11:37:33 com.jayyin.jaytomcat.catalina.Context <init>
    INFO : Deploying web application directory F:\Project\jaytomcat\webapps\app1
06/09/2020 11:37:33 com.jayyin.jaytomcat.catalina.Context <init>
    INFO : Deployment of web application directory F:\Project\jaytomcat\webapps\app1 has finished in 0 ms
06/09/2020 11:37:33 com.jayyin.jaytomcat.catalina.Context <init>
    INFO : Deploying web application directory F:\Project\jaytomcat\webapps\ROOT
06/09/2020 11:37:33 com.jayyin.jaytomcat.catalina.Context <init>
    INFO : Deployment of web application directory F:\Project\jaytomcat\webapps\ROOT has finished in 0 ms
06/09/2020 11:37:33 com.jayyin.jaytomcat.catalina.Context <init>
    INFO : Deploying web application directory F:/Project/jaytomcat/app2
06/09/2020 11:37:33 com.jayyin.jaytomcat.catalina.Context <init>
    INFO : Deployment of web application directory F:/Project/jaytomcat/app2 has finished in 0 ms
06/09/2020 11:37:33 com.jayyin.jaytomcat.catalina.Context <init>
    INFO : Deploying web application directory F:\Project\jaytomcat\webapps\app1
06/09/2020 11:37:33 com.jayyin.jaytomcat.catalina.Context <init>
    INFO : Deployment of web application directory F:\Project\jaytomcat\webapps\app1 has finished in 0 ms
06/09/2020 11:37:33 com.jayyin.jaytomcat.catalina.Context <init>
    INFO : Deploying web application directory F:\Project\jaytomcat\webapps\ROOT
06/09/2020 11:37:33 com.jayyin.jaytomcat.catalina.Context <init>
    INFO : Deployment of web application directory F:\Project\jaytomcat\webapps\ROOT has finished in 0 ms
06/09/2020 11:37:33 com.jayyin.jaytomcat.catalina.Server logJVM
    INFO : Server version:		JayTomcat/1.0.1
06/09/2020 11:37:33 com.jayyin.jaytomcat.catalina.Server logJVM
    INFO : Server built:		2020-06-04 22:20:22
06/09/2020 11:37:33 com.jayyin.jaytomcat.catalina.Server logJVM
    INFO : Server number:		1.0.1
06/09/2020 11:37:33 com.jayyin.jaytomcat.catalina.Server logJVM
    INFO : OS Name	:		Windows 10
06/09/2020 11:37:33 com.jayyin.jaytomcat.catalina.Server logJVM
    INFO : OS Version:		10.0
06/09/2020 11:37:33 com.jayyin.jaytomcat.catalina.Server logJVM
    INFO : Architecture:		amd64
06/09/2020 11:37:33 com.jayyin.jaytomcat.catalina.Server logJVM
    INFO : Java Home:		E:\Program Files\jdk8-191\jre
06/09/2020 11:37:33 com.jayyin.jaytomcat.catalina.Server logJVM
    INFO : JVM Version:		1.8.0_191-b12
06/09/2020 11:37:33 com.jayyin.jaytomcat.catalina.Server logJVM
    INFO : JVM Vendor:		Oracle Corporation
06/09/2020 11:37:33 com.jayyin.jaytomcat.catalina.Connector init
    INFO : Initializing ProtocolHandler [http-bio-18080]
06/09/2020 11:37:33 com.jayyin.jaytomcat.catalina.Connector init
    INFO : Initializing ProtocolHandler [http-bio-18081]
06/09/2020 11:37:33 com.jayyin.jaytomcat.catalina.Connector init
    INFO : Initializing ProtocolHandler [http-bio-18082]
06/09/2020 11:37:33 com.jayyin.jaytomcat.catalina.Service init
    INFO : Initialization processed in 0ms
06/09/2020 11:37:33 com.jayyin.jaytomcat.catalina.Connector start
    INFO : Starting ProtocolHandler [http-bio-18080]
06/09/2020 11:37:33 com.jayyin.jaytomcat.catalina.Connector start
    INFO : Starting ProtocolHandler [http-bio-18081]
06/09/2020 11:37:33 com.jayyin.jaytomcat.catalina.Connector start
    INFO : Starting ProtocolHandler [http-bio-18082]
06/09/2020 11:37:33 com.jayyin.jaytomcat.catalina.Server start
    INFO : Server startup in 0ms
INFO : Deploying web application directory F:/Project/jaytomcat/app2
    06/09/2020 11:39:15 com.jayyin.jaytomcat.catalina.Context <init>
INFO : Deployment of web application directory F:/Project/jaytomcat/app2 has finished in 187 ms
    06/09/2020 11:39:15 com.jayyin.jaytomcat.catalina.Context <init>
INFO : Deploying web application directory F:\Project\jaytomcat\webapps\app1
    06/09/2020 11:39:15 com.jayyin.jaytomcat.catalina.Context <init>
INFO : Deployment of web application directory F:\Project\jaytomcat\webapps\app1 has finished in 0 ms
    06/09/2020 11:39:15 com.jayyin.jaytomcat.catalina.Context <init>
INFO : Deploying web application directory F:\Project\jaytomcat\webapps\ROOT
    06/09/2020 11:39:15 com.jayyin.jaytomcat.catalina.Context <init>
INFO : Deployment of web application directory F:\Project\jaytomcat\webapps\ROOT has finished in 0 ms
    06/09/2020 11:39:15 com.jayyin.jaytomcat.catalina.Context <init>
INFO : Deploying web application directory F:/Project/jaytomcat/app2
    06/09/2020 11:39:15 com.jayyin.jaytomcat.catalina.Context <init>
INFO : Deployment of web application directory F:/Project/jaytomcat/app2 has finished in 0 ms
    06/09/2020 11:39:15 com.jayyin.jaytomcat.catalina.Context <init>
INFO : Deploying web application directory F:\Project\jaytomcat\webapps\app1
    06/09/2020 11:39:15 com.jayyin.jaytomcat.catalina.Context <init>
INFO : Deployment of web application directory F:\Project\jaytomcat\webapps\app1 has finished in 0 ms
    06/09/2020 11:39:15 com.jayyin.jaytomcat.catalina.Context <init>
INFO : Deploying web application directory F:\Project\jaytomcat\webapps\ROOT
    06/09/2020 11:39:15 com.jayyin.jaytomcat.catalina.Context <init>
INFO : Deployment of web application directory F:\Project\jaytomcat\webapps\ROOT has finished in 0 ms
    06/09/2020 11:39:15 com.jayyin.jaytomcat.catalina.Context <init>
INFO : Server version:		JayTomcat/1.0.1
    06/09/2020 11:39:16 com.jayyin.jaytomcat.catalina.Server logJVM
INFO : Server built:		2020-06-04 22:20:22
    06/09/2020 11:39:16 com.jayyin.jaytomcat.catalina.Server logJVM
INFO : Server number:		1.0.1
    06/09/2020 11:39:16 com.jayyin.jaytomcat.catalina.Server logJVM
INFO : OS Name	:		Windows 10
    06/09/2020 11:39:16 com.jayyin.jaytomcat.catalina.Server logJVM
INFO : OS Version:		10.0
    06/09/2020 11:39:16 com.jayyin.jaytomcat.catalina.Server logJVM
INFO : Architecture:		amd64
    06/09/2020 11:39:16 com.jayyin.jaytomcat.catalina.Server logJVM
INFO : Java Home:		E:\Program Files\jdk8-191\jre
    06/09/2020 11:39:16 com.jayyin.jaytomcat.catalina.Server logJVM
INFO : JVM Version:		1.8.0_191-b12
    06/09/2020 11:39:16 com.jayyin.jaytomcat.catalina.Server logJVM
INFO : JVM Vendor:		Oracle Corporation
    06/09/2020 11:39:16 com.jayyin.jaytomcat.catalina.Server logJVM
INFO : Initializing ProtocolHandler [http-bio-18080]
    06/09/2020 11:39:16 com.jayyin.jaytomcat.catalina.Connector init
INFO : Initializing ProtocolHandler [http-bio-18081]
    06/09/2020 11:39:16 com.jayyin.jaytomcat.catalina.Connector init
INFO : Initializing ProtocolHandler [http-bio-18082]
    06/09/2020 11:39:16 com.jayyin.jaytomcat.catalina.Connector init
INFO : Initialization processed in 0ms
    06/09/2020 11:39:16 com.jayyin.jaytomcat.catalina.Service init
INFO : Starting ProtocolHandler [http-bio-18080]
    06/09/2020 11:39:16 com.jayyin.jaytomcat.catalina.Connector start
INFO : Starting ProtocolHandler [http-bio-18081]
    06/09/2020 11:39:16 com.jayyin.jaytomcat.catalina.Connector start
INFO : Starting ProtocolHandler [http-bio-18082]
    06/09/2020 11:39:16 com.jayyin.jaytomcat.catalina.Connector start
INFO : Server startup in 16ms
    06/09/2020 11:39:16 com.jayyin.jaytomcat.catalina.Server start
INFO : Deploying web application directory F:/Project/jaytomcat/app2
    06/09/2020 11:42:15 com.jayyin.jaytomcat.catalina.Context <init>
INFO : Deployment of web application directory F:/Project/jaytomcat/app2 has finished in 172 ms
    06/09/2020 11:42:15 com.jayyin.jaytomcat.catalina.Context <init>
INFO : Deploying web application directory F:\Project\jaytomcat\webapps\app1
    06/09/2020 11:42:15 com.jayyin.jaytomcat.catalina.Context <init>
INFO : Deployment of web application directory F:\Project\jaytomcat\webapps\app1 has finished in 0 ms
    06/09/2020 11:42:15 com.jayyin.jaytomcat.catalina.Context <init>
INFO : Deploying web application directory F:\Project\jaytomcat\webapps\ROOT
    06/09/2020 11:42:15 com.jayyin.jaytomcat.catalina.Context <init>
INFO : Deployment of web application directory F:\Project\jaytomcat\webapps\ROOT has finished in 0 ms
    06/09/2020 11:42:15 com.jayyin.jaytomcat.catalina.Context <init>
INFO : Deploying web application directory F:/Project/jaytomcat/app2
    06/09/2020 11:42:15 com.jayyin.jaytomcat.catalina.Context <init>
INFO : Deployment of web application directory F:/Project/jaytomcat/app2 has finished in 0 ms
    06/09/2020 11:42:15 com.jayyin.jaytomcat.catalina.Context <init>
INFO : Deploying web application directory F:\Project\jaytomcat\webapps\app1
    06/09/2020 11:42:15 com.jayyin.jaytomcat.catalina.Context <init>
INFO : Deployment of web application directory F:\Project\jaytomcat\webapps\app1 has finished in 16 ms
    06/09/2020 11:42:15 com.jayyin.jaytomcat.catalina.Context <init>
INFO : Deploying web application directory F:\Project\jaytomcat\webapps\ROOT
    06/09/2020 11:42:15 com.jayyin.jaytomcat.catalina.Context <init>
INFO : Deployment of web application directory F:\Project\jaytomcat\webapps\ROOT has finished in 0 ms
    06/09/2020 11:42:15 com.jayyin.jaytomcat.catalina.Context <init>
INFO : Server version:	JayTomcat/1.0.1
    06/09/2020 11:42:15 com.jayyin.jaytomcat.catalina.Server logJVM
INFO : Server built:	2020-06-04 22:20:22
    06/09/2020 11:42:15 com.jayyin.jaytomcat.catalina.Server logJVM
INFO : Server number:	1.0.1
    06/09/2020 11:42:15 com.jayyin.jaytomcat.catalina.Server logJVM
INFO : OS Name:	Windows 10
    06/09/2020 11:42:15 com.jayyin.jaytomcat.catalina.Server logJVM
INFO : OS Version:	10.0
    06/09/2020 11:42:15 com.jayyin.jaytomcat.catalina.Server logJVM
INFO : Architecture:	amd64
    06/09/2020 11:42:15 com.jayyin.jaytomcat.catalina.Server logJVM
INFO : Java Home:	E:\Program Files\jdk8-191\jre
    06/09/2020 11:42:15 com.jayyin.jaytomcat.catalina.Server logJVM
INFO : JVM Version:	1.8.0_191-b12
    06/09/2020 11:42:15 com.jayyin.jaytomcat.catalina.Server logJVM
INFO : JVM Vendor:	Oracle Corporation
    06/09/2020 11:42:15 com.jayyin.jaytomcat.catalina.Server logJVM
INFO : Initializing ProtocolHandler [http-bio-18080]
    06/09/2020 11:42:15 com.jayyin.jaytomcat.catalina.Connector init
INFO : Initializing ProtocolHandler [http-bio-18081]
    06/09/2020 11:42:15 com.jayyin.jaytomcat.catalina.Connector init
INFO : Initializing ProtocolHandler [http-bio-18082]
    06/09/2020 11:42:15 com.jayyin.jaytomcat.catalina.Connector init
INFO : Initialization processed in 0ms
    06/09/2020 11:42:15 com.jayyin.jaytomcat.catalina.Service init
INFO : Starting ProtocolHandler [http-bio-18080]
    06/09/2020 11:42:15 com.jayyin.jaytomcat.catalina.Connector start
INFO : Starting ProtocolHandler [http-bio-18081]
    06/09/2020 11:42:15 com.jayyin.jaytomcat.catalina.Connector start
INFO : Starting ProtocolHandler [http-bio-18082]
    06/09/2020 11:42:15 com.jayyin.jaytomcat.catalina.Connector start
INFO : Server startup in 16ms
    06/09/2020 11:42:15 com.jayyin.jaytomcat.catalina.Server start
ERROR: this is a deliberately created exception
    06/09/2020 11:49:55 com.jayyin.jaytomcat.catalina.Connector$1 error
java.lang.Exception: this is a deliberately created exception
	at com.jayyin.jaytomcat.catalina.Connector$1.run(Connector.java:69)
	at java.util.concurrent.ThreadPoolExecutor.runWorker(ThreadPoolExecutor.java:1149)
	at java.util.concurrent.ThreadPoolExecutor$Worker.run(ThreadPoolExecutor.java:624)
	at java.lang.Thread.run(Thread.java:748)
INFO : Deploying web application directory F:/Project/jaytomcat/app2
    06/09/2020 12:15:35 com.jayyin.jaytomcat.catalina.Context <init>
INFO : Deployment of web application directory F:/Project/jaytomcat/app2 has finished in 172 ms
    06/09/2020 12:15:35 com.jayyin.jaytomcat.catalina.Context <init>
INFO : Deploying web application directory F:\Project\jaytomcat\webapps\app1
    06/09/2020 12:15:35 com.jayyin.jaytomcat.catalina.Context <init>
INFO : Deployment of web application directory F:\Project\jaytomcat\webapps\app1 has finished in 0 ms
    06/09/2020 12:15:35 com.jayyin.jaytomcat.catalina.Context <init>
INFO : Deploying web application directory F:\Project\jaytomcat\webapps\ROOT
    06/09/2020 12:15:35 com.jayyin.jaytomcat.catalina.Context <init>
INFO : Deployment of web application directory F:\Project\jaytomcat\webapps\ROOT has finished in 1 ms
    06/09/2020 12:15:35 com.jayyin.jaytomcat.catalina.Context <init>
INFO : Deploying web application directory F:/Project/jaytomcat/app2
    06/09/2020 12:15:35 com.jayyin.jaytomcat.catalina.Context <init>
INFO : Deployment of web application directory F:/Project/jaytomcat/app2 has finished in 0 ms
    06/09/2020 12:15:35 com.jayyin.jaytomcat.catalina.Context <init>
INFO : Deploying web application directory F:\Project\jaytomcat\webapps\app1
    06/09/2020 12:15:35 com.jayyin.jaytomcat.catalina.Context <init>
INFO : Deployment of web application directory F:\Project\jaytomcat\webapps\app1 has finished in 0 ms
    06/09/2020 12:15:35 com.jayyin.jaytomcat.catalina.Context <init>
INFO : Deploying web application directory F:\Project\jaytomcat\webapps\ROOT
    06/09/2020 12:15:35 com.jayyin.jaytomcat.catalina.Context <init>
INFO : Deployment of web application directory F:\Project\jaytomcat\webapps\ROOT has finished in 0 ms
    06/09/2020 12:15:35 com.jayyin.jaytomcat.catalina.Context <init>
INFO : Server version:	JayTomcat/1.0.1
    06/09/2020 12:15:35 com.jayyin.jaytomcat.catalina.Server logJVM
INFO : Server built:	2020-06-04 22:20:22
    06/09/2020 12:15:35 com.jayyin.jaytomcat.catalina.Server logJVM
INFO : Server number:	1.0.1
    06/09/2020 12:15:35 com.jayyin.jaytomcat.catalina.Server logJVM
INFO : OS Name:	Windows 10
    06/09/2020 12:15:35 com.jayyin.jaytomcat.catalina.Server logJVM
INFO : OS Version:	10.0
    06/09/2020 12:15:35 com.jayyin.jaytomcat.catalina.Server logJVM
INFO : Architecture:	amd64
    06/09/2020 12:15:35 com.jayyin.jaytomcat.catalina.Server logJVM
INFO : Java Home:	E:\Program Files\jdk8-191\jre
    06/09/2020 12:15:35 com.jayyin.jaytomcat.catalina.Server logJVM
INFO : JVM Version:	1.8.0_191-b12
    06/09/2020 12:15:35 com.jayyin.jaytomcat.catalina.Server logJVM
INFO : JVM Vendor:	Oracle Corporation
    06/09/2020 12:15:35 com.jayyin.jaytomcat.catalina.Server logJVM
INFO : Initializing ProtocolHandler [http-bio-18080]
    06/09/2020 12:15:35 com.jayyin.jaytomcat.catalina.Connector init
INFO : Initializing ProtocolHandler [http-bio-18081]
    06/09/2020 12:15:35 com.jayyin.jaytomcat.catalina.Connector init
INFO : Initializing ProtocolHandler [http-bio-18082]
    06/09/2020 12:15:35 com.jayyin.jaytomcat.catalina.Connector init
INFO : Initialization processed in 0ms
    06/09/2020 12:15:35 com.jayyin.jaytomcat.catalina.Service init
INFO : Starting ProtocolHandler [http-bio-18080]
    06/09/2020 12:15:35 com.jayyin.jaytomcat.catalina.Connector start
INFO : Starting ProtocolHandler [http-bio-18081]
    06/09/2020 12:15:35 com.jayyin.jaytomcat.catalina.Connector start
INFO : Starting ProtocolHandler [http-bio-18082]
    06/09/2020 12:15:35 com.jayyin.jaytomcat.catalina.Connector start
INFO : Server startup in 15ms
    06/09/2020 12:15:35 com.jayyin.jaytomcat.catalina.Server start
ERROR: this is a deliberately created exception
    06/09/2020 12:15:41 com.jayyin.jaytomcat.http.HttpProcessor error
java.lang.Exception: this is a deliberately created exception
	at com.jayyin.jaytomcat.http.HttpProcessor.execute(HttpProcessor.java:35)
	at com.jayyin.jaytomcat.catalina.Connector$1.run(Connector.java:64)
	at java.util.concurrent.ThreadPoolExecutor.runWorker(ThreadPoolExecutor.java:1149)
	at java.util.concurrent.ThreadPoolExecutor$Worker.run(ThreadPoolExecutor.java:624)
	at java.lang.Thread.run(Thread.java:748)
INFO : Deploying web application directory F:/Project/jaytomcat/app2
    06/09/2020 14:51:09 com.jayyin.jaytomcat.catalina.Context <init>
INFO : Deployment of web application directory F:/Project/jaytomcat/app2 has finished in 174 ms
    06/09/2020 14:51:09 com.jayyin.jaytomcat.catalina.Context <init>
INFO : Deploying web application directory F:\Project\jaytomcat\webapps\app1
    06/09/2020 14:51:09 com.jayyin.jaytomcat.catalina.Context <init>
INFO : Deployment of web application directory F:\Project\jaytomcat\webapps\app1 has finished in 15 ms
    06/09/2020 14:51:09 com.jayyin.jaytomcat.catalina.Context <init>
INFO : Deploying web application directory F:\Project\jaytomcat\webapps\ROOT
    06/09/2020 14:51:09 com.jayyin.jaytomcat.catalina.Context <init>
INFO : Deployment of web application directory F:\Project\jaytomcat\webapps\ROOT has finished in 0 ms
    06/09/2020 14:51:09 com.jayyin.jaytomcat.catalina.Context <init>
INFO : Deploying web application directory F:/Project/jaytomcat/app2
    06/09/2020 14:51:09 com.jayyin.jaytomcat.catalina.Context <init>
INFO : Deployment of web application directory F:/Project/jaytomcat/app2 has finished in 0 ms
    06/09/2020 14:51:09 com.jayyin.jaytomcat.catalina.Context <init>
INFO : Deploying web application directory F:\Project\jaytomcat\webapps\app1
    06/09/2020 14:51:09 com.jayyin.jaytomcat.catalina.Context <init>
INFO : Deployment of web application directory F:\Project\jaytomcat\webapps\app1 has finished in 0 ms
    06/09/2020 14:51:09 com.jayyin.jaytomcat.catalina.Context <init>
INFO : Deploying web application directory F:\Project\jaytomcat\webapps\ROOT
    06/09/2020 14:51:09 com.jayyin.jaytomcat.catalina.Context <init>
INFO : Deployment of web application directory F:\Project\jaytomcat\webapps\ROOT has finished in 0 ms
    06/09/2020 14:51:09 com.jayyin.jaytomcat.catalina.Context <init>
INFO : Server version:	JayTomcat/1.0.1
    06/09/2020 14:51:09 com.jayyin.jaytomcat.catalina.Server logJVM
INFO : Server built:	2020-06-04 22:20:22
    06/09/2020 14:51:09 com.jayyin.jaytomcat.catalina.Server logJVM
INFO : Server number:	1.0.1
    06/09/2020 14:51:09 com.jayyin.jaytomcat.catalina.Server logJVM
INFO : OS Name:	Windows 10
    06/09/2020 14:51:09 com.jayyin.jaytomcat.catalina.Server logJVM
INFO : OS Version:	10.0
    06/09/2020 14:51:09 com.jayyin.jaytomcat.catalina.Server logJVM
INFO : Architecture:	amd64
    06/09/2020 14:51:09 com.jayyin.jaytomcat.catalina.Server logJVM
INFO : Java Home:	E:\Program Files\jdk8-191\jre
    06/09/2020 14:51:09 com.jayyin.jaytomcat.catalina.Server logJVM
INFO : JVM Version:	1.8.0_191-b12
    06/09/2020 14:51:09 com.jayyin.jaytomcat.catalina.Server logJVM
INFO : JVM Vendor:	Oracle Corporation
    06/09/2020 14:51:09 com.jayyin.jaytomcat.catalina.Server logJVM
INFO : Initializing ProtocolHandler [http-bio-18080]
    06/09/2020 14:51:09 com.jayyin.jaytomcat.catalina.Connector init
INFO : Initializing ProtocolHandler [http-bio-18081]
    06/09/2020 14:51:09 com.jayyin.jaytomcat.catalina.Connector init
INFO : Initializing ProtocolHandler [http-bio-18082]
    06/09/2020 14:51:09 com.jayyin.jaytomcat.catalina.Connector init
INFO : Initialization processed in 15ms
    06/09/2020 14:51:09 com.jayyin.jaytomcat.catalina.Service init
INFO : Starting ProtocolHandler [http-bio-18080]
    06/09/2020 14:51:09 com.jayyin.jaytomcat.catalina.Connector start
INFO : Starting ProtocolHandler [http-bio-18081]
    06/09/2020 14:51:09 com.jayyin.jaytomcat.catalina.Connector start
INFO : Starting ProtocolHandler [http-bio-18082]
    06/09/2020 14:51:09 com.jayyin.jaytomcat.catalina.Connector start
INFO : Server startup in 15ms
    06/09/2020 14:51:09 com.jayyin.jaytomcat.catalina.Server start
ERROR: this is a deliberately created exception
    06/09/2020 14:51:28 com.jayyin.jaytomcat.http.HttpProcessor error
java.lang.Exception: this is a deliberately created exception
	at com.jayyin.jaytomcat.http.HttpProcessor.execute(HttpProcessor.java:39)
	at com.jayyin.jaytomcat.catalina.Connector$1.run(Connector.java:64)
	at java.util.concurrent.ThreadPoolExecutor.runWorker(ThreadPoolExecutor.java:1149)
	at java.util.concurrent.ThreadPoolExecutor$Worker.run(ThreadPoolExecutor.java:624)
	at java.lang.Thread.run(Thread.java:748)
INFO : Deploying web application directory F:/Project/jaytomcat/app2
    06/09/2020 14:53:37 com.jayyin.jaytomcat.catalina.Context <init>
INFO : Deployment of web application directory F:/Project/jaytomcat/app2 has finished in 188 ms
    06/09/2020 14:53:37 com.jayyin.jaytomcat.catalina.Context <init>
INFO : Deploying web application directory F:\Project\jaytomcat\webapps\app1
    06/09/2020 14:53:37 com.jayyin.jaytomcat.catalina.Context <init>
INFO : Deployment of web application directory F:\Project\jaytomcat\webapps\app1 has finished in 0 ms
    06/09/2020 14:53:37 com.jayyin.jaytomcat.catalina.Context <init>
INFO : Deploying web application directory F:\Project\jaytomcat\webapps\ROOT
    06/09/2020 14:53:37 com.jayyin.jaytomcat.catalina.Context <init>
INFO : Deployment of web application directory F:\Project\jaytomcat\webapps\ROOT has finished in 0 ms
    06/09/2020 14:53:37 com.jayyin.jaytomcat.catalina.Context <init>
INFO : Deploying web application directory F:/Project/jaytomcat/app2
    06/09/2020 14:53:37 com.jayyin.jaytomcat.catalina.Context <init>
INFO : Deployment of web application directory F:/Project/jaytomcat/app2 has finished in 0 ms
    06/09/2020 14:53:37 com.jayyin.jaytomcat.catalina.Context <init>
INFO : Deploying web application directory F:\Project\jaytomcat\webapps\app1
    06/09/2020 14:53:37 com.jayyin.jaytomcat.catalina.Context <init>
INFO : Deployment of web application directory F:\Project\jaytomcat\webapps\app1 has finished in 0 ms
    06/09/2020 14:53:37 com.jayyin.jaytomcat.catalina.Context <init>
INFO : Deploying web application directory F:\Project\jaytomcat\webapps\ROOT
    06/09/2020 14:53:37 com.jayyin.jaytomcat.catalina.Context <init>
INFO : Deployment of web application directory F:\Project\jaytomcat\webapps\ROOT has finished in 0 ms
    06/09/2020 14:53:37 com.jayyin.jaytomcat.catalina.Context <init>
INFO : Server version:	JayTomcat/1.0.1
    06/09/2020 14:53:37 com.jayyin.jaytomcat.catalina.Server logJVM
INFO : Server built:	2020-06-04 22:20:22
    06/09/2020 14:53:37 com.jayyin.jaytomcat.catalina.Server logJVM
INFO : Server number:	1.0.1
    06/09/2020 14:53:37 com.jayyin.jaytomcat.catalina.Server logJVM
INFO : OS Name:	Windows 10
    06/09/2020 14:53:37 com.jayyin.jaytomcat.catalina.Server logJVM
INFO : OS Version:	10.0
    06/09/2020 14:53:37 com.jayyin.jaytomcat.catalina.Server logJVM
INFO : Architecture:	amd64
    06/09/2020 14:53:37 com.jayyin.jaytomcat.catalina.Server logJVM
INFO : Java Home:	E:\Program Files\jdk8-191\jre
    06/09/2020 14:53:37 com.jayyin.jaytomcat.catalina.Server logJVM
INFO : JVM Version:	1.8.0_191-b12
    06/09/2020 14:53:37 com.jayyin.jaytomcat.catalina.Server logJVM
INFO : JVM Vendor:	Oracle Corporation
    06/09/2020 14:53:37 com.jayyin.jaytomcat.catalina.Server logJVM
INFO : Initializing ProtocolHandler [http-bio-18080]
    06/09/2020 14:53:37 com.jayyin.jaytomcat.catalina.Connector init
INFO : Initializing ProtocolHandler [http-bio-18081]
    06/09/2020 14:53:37 com.jayyin.jaytomcat.catalina.Connector init
INFO : Initializing ProtocolHandler [http-bio-18082]
    06/09/2020 14:53:37 com.jayyin.jaytomcat.catalina.Connector init
INFO : Initialization processed in 0ms
    06/09/2020 14:53:37 com.jayyin.jaytomcat.catalina.Service init
INFO : Starting ProtocolHandler [http-bio-18080]
    06/09/2020 14:53:37 com.jayyin.jaytomcat.catalina.Connector start
INFO : Starting ProtocolHandler [http-bio-18081]
    06/09/2020 14:53:37 com.jayyin.jaytomcat.catalina.Connector start
INFO : Starting ProtocolHandler [http-bio-18082]
    06/09/2020 14:53:37 com.jayyin.jaytomcat.catalina.Connector start
INFO : Server startup in 16ms
    06/09/2020 14:53:37 com.jayyin.jaytomcat.catalina.Server start
ERROR: this is a deliberately created exception
    06/09/2020 14:53:42 com.jayyin.jaytomcat.http.HttpProcessor error
java.lang.Exception: this is a deliberately created exception
	at com.jayyin.jaytomcat.http.HttpProcessor.execute(HttpProcessor.java:39)
	at com.jayyin.jaytomcat.catalina.Connector$1.run(Connector.java:64)
	at java.util.concurrent.ThreadPoolExecutor.runWorker(ThreadPoolExecutor.java:1149)
	at java.util.concurrent.ThreadPoolExecutor$Worker.run(ThreadPoolExecutor.java:624)
	at java.lang.Thread.run(Thread.java:748)
INFO : Deploying web application directory F:/Project/jaytomcat/app2
    06/09/2020 15:00:04 com.jayyin.jaytomcat.catalina.Context <init>
INFO : Deployment of web application directory F:/Project/jaytomcat/app2 has finished in 250 ms
    06/09/2020 15:00:04 com.jayyin.jaytomcat.catalina.Context <init>
INFO : Deploying web application directory F:\Project\jaytomcat\webapps\app1
    06/09/2020 15:00:04 com.jayyin.jaytomcat.catalina.Context <init>
INFO : Deployment of web application directory F:\Project\jaytomcat\webapps\app1 has finished in 0 ms
    06/09/2020 15:00:04 com.jayyin.jaytomcat.catalina.Context <init>
INFO : Deploying web application directory F:\Project\jaytomcat\webapps\ROOT
    06/09/2020 15:00:04 com.jayyin.jaytomcat.catalina.Context <init>
INFO : Deployment of web application directory F:\Project\jaytomcat\webapps\ROOT has finished in 0 ms
    06/09/2020 15:00:04 com.jayyin.jaytomcat.catalina.Context <init>
INFO : Deploying web application directory F:/Project/jaytomcat/app2
    06/09/2020 15:00:04 com.jayyin.jaytomcat.catalina.Context <init>
INFO : Deployment of web application directory F:/Project/jaytomcat/app2 has finished in 0 ms
    06/09/2020 15:00:04 com.jayyin.jaytomcat.catalina.Context <init>
INFO : Deploying web application directory F:\Project\jaytomcat\webapps\app1
    06/09/2020 15:00:04 com.jayyin.jaytomcat.catalina.Context <init>
INFO : Deployment of web application directory F:\Project\jaytomcat\webapps\app1 has finished in 0 ms
    06/09/2020 15:00:04 com.jayyin.jaytomcat.catalina.Context <init>
INFO : Deploying web application directory F:\Project\jaytomcat\webapps\ROOT
    06/09/2020 15:00:04 com.jayyin.jaytomcat.catalina.Context <init>
INFO : Deployment of web application directory F:\Project\jaytomcat\webapps\ROOT has finished in 16 ms
    06/09/2020 15:00:04 com.jayyin.jaytomcat.catalina.Context <init>
INFO : Server version:	JayTomcat/1.0.1
    06/09/2020 15:00:04 com.jayyin.jaytomcat.catalina.Server logJVM
INFO : Server built:	2020-06-04 22:20:22
    06/09/2020 15:00:04 com.jayyin.jaytomcat.catalina.Server logJVM
INFO : Server number:	1.0.1
    06/09/2020 15:00:04 com.jayyin.jaytomcat.catalina.Server logJVM
INFO : OS Name:	Windows 10
    06/09/2020 15:00:04 com.jayyin.jaytomcat.catalina.Server logJVM
INFO : OS Version:	10.0
    06/09/2020 15:00:05 com.jayyin.jaytomcat.catalina.Server logJVM
INFO : Architecture:	amd64
    06/09/2020 15:00:05 com.jayyin.jaytomcat.catalina.Server logJVM
INFO : Java Home:	E:\Program Files\jdk8-191\jre
    06/09/2020 15:00:05 com.jayyin.jaytomcat.catalina.Server logJVM
INFO : JVM Version:	1.8.0_191-b12
    06/09/2020 15:00:05 com.jayyin.jaytomcat.catalina.Server logJVM
INFO : JVM Vendor:	Oracle Corporation
    06/09/2020 15:00:05 com.jayyin.jaytomcat.catalina.Server logJVM
INFO : Initializing ProtocolHandler [http-bio-18080]
    06/09/2020 15:00:05 com.jayyin.jaytomcat.catalina.Connector init
INFO : Initializing ProtocolHandler [http-bio-18081]
    06/09/2020 15:00:05 com.jayyin.jaytomcat.catalina.Connector init
INFO : Initializing ProtocolHandler [http-bio-18082]
    06/09/2020 15:00:05 com.jayyin.jaytomcat.catalina.Connector init
INFO : Initialization processed in 0ms
    06/09/2020 15:00:05 com.jayyin.jaytomcat.catalina.Service init
INFO : Starting ProtocolHandler [http-bio-18080]
    06/09/2020 15:00:05 com.jayyin.jaytomcat.catalina.Connector start
INFO : Starting ProtocolHandler [http-bio-18081]
    06/09/2020 15:00:05 com.jayyin.jaytomcat.catalina.Connector start
INFO : Starting ProtocolHandler [http-bio-18082]
    06/09/2020 15:00:05 com.jayyin.jaytomcat.catalina.Connector start
INFO : Server startup in 16ms
    06/09/2020 15:00:05 com.jayyin.jaytomcat.catalina.Server start
ERROR: this is a deliberately created exception
    06/09/2020 15:02:15 com.jayyin.jaytomcat.http.HttpProcessor error
java.lang.Exception: this is a deliberately created exception
	at com.jayyin.jaytomcat.http.HttpProcessor.execute(HttpProcessor.java:39)
	at com.jayyin.jaytomcat.catalina.Connector$1.run(Connector.java:64)
	at java.util.concurrent.ThreadPoolExecutor.runWorker(ThreadPoolExecutor.java:1149)
	at java.util.concurrent.ThreadPoolExecutor$Worker.run(ThreadPoolExecutor.java:624)
	at java.lang.Thread.run(Thread.java:748)
INFO : Deploying web application directory F:/Project/jaytomcat/app2
    06/09/2020 23:11:11 com.jayyin.jaytomcat.catalina.Context deploy
INFO : Deployment of web application directory F:/Project/jaytomcat/app2 has finished in 149ms
    06/09/2020 23:11:11 com.jayyin.jaytomcat.catalina.Context deploy
INFO : Deploying web application directory F:\Project\jaytomcat\webapps\app1
    06/09/2020 23:11:11 com.jayyin.jaytomcat.catalina.Context deploy
INFO : Deployment of web application directory F:\Project\jaytomcat\webapps\app1 has finished in 16ms
    06/09/2020 23:11:11 com.jayyin.jaytomcat.catalina.Context deploy
INFO : Deploying web application directory F:\Project\jaytomcat\webapps\ROOT
    06/09/2020 23:11:11 com.jayyin.jaytomcat.catalina.Context deploy
INFO : Deployment of web application directory F:\Project\jaytomcat\webapps\ROOT has finished in 0ms
    06/09/2020 23:11:11 com.jayyin.jaytomcat.catalina.Context deploy
INFO : Deploying web application directory F:/Project/jaytomcat/app2
    06/09/2020 23:11:11 com.jayyin.jaytomcat.catalina.Context deploy
INFO : Deployment of web application directory F:/Project/jaytomcat/app2 has finished in 0ms
    06/09/2020 23:11:11 com.jayyin.jaytomcat.catalina.Context deploy
INFO : Deploying web application directory F:\Project\jaytomcat\webapps\app1
    06/09/2020 23:11:11 com.jayyin.jaytomcat.catalina.Context deploy
INFO : Deployment of web application directory F:\Project\jaytomcat\webapps\app1 has finished in 0ms
    06/09/2020 23:11:11 com.jayyin.jaytomcat.catalina.Context deploy
INFO : Deploying web application directory F:\Project\jaytomcat\webapps\ROOT
    06/09/2020 23:11:11 com.jayyin.jaytomcat.catalina.Context deploy
INFO : Deployment of web application directory F:\Project\jaytomcat\webapps\ROOT has finished in 0ms
    06/09/2020 23:11:11 com.jayyin.jaytomcat.catalina.Context deploy
INFO : Server version:	JayTomcat/1.0.1
    06/09/2020 23:11:12 com.jayyin.jaytomcat.catalina.Server logJVM
INFO : Server built:	2020-06-04 22:20:22
    06/09/2020 23:11:12 com.jayyin.jaytomcat.catalina.Server logJVM
INFO : Server number:	1.0.1
    06/09/2020 23:11:12 com.jayyin.jaytomcat.catalina.Server logJVM
INFO : OS Name:	Windows 10
    06/09/2020 23:11:12 com.jayyin.jaytomcat.catalina.Server logJVM
INFO : OS Version:	10.0
    06/09/2020 23:11:12 com.jayyin.jaytomcat.catalina.Server logJVM
INFO : Architecture:	amd64
    06/09/2020 23:11:12 com.jayyin.jaytomcat.catalina.Server logJVM
INFO : Java Home:	E:\Program Files\jdk8-191\jre
    06/09/2020 23:11:12 com.jayyin.jaytomcat.catalina.Server logJVM
INFO : JVM Version:	1.8.0_191-b12
    06/09/2020 23:11:12 com.jayyin.jaytomcat.catalina.Server logJVM
INFO : JVM Vendor:	Oracle Corporation
    06/09/2020 23:11:12 com.jayyin.jaytomcat.catalina.Server logJVM
INFO : Initializing ProtocolHandler [http-bio-18080]
    06/09/2020 23:11:12 com.jayyin.jaytomcat.catalina.Connector init
INFO : Initializing ProtocolHandler [http-bio-18081]
    06/09/2020 23:11:12 com.jayyin.jaytomcat.catalina.Connector init
INFO : Initializing ProtocolHandler [http-bio-18082]
    06/09/2020 23:11:12 com.jayyin.jaytomcat.catalina.Connector init
INFO : Initialization processed in 0ms
    06/09/2020 23:11:12 com.jayyin.jaytomcat.catalina.Service init
INFO : Starting ProtocolHandler [http-bio-18080]
    06/09/2020 23:11:12 com.jayyin.jaytomcat.catalina.Connector start
INFO : Starting ProtocolHandler [http-bio-18081]
    06/09/2020 23:11:12 com.jayyin.jaytomcat.catalina.Connector start
INFO : Starting ProtocolHandler [http-bio-18082]
    06/09/2020 23:11:12 com.jayyin.jaytomcat.catalina.Connector start
INFO : Server startup in 0ms
    06/09/2020 23:11:12 com.jayyin.jaytomcat.catalina.Server start
ERROR: 
    06/09/2020 23:11:22 com.jayyin.jaytomcat.http.HttpProcessor error
java.lang.NullPointerException
	at com.jayyin.jaytomcat.http.HttpProcessor.execute(HttpProcessor.java:34)
	at com.jayyin.jaytomcat.catalina.Connector$1.run(Connector.java:64)
	at java.util.concurrent.ThreadPoolExecutor.runWorker(ThreadPoolExecutor.java:1149)
	at java.util.concurrent.ThreadPoolExecutor$Worker.run(ThreadPoolExecutor.java:624)
	at java.lang.Thread.run(Thread.java:748)
ERROR: this is a deliberately created exception
    06/09/2020 23:11:23 com.jayyin.jaytomcat.http.HttpProcessor error
java.lang.Exception: this is a deliberately created exception
	at com.jayyin.jaytomcat.http.HttpProcessor.execute(HttpProcessor.java:45)
	at com.jayyin.jaytomcat.catalina.Connector$1.run(Connector.java:64)
	at java.util.concurrent.ThreadPoolExecutor.runWorker(ThreadPoolExecutor.java:1149)
	at java.util.concurrent.ThreadPoolExecutor$Worker.run(ThreadPoolExecutor.java:624)
	at java.lang.Thread.run(Thread.java:748)
