06 05, 2020 14:41:08 下午 com.jayyin.jaytomcat.Bootstrap logJVM
INFO : Server version:		JayTomcat/1.0.1
06 05, 2020 14:41:08 下午 com.jayyin.jaytomcat.Bootstrap logJVM
INFO : Server built:		2020-06-04 22:20:22
06 05, 2020 14:41:08 下午 com.jayyin.jaytomcat.Bootstrap logJVM
INFO : Server number:		1.0.1
06 05, 2020 14:41:08 下午 com.jayyin.jaytomcat.Bootstrap logJVM
INFO : OS Name	:		Windows 10
06 05, 2020 14:41:08 下午 com.jayyin.jaytomcat.Bootstrap logJVM
INFO : OS Version:		10.0
06 05, 2020 14:41:08 下午 com.jayyin.jaytomcat.Bootstrap logJVM
INFO : Architecture:		amd64
06 05, 2020 14:41:08 下午 com.jayyin.jaytomcat.Bootstrap logJVM
INFO : Java Home:		E:\Program Files\jdk8-191\jre
06 05, 2020 14:41:08 下午 com.jayyin.jaytomcat.Bootstrap logJVM
INFO : JVM Version:		1.8.0_191-b12
06 05, 2020 14:41:08 下午 com.jayyin.jaytomcat.Bootstrap logJVM
INFO : JVM Vendor:		Oracle Corporation
06 05, 2020 16:22:47 下午 com.jayyin.jaytomcat.Bootstrap logJVM
INFO : Server version:		JayTomcat/1.0.1
06 05, 2020 16:22:47 下午 com.jayyin.jaytomcat.Bootstrap logJVM
INFO : Server built:		2020-06-04 22:20:22
06 05, 2020 16:22:47 下午 com.jayyin.jaytomcat.Bootstrap logJVM
INFO : Server number:		1.0.1
06 05, 2020 16:22:47 下午 com.jayyin.jaytomcat.Bootstrap logJVM
INFO : OS Name	:		Windows 10
06 05, 2020 16:22:47 下午 com.jayyin.jaytomcat.Bootstrap logJVM
INFO : OS Version:		10.0
06 05, 2020 16:22:47 下午 com.jayyin.jaytomcat.Bootstrap logJVM
INFO : Architecture:		amd64
06 05, 2020 16:22:47 下午 com.jayyin.jaytomcat.Bootstrap logJVM
INFO : Java Home:		E:\Program Files\jdk8-191\jre
06 05, 2020 16:22:47 下午 com.jayyin.jaytomcat.Bootstrap logJVM
INFO : JVM Version:		1.8.0_191-b12
06 05, 2020 16:22:47 下午 com.jayyin.jaytomcat.Bootstrap logJVM
INFO : JVM Vendor:		Oracle Corporation
06 05, 2020 21:02:55 下午 com.jayyin.jaytomcat.Bootstrap logJVM
INFO : Server version:		JayTomcat/1.0.1
06 05, 2020 21:02:55 下午 com.jayyin.jaytomcat.Bootstrap logJVM
INFO : Server built:		2020-06-04 22:20:22
06 05, 2020 21:02:55 下午 com.jayyin.jaytomcat.Bootstrap logJVM
INFO : Server number:		1.0.1
06 05, 2020 21:02:55 下午 com.jayyin.jaytomcat.Bootstrap logJVM
INFO : OS Name	:		Windows 10
06 05, 2020 21:02:55 下午 com.jayyin.jaytomcat.Bootstrap logJVM
INFO : OS Version:		10.0
06 05, 2020 21:02:55 下午 com.jayyin.jaytomcat.Bootstrap logJVM
INFO : Architecture:		amd64
06 05, 2020 21:02:55 下午 com.jayyin.jaytomcat.Bootstrap logJVM
INFO : Java Home:		E:\Program Files\jdk8-191\jre
06 05, 2020 21:02:55 下午 com.jayyin.jaytomcat.Bootstrap logJVM
INFO : JVM Version:		1.8.0_191-b12
06 05, 2020 21:02:55 下午 com.jayyin.jaytomcat.Bootstrap logJVM
INFO : JVM Vendor:		Oracle Corporation
06 05, 2020 21:12:53 下午 com.jayyin.jaytomcat.Bootstrap logJVM
INFO : Server version:		JayTomcat/1.0.1
06 05, 2020 21:12:53 下午 com.jayyin.jaytomcat.Bootstrap logJVM
INFO : Server built:		2020-06-04 22:20:22
06 05, 2020 21:12:53 下午 com.jayyin.jaytomcat.Bootstrap logJVM
INFO : Server number:		1.0.1
06 05, 2020 21:12:53 下午 com.jayyin.jaytomcat.Bootstrap logJVM
INFO : OS Name	:		Windows 10
06 05, 2020 21:12:53 下午 com.jayyin.jaytomcat.Bootstrap logJVM
INFO : OS Version:		10.0
06 05, 2020 21:12:53 下午 com.jayyin.jaytomcat.Bootstrap logJVM
INFO : Architecture:		amd64
06 05, 2020 21:12:53 下午 com.jayyin.jaytomcat.Bootstrap logJVM
INFO : Java Home:		E:\Program Files\jdk8-191\jre
06 05, 2020 21:12:53 下午 com.jayyin.jaytomcat.Bootstrap logJVM
INFO : JVM Version:		1.8.0_191-b12
06 05, 2020 21:12:53 下午 com.jayyin.jaytomcat.Bootstrap logJVM
INFO : JVM Vendor:		Oracle Corporation
06 05, 2020 21:14:39 下午 com.jayyin.jaytomcat.Bootstrap logJVM
INFO : Server version:		JayTomcat/1.0.1
06 05, 2020 21:14:39 下午 com.jayyin.jaytomcat.Bootstrap logJVM
INFO : Server built:		2020-06-04 22:20:22
06 05, 2020 21:14:39 下午 com.jayyin.jaytomcat.Bootstrap logJVM
INFO : Server number:		1.0.1
06 05, 2020 21:14:39 下午 com.jayyin.jaytomcat.Bootstrap logJVM
INFO : OS Name	:		Windows 10
06 05, 2020 21:14:39 下午 com.jayyin.jaytomcat.Bootstrap logJVM
INFO : OS Version:		10.0
06 05, 2020 21:14:39 下午 com.jayyin.jaytomcat.Bootstrap logJVM
INFO : Architecture:		amd64
06 05, 2020 21:14:39 下午 com.jayyin.jaytomcat.Bootstrap logJVM
INFO : Java Home:		E:\Program Files\jdk8-191\jre
06 05, 2020 21:14:39 下午 com.jayyin.jaytomcat.Bootstrap logJVM
INFO : JVM Version:		1.8.0_191-b12
06 05, 2020 21:14:39 下午 com.jayyin.jaytomcat.Bootstrap logJVM
INFO : JVM Vendor:		Oracle Corporation
06 05, 2020 21:25:01 下午 com.jayyin.jaytomcat.Bootstrap logJVM
INFO : Server version:		JayTomcat/1.0.1
06 05, 2020 21:25:01 下午 com.jayyin.jaytomcat.Bootstrap logJVM
INFO : Server built:		2020-06-04 22:20:22
06 05, 2020 21:25:01 下午 com.jayyin.jaytomcat.Bootstrap logJVM
INFO : Server number:		1.0.1
06 05, 2020 21:25:01 下午 com.jayyin.jaytomcat.Bootstrap logJVM
INFO : OS Name	:		Windows 10
06 05, 2020 21:25:01 下午 com.jayyin.jaytomcat.Bootstrap logJVM
INFO : OS Version:		10.0
06 05, 2020 21:25:01 下午 com.jayyin.jaytomcat.Bootstrap logJVM
INFO : Architecture:		amd64
06 05, 2020 21:25:01 下午 com.jayyin.jaytomcat.Bootstrap logJVM
INFO : Java Home:		E:\Program Files\jdk8-191\jre
06 05, 2020 21:25:01 下午 com.jayyin.jaytomcat.Bootstrap logJVM
INFO : JVM Version:		1.8.0_191-b12
06 05, 2020 21:25:01 下午 com.jayyin.jaytomcat.Bootstrap logJVM
INFO : JVM Vendor:		Oracle Corporation
06 05, 2020 21:31:47 下午 com.jayyin.jaytomcat.Bootstrap logJVM
INFO : Server version:		JayTomcat/1.0.1
06 05, 2020 21:31:47 下午 com.jayyin.jaytomcat.Bootstrap logJVM
INFO : Server built:		2020-06-04 22:20:22
06 05, 2020 21:31:47 下午 com.jayyin.jaytomcat.Bootstrap logJVM
INFO : Server number:		1.0.1
06 05, 2020 21:31:47 下午 com.jayyin.jaytomcat.Bootstrap logJVM
INFO : OS Name	:		Windows 10
06 05, 2020 21:31:47 下午 com.jayyin.jaytomcat.Bootstrap logJVM
INFO : OS Version:		10.0
06 05, 2020 21:31:47 下午 com.jayyin.jaytomcat.Bootstrap logJVM
INFO : Architecture:		amd64
06 05, 2020 21:31:47 下午 com.jayyin.jaytomcat.Bootstrap logJVM
INFO : Java Home:		E:\Program Files\jdk8-191\jre
06 05, 2020 21:31:47 下午 com.jayyin.jaytomcat.Bootstrap logJVM
INFO : JVM Version:		1.8.0_191-b12
06 05, 2020 21:31:47 下午 com.jayyin.jaytomcat.Bootstrap logJVM
INFO : JVM Vendor:		Oracle Corporation
06 05, 2020 21:37:24 下午 com.jayyin.jaytomcat.Bootstrap logJVM
INFO : Server version:		JayTomcat/1.0.1
06 05, 2020 21:37:24 下午 com.jayyin.jaytomcat.Bootstrap logJVM
INFO : Server built:		2020-06-04 22:20:22
06 05, 2020 21:37:24 下午 com.jayyin.jaytomcat.Bootstrap logJVM
INFO : Server number:		1.0.1
06 05, 2020 21:37:24 下午 com.jayyin.jaytomcat.Bootstrap logJVM
INFO : OS Name	:		Windows 10
06 05, 2020 21:37:24 下午 com.jayyin.jaytomcat.Bootstrap logJVM
INFO : OS Version:		10.0
06 05, 2020 21:37:24 下午 com.jayyin.jaytomcat.Bootstrap logJVM
INFO : Architecture:		amd64
06 05, 2020 21:37:24 下午 com.jayyin.jaytomcat.Bootstrap logJVM
INFO : Java Home:		E:\Program Files\jdk8-191\jre
06 05, 2020 21:37:24 下午 com.jayyin.jaytomcat.Bootstrap logJVM
INFO : JVM Version:		1.8.0_191-b12
06 05, 2020 21:37:24 下午 com.jayyin.jaytomcat.Bootstrap logJVM
INFO : JVM Vendor:		Oracle Corporation
06 05, 2020 21:51:06 下午 com.jayyin.jaytomcat.Bootstrap logJVM
INFO : Server version:		JayTomcat/1.0.1
06 05, 2020 21:51:06 下午 com.jayyin.jaytomcat.Bootstrap logJVM
INFO : Server built:		2020-06-04 22:20:22
06 05, 2020 21:51:06 下午 com.jayyin.jaytomcat.Bootstrap logJVM
INFO : Server number:		1.0.1
06 05, 2020 21:51:06 下午 com.jayyin.jaytomcat.Bootstrap logJVM
INFO : OS Name	:		Windows 10
06 05, 2020 21:51:06 下午 com.jayyin.jaytomcat.Bootstrap logJVM
INFO : OS Version:		10.0
06 05, 2020 21:51:06 下午 com.jayyin.jaytomcat.Bootstrap logJVM
INFO : Architecture:		amd64
06 05, 2020 21:51:06 下午 com.jayyin.jaytomcat.Bootstrap logJVM
INFO : Java Home:		E:\Program Files\jdk8-191\jre
06 05, 2020 21:51:06 下午 com.jayyin.jaytomcat.Bootstrap logJVM
INFO : JVM Version:		1.8.0_191-b12
06 05, 2020 21:51:06 下午 com.jayyin.jaytomcat.Bootstrap logJVM
INFO : JVM Vendor:		Oracle Corporation
06 05, 2020 21:51:41 下午 com.jayyin.jaytomcat.Bootstrap logJVM
INFO : Server version:		JayTomcat/1.0.1
06 05, 2020 21:51:41 下午 com.jayyin.jaytomcat.Bootstrap logJVM
INFO : Server built:		2020-06-04 22:20:22
06 05, 2020 21:51:41 下午 com.jayyin.jaytomcat.Bootstrap logJVM
INFO : Server number:		1.0.1
06 05, 2020 21:51:41 下午 com.jayyin.jaytomcat.Bootstrap logJVM
INFO : OS Name	:		Windows 10
06 05, 2020 21:51:41 下午 com.jayyin.jaytomcat.Bootstrap logJVM
INFO : OS Version:		10.0
06 05, 2020 21:51:41 下午 com.jayyin.jaytomcat.Bootstrap logJVM
INFO : Architecture:		amd64
06 05, 2020 21:51:41 下午 com.jayyin.jaytomcat.Bootstrap logJVM
INFO : Java Home:		E:\Program Files\jdk8-191\jre
06 05, 2020 21:51:41 下午 com.jayyin.jaytomcat.Bootstrap logJVM
INFO : JVM Version:		1.8.0_191-b12
06 05, 2020 21:51:41 下午 com.jayyin.jaytomcat.Bootstrap logJVM
INFO : JVM Vendor:		Oracle Corporation
06 05, 2020 21:52:27 下午 com.jayyin.jaytomcat.Bootstrap logJVM
INFO : Server version:		JayTomcat/1.0.1
06 05, 2020 21:52:27 下午 com.jayyin.jaytomcat.Bootstrap logJVM
INFO : Server built:		2020-06-04 22:20:22
06 05, 2020 21:52:27 下午 com.jayyin.jaytomcat.Bootstrap logJVM
INFO : Server number:		1.0.1
06 05, 2020 21:52:27 下午 com.jayyin.jaytomcat.Bootstrap logJVM
INFO : OS Name	:		Windows 10
06 05, 2020 21:52:27 下午 com.jayyin.jaytomcat.Bootstrap logJVM
INFO : OS Version:		10.0
06 05, 2020 21:52:27 下午 com.jayyin.jaytomcat.Bootstrap logJVM
INFO : Architecture:		amd64
06 05, 2020 21:52:27 下午 com.jayyin.jaytomcat.Bootstrap logJVM
INFO : Java Home:		E:\Program Files\jdk8-191\jre
06 05, 2020 21:52:27 下午 com.jayyin.jaytomcat.Bootstrap logJVM
INFO : JVM Version:		1.8.0_191-b12
06 05, 2020 21:52:27 下午 com.jayyin.jaytomcat.Bootstrap logJVM
INFO : JVM Vendor:		Oracle Corporation
06 05, 2020 21:58:53 下午 com.jayyin.jaytomcat.Bootstrap logJVM
INFO : Server version:		JayTomcat/1.0.1
06 05, 2020 21:58:53 下午 com.jayyin.jaytomcat.Bootstrap logJVM
INFO : Server built:		2020-06-04 22:20:22
06 05, 2020 21:58:53 下午 com.jayyin.jaytomcat.Bootstrap logJVM
INFO : Server number:		1.0.1
06 05, 2020 21:58:53 下午 com.jayyin.jaytomcat.Bootstrap logJVM
INFO : OS Name	:		Windows 10
06 05, 2020 21:58:53 下午 com.jayyin.jaytomcat.Bootstrap logJVM
INFO : OS Version:		10.0
06 05, 2020 21:58:53 下午 com.jayyin.jaytomcat.Bootstrap logJVM
INFO : Architecture:		amd64
06 05, 2020 21:58:53 下午 com.jayyin.jaytomcat.Bootstrap logJVM
INFO : Java Home:		E:\Program Files\jdk8-191\jre
06 05, 2020 21:58:53 下午 com.jayyin.jaytomcat.Bootstrap logJVM
INFO : JVM Version:		1.8.0_191-b12
06 05, 2020 21:58:53 下午 com.jayyin.jaytomcat.Bootstrap logJVM
INFO : JVM Vendor:		Oracle Corporation
06 05, 2020 22:13:42 下午 com.jayyin.jaytomcat.Bootstrap logJVM
INFO : Server version:		JayTomcat/1.0.1
06 05, 2020 22:13:42 下午 com.jayyin.jaytomcat.Bootstrap logJVM
INFO : Server built:		2020-06-04 22:20:22
06 05, 2020 22:13:42 下午 com.jayyin.jaytomcat.Bootstrap logJVM
INFO : Server number:		1.0.1
06 05, 2020 22:13:42 下午 com.jayyin.jaytomcat.Bootstrap logJVM
INFO : OS Name	:		Windows 10
06 05, 2020 22:13:42 下午 com.jayyin.jaytomcat.Bootstrap logJVM
INFO : OS Version:		10.0
06 05, 2020 22:13:42 下午 com.jayyin.jaytomcat.Bootstrap logJVM
INFO : Architecture:		amd64
06 05, 2020 22:13:43 下午 com.jayyin.jaytomcat.Bootstrap logJVM
INFO : Java Home:		E:\Program Files\jdk8-191\jre
06 05, 2020 22:13:43 下午 com.jayyin.jaytomcat.Bootstrap logJVM
INFO : JVM Version:		1.8.0_191-b12
06 05, 2020 22:13:43 下午 com.jayyin.jaytomcat.Bootstrap logJVM
INFO : JVM Vendor:		Oracle Corporation
06 05, 2020 22:13:43 下午 com.jayyin.jaytomcat.catalina.Context <init>
INFO : Deploying web application directory F:\Project\jaytomcat\webapps\app1
06 05, 2020 22:13:43 下午 com.jayyin.jaytomcat.catalina.Context <init>
INFO : Deployment of web application directory F:\Project\jaytomcat\webapps\app1 has finished in 0 ms
06 05, 2020 22:13:43 下午 com.jayyin.jaytomcat.catalina.Context <init>
INFO : Deploying web application directory F:\Project\jaytomcat\webapps\ROOT
06 05, 2020 22:13:43 下午 com.jayyin.jaytomcat.catalina.Context <init>
INFO : Deployment of web application directory F:\Project\jaytomcat\webapps\ROOT has finished in 0 ms
06 05, 2020 22:23:22 下午 com.jayyin.jaytomcat.Bootstrap logJVM
INFO : Server version:		JayTomcat/1.0.1
06 05, 2020 22:23:22 下午 com.jayyin.jaytomcat.Bootstrap logJVM
INFO : Server built:		2020-06-04 22:20:22
06 05, 2020 22:23:22 下午 com.jayyin.jaytomcat.Bootstrap logJVM
INFO : Server number:		1.0.1
06 05, 2020 22:23:22 下午 com.jayyin.jaytomcat.Bootstrap logJVM
INFO : OS Name	:		Windows 10
06 05, 2020 22:23:22 下午 com.jayyin.jaytomcat.Bootstrap logJVM
INFO : OS Version:		10.0
06 05, 2020 22:23:22 下午 com.jayyin.jaytomcat.Bootstrap logJVM
INFO : Architecture:		amd64
06 05, 2020 22:23:22 下午 com.jayyin.jaytomcat.Bootstrap logJVM
INFO : Java Home:		E:\Program Files\jdk8-191\jre
06 05, 2020 22:23:22 下午 com.jayyin.jaytomcat.Bootstrap logJVM
INFO : JVM Version:		1.8.0_191-b12
06 05, 2020 22:23:22 下午 com.jayyin.jaytomcat.Bootstrap logJVM
INFO : JVM Vendor:		Oracle Corporation
06 05, 2020 22:23:22 下午 com.jayyin.jaytomcat.catalina.Context <init>
INFO : Deploying web application directory F:\Project\jaytomcat\webapps\app1
06 05, 2020 22:23:22 下午 com.jayyin.jaytomcat.catalina.Context <init>
INFO : Deployment of web application directory F:\Project\jaytomcat\webapps\app1 has finished in 0 ms
06 05, 2020 22:23:22 下午 com.jayyin.jaytomcat.catalina.Context <init>
INFO : Deploying web application directory F:\Project\jaytomcat\webapps\ROOT
06 05, 2020 22:23:22 下午 com.jayyin.jaytomcat.catalina.Context <init>
INFO : Deployment of web application directory F:\Project\jaytomcat\webapps\ROOT has finished in 0 ms
06 05, 2020 22:36:02 下午 com.jayyin.jaytomcat.Bootstrap logJVM
INFO : Server version:		JayTomcat/1.0.1
06 05, 2020 22:36:02 下午 com.jayyin.jaytomcat.Bootstrap logJVM
INFO : Server built:		2020-06-04 22:20:22
06 05, 2020 22:36:02 下午 com.jayyin.jaytomcat.Bootstrap logJVM
INFO : Server number:		1.0.1
06 05, 2020 22:36:02 下午 com.jayyin.jaytomcat.Bootstrap logJVM
INFO : OS Name	:		Windows 10
06 05, 2020 22:36:02 下午 com.jayyin.jaytomcat.Bootstrap logJVM
INFO : OS Version:		10.0
06 05, 2020 22:36:02 下午 com.jayyin.jaytomcat.Bootstrap logJVM
INFO : Architecture:		amd64
06 05, 2020 22:36:02 下午 com.jayyin.jaytomcat.Bootstrap logJVM
INFO : Java Home:		E:\Program Files\jdk8-191\jre
06 05, 2020 22:36:02 下午 com.jayyin.jaytomcat.Bootstrap logJVM
INFO : JVM Version:		1.8.0_191-b12
06 05, 2020 22:36:02 下午 com.jayyin.jaytomcat.Bootstrap logJVM
INFO : JVM Vendor:		Oracle Corporation
06 05, 2020 22:36:02 下午 com.jayyin.jaytomcat.catalina.Context <init>
INFO : Deploying web application directory F:\Project\jaytomcat\webapps\app1
06 05, 2020 22:36:02 下午 com.jayyin.jaytomcat.catalina.Context <init>
INFO : Deployment of web application directory F:\Project\jaytomcat\webapps\app1 has finished in 0 ms
06 05, 2020 22:36:02 下午 com.jayyin.jaytomcat.catalina.Context <init>
INFO : Deploying web application directory F:\Project\jaytomcat\webapps\ROOT
06 05, 2020 22:36:02 下午 com.jayyin.jaytomcat.catalina.Context <init>
INFO : Deployment of web application directory F:\Project\jaytomcat\webapps\ROOT has finished in 0 ms
