INFO : Deploying web application directory F:/Project/jaytomcat/app2
    06/14/2020 18:03:09 com.jayyin.jaytomcat.catalina.Context deploy
INFO : Deployment of web application directory F:/Project/jaytomcat/app2 has finished in 156ms
    06/14/2020 18:03:09 com.jayyin.jaytomcat.catalina.Context deploy
INFO : Deploying web application directory F:/Project/jaytomcat/webapps/javaweb
    06/14/2020 18:03:09 com.jayyin.jaytomcat.catalina.Context deploy
INFO : Deployment of web application directory F:/Project/jaytomcat/webapps/javaweb has finished in 47ms
    06/14/2020 18:03:09 com.jayyin.jaytomcat.catalina.Context deploy
INFO : Deploying web application directory F:\Project\jaytomcat\webapps\app1
    06/14/2020 18:03:09 com.jayyin.jaytomcat.catalina.Context deploy
INFO : Deployment of web application directory F:\Project\jaytomcat\webapps\app1 has finished in 15ms
    06/14/2020 18:03:09 com.jayyin.jaytomcat.catalina.Context deploy
INFO : Deploying web application directory F:\Project\jaytomcat\webapps\ROOT
    06/14/2020 18:03:09 com.jayyin.jaytomcat.catalina.Context deploy
INFO : Deployment of web application directory F:\Project\jaytomcat\webapps\ROOT has finished in 0ms
    06/14/2020 18:03:09 com.jayyin.jaytomcat.catalina.Context deploy
INFO : Deploying web application directory F:/Project/jaytomcat/app2
    06/14/2020 18:03:09 com.jayyin.jaytomcat.catalina.Context deploy
INFO : Deployment of web application directory F:/Project/jaytomcat/app2 has finished in 0ms
    06/14/2020 18:03:09 com.jayyin.jaytomcat.catalina.Context deploy
INFO : Deploying web application directory F:/Project/jaytomcat/webapps/javaweb
    06/14/2020 18:03:09 com.jayyin.jaytomcat.catalina.Context deploy
INFO : Deployment of web application directory F:/Project/jaytomcat/webapps/javaweb has finished in 0ms
    06/14/2020 18:03:09 com.jayyin.jaytomcat.catalina.Context deploy
INFO : Deploying web application directory F:\Project\jaytomcat\webapps\app1
    06/14/2020 18:03:09 com.jayyin.jaytomcat.catalina.Context deploy
INFO : Deployment of web application directory F:\Project\jaytomcat\webapps\app1 has finished in 16ms
    06/14/2020 18:03:09 com.jayyin.jaytomcat.catalina.Context deploy
INFO : Deploying web application directory F:\Project\jaytomcat\webapps\ROOT
    06/14/2020 18:03:09 com.jayyin.jaytomcat.catalina.Context deploy
INFO : Deployment of web application directory F:\Project\jaytomcat\webapps\ROOT has finished in 0ms
    06/14/2020 18:03:09 com.jayyin.jaytomcat.catalina.Context deploy
INFO : Server version:	JayTomcat/1.0.1
    06/14/2020 18:03:09 com.jayyin.jaytomcat.catalina.Server logJVM
INFO : Server built:	2020-06-04 22:20:22
    06/14/2020 18:03:09 com.jayyin.jaytomcat.catalina.Server logJVM
INFO : Server number:	1.0.1
    06/14/2020 18:03:09 com.jayyin.jaytomcat.catalina.Server logJVM
INFO : OS Name:	Windows 10
    06/14/2020 18:03:09 com.jayyin.jaytomcat.catalina.Server logJVM
INFO : OS Version:	10.0
    06/14/2020 18:03:09 com.jayyin.jaytomcat.catalina.Server logJVM
INFO : Architecture:	amd64
    06/14/2020 18:03:09 com.jayyin.jaytomcat.catalina.Server logJVM
INFO : Java Home:	E:\Program Files\jdk8-191\jre
    06/14/2020 18:03:09 com.jayyin.jaytomcat.catalina.Server logJVM
INFO : JVM Version:	1.8.0_191-b12
    06/14/2020 18:03:09 com.jayyin.jaytomcat.catalina.Server logJVM
INFO : JVM Vendor:	Oracle Corporation
    06/14/2020 18:03:09 com.jayyin.jaytomcat.catalina.Server logJVM
INFO : Initializing ProtocolHandler [http-bio-18080]
    06/14/2020 18:03:09 com.jayyin.jaytomcat.catalina.Connector init
INFO : Initializing ProtocolHandler [http-bio-18081]
    06/14/2020 18:03:09 com.jayyin.jaytomcat.catalina.Connector init
INFO : Initializing ProtocolHandler [http-bio-18082]
    06/14/2020 18:03:09 com.jayyin.jaytomcat.catalina.Connector init
INFO : Initialization processed in 0ms
    06/14/2020 18:03:09 com.jayyin.jaytomcat.catalina.Service init
INFO : Starting ProtocolHandler [http-bio-18080]
    06/14/2020 18:03:09 com.jayyin.jaytomcat.catalina.Connector start
INFO : Starting ProtocolHandler [http-bio-18081]
    06/14/2020 18:03:09 com.jayyin.jaytomcat.catalina.Connector start
INFO : Starting ProtocolHandler [http-bio-18082]
    06/14/2020 18:03:09 com.jayyin.jaytomcat.catalina.Connector start
INFO : Server startup in 15ms
    06/14/2020 18:03:09 com.jayyin.jaytomcat.catalina.Server start
ERROR: this is a deliberately created exception
    06/14/2020 18:03:17 com.jayyin.jaytomcat.catalina.HttpProcessor error
java.lang.RuntimeException: this is a deliberately created exception
	at com.jayyin.jaytomcat.servlets.DefaultServlet.service(DefaultServlet.java:39)
	at com.jayyin.jaytomcat.catalina.HttpProcessor.execute(HttpProcessor.java:47)
	at com.jayyin.jaytomcat.catalina.Connector$1.run(Connector.java:64)
	at java.util.concurrent.ThreadPoolExecutor.runWorker(ThreadPoolExecutor.java:1149)
	at java.util.concurrent.ThreadPoolExecutor$Worker.run(ThreadPoolExecutor.java:624)
	at java.lang.Thread.run(Thread.java:748)
INFO : Deploying web application directory F:/Project/jaytomcat/app2
    06/14/2020 23:14:32 com.jayyin.jaytomcat.catalina.Context deploy
INFO : Deployment of web application directory F:/Project/jaytomcat/app2 has finished in 165ms
    06/14/2020 23:14:32 com.jayyin.jaytomcat.catalina.Context deploy
INFO : Deploying web application directory F:/Project/jaytomcat/webapps/javaweb
    06/14/2020 23:14:32 com.jayyin.jaytomcat.catalina.Context deploy
INFO : Deployment of web application directory F:/Project/jaytomcat/webapps/javaweb has finished in 32ms
    06/14/2020 23:14:32 com.jayyin.jaytomcat.catalina.Context deploy
INFO : Deploying web application directory F:\Project\jaytomcat\webapps\app1
    06/14/2020 23:14:32 com.jayyin.jaytomcat.catalina.Context deploy
INFO : Deployment of web application directory F:\Project\jaytomcat\webapps\app1 has finished in 16ms
    06/14/2020 23:14:32 com.jayyin.jaytomcat.catalina.Context deploy
INFO : Deploying web application directory F:\Project\jaytomcat\webapps\ROOT
    06/14/2020 23:14:32 com.jayyin.jaytomcat.catalina.Context deploy
INFO : Deployment of web application directory F:\Project\jaytomcat\webapps\ROOT has finished in 0ms
    06/14/2020 23:14:32 com.jayyin.jaytomcat.catalina.Context deploy
INFO : Deploying web application directory F:/Project/jaytomcat/app2
    06/14/2020 23:14:32 com.jayyin.jaytomcat.catalina.Context deploy
INFO : Deployment of web application directory F:/Project/jaytomcat/app2 has finished in 0ms
    06/14/2020 23:14:32 com.jayyin.jaytomcat.catalina.Context deploy
INFO : Deploying web application directory F:/Project/jaytomcat/webapps/javaweb
    06/14/2020 23:14:32 com.jayyin.jaytomcat.catalina.Context deploy
INFO : Deployment of web application directory F:/Project/jaytomcat/webapps/javaweb has finished in 0ms
    06/14/2020 23:14:32 com.jayyin.jaytomcat.catalina.Context deploy
INFO : Deploying web application directory F:\Project\jaytomcat\webapps\app1
    06/14/2020 23:14:32 com.jayyin.jaytomcat.catalina.Context deploy
INFO : Deployment of web application directory F:\Project\jaytomcat\webapps\app1 has finished in 15ms
    06/14/2020 23:14:32 com.jayyin.jaytomcat.catalina.Context deploy
INFO : Deploying web application directory F:\Project\jaytomcat\webapps\ROOT
    06/14/2020 23:14:32 com.jayyin.jaytomcat.catalina.Context deploy
INFO : Deployment of web application directory F:\Project\jaytomcat\webapps\ROOT has finished in 0ms
    06/14/2020 23:14:32 com.jayyin.jaytomcat.catalina.Context deploy
INFO : Server version:	JayTomcat/1.0.1
    06/14/2020 23:14:32 com.jayyin.jaytomcat.catalina.Server logJVM
INFO : Server built:	2020-06-04 22:20:22
    06/14/2020 23:14:32 com.jayyin.jaytomcat.catalina.Server logJVM
INFO : Server number:	1.0.1
    06/14/2020 23:14:32 com.jayyin.jaytomcat.catalina.Server logJVM
INFO : OS Name:	Windows 10
    06/14/2020 23:14:32 com.jayyin.jaytomcat.catalina.Server logJVM
INFO : OS Version:	10.0
    06/14/2020 23:14:32 com.jayyin.jaytomcat.catalina.Server logJVM
INFO : Architecture:	amd64
    06/14/2020 23:14:32 com.jayyin.jaytomcat.catalina.Server logJVM
INFO : Java Home:	E:\Program Files\jdk8-191\jre
    06/14/2020 23:14:32 com.jayyin.jaytomcat.catalina.Server logJVM
INFO : JVM Version:	1.8.0_191-b12
    06/14/2020 23:14:32 com.jayyin.jaytomcat.catalina.Server logJVM
INFO : JVM Vendor:	Oracle Corporation
    06/14/2020 23:14:32 com.jayyin.jaytomcat.catalina.Server logJVM
INFO : Initializing ProtocolHandler [http-bio-18080]
    06/14/2020 23:14:32 com.jayyin.jaytomcat.catalina.Connector init
INFO : Initializing ProtocolHandler [http-bio-18081]
    06/14/2020 23:14:32 com.jayyin.jaytomcat.catalina.Connector init
INFO : Initializing ProtocolHandler [http-bio-18082]
    06/14/2020 23:14:32 com.jayyin.jaytomcat.catalina.Connector init
INFO : Initialization processed in 0ms
    06/14/2020 23:14:32 com.jayyin.jaytomcat.catalina.Service init
INFO : Starting ProtocolHandler [http-bio-18080]
    06/14/2020 23:14:32 com.jayyin.jaytomcat.catalina.Connector start
INFO : Starting ProtocolHandler [http-bio-18081]
    06/14/2020 23:14:32 com.jayyin.jaytomcat.catalina.Connector start
INFO : Starting ProtocolHandler [http-bio-18082]
    06/14/2020 23:14:32 com.jayyin.jaytomcat.catalina.Connector start
INFO : Server startup in 15ms
    06/14/2020 23:14:32 com.jayyin.jaytomcat.catalina.Server start
ERROR: this is a deliberately created exception
    06/14/2020 23:14:38 com.jayyin.jaytomcat.catalina.HttpProcessor error
java.lang.RuntimeException: this is a deliberately created exception
	at com.jayyin.jaytomcat.servlets.DefaultServlet.service(DefaultServlet.java:39)
	at com.jayyin.jaytomcat.catalina.HttpProcessor.execute(HttpProcessor.java:47)
	at com.jayyin.jaytomcat.catalina.Connector$1.run(Connector.java:64)
	at java.util.concurrent.ThreadPoolExecutor.runWorker(ThreadPoolExecutor.java:1149)
	at java.util.concurrent.ThreadPoolExecutor$Worker.run(ThreadPoolExecutor.java:624)
	at java.lang.Thread.run(Thread.java:748)
INFO : Deploying web application directory F:/Project/jaytomcat/app2
    06/14/2020 23:30:13 com.jayyin.jaytomcat.catalina.Context deploy
INFO : Deployment of web application directory F:/Project/jaytomcat/app2 has finished in 187ms
    06/14/2020 23:30:13 com.jayyin.jaytomcat.catalina.Context deploy
INFO : Deploying web application directory F:/Project/jaytomcat/webapps/javaweb
    06/14/2020 23:30:13 com.jayyin.jaytomcat.catalina.Context deploy
INFO : Deployment of web application directory F:/Project/jaytomcat/webapps/javaweb has finished in 23ms
    06/14/2020 23:30:13 com.jayyin.jaytomcat.catalina.Context deploy
INFO : Deploying web application directory F:\Project\jaytomcat\webapps\app1
    06/14/2020 23:30:13 com.jayyin.jaytomcat.catalina.Context deploy
INFO : Deployment of web application directory F:\Project\jaytomcat\webapps\app1 has finished in 15ms
    06/14/2020 23:30:13 com.jayyin.jaytomcat.catalina.Context deploy
INFO : Deploying web application directory F:\Project\jaytomcat\webapps\ROOT
    06/14/2020 23:30:13 com.jayyin.jaytomcat.catalina.Context deploy
INFO : Deployment of web application directory F:\Project\jaytomcat\webapps\ROOT has finished in 0ms
    06/14/2020 23:30:13 com.jayyin.jaytomcat.catalina.Context deploy
INFO : Deploying web application directory F:/Project/jaytomcat/app2
    06/14/2020 23:30:13 com.jayyin.jaytomcat.catalina.Context deploy
INFO : Deployment of web application directory F:/Project/jaytomcat/app2 has finished in 1ms
    06/14/2020 23:30:13 com.jayyin.jaytomcat.catalina.Context deploy
INFO : Deploying web application directory F:/Project/jaytomcat/webapps/javaweb
    06/14/2020 23:30:13 com.jayyin.jaytomcat.catalina.Context deploy
INFO : Deployment of web application directory F:/Project/jaytomcat/webapps/javaweb has finished in 4ms
    06/14/2020 23:30:13 com.jayyin.jaytomcat.catalina.Context deploy
INFO : Deploying web application directory F:\Project\jaytomcat\webapps\app1
    06/14/2020 23:30:14 com.jayyin.jaytomcat.catalina.Context deploy
INFO : Deployment of web application directory F:\Project\jaytomcat\webapps\app1 has finished in 5ms
    06/14/2020 23:30:14 com.jayyin.jaytomcat.catalina.Context deploy
INFO : Deploying web application directory F:\Project\jaytomcat\webapps\ROOT
    06/14/2020 23:30:14 com.jayyin.jaytomcat.catalina.Context deploy
INFO : Deployment of web application directory F:\Project\jaytomcat\webapps\ROOT has finished in 0ms
    06/14/2020 23:30:14 com.jayyin.jaytomcat.catalina.Context deploy
INFO : Server version:	JayTomcat/1.0.1
    06/14/2020 23:30:14 com.jayyin.jaytomcat.catalina.Server logJVM
INFO : Server built:	2020-06-04 22:20:22
    06/14/2020 23:30:14 com.jayyin.jaytomcat.catalina.Server logJVM
INFO : Server number:	1.0.1
    06/14/2020 23:30:14 com.jayyin.jaytomcat.catalina.Server logJVM
INFO : OS Name:	Windows 10
    06/14/2020 23:30:14 com.jayyin.jaytomcat.catalina.Server logJVM
INFO : OS Version:	10.0
    06/14/2020 23:30:14 com.jayyin.jaytomcat.catalina.Server logJVM
INFO : Architecture:	amd64
    06/14/2020 23:30:14 com.jayyin.jaytomcat.catalina.Server logJVM
INFO : Java Home:	E:\Program Files\jdk8-191\jre
    06/14/2020 23:30:14 com.jayyin.jaytomcat.catalina.Server logJVM
INFO : JVM Version:	1.8.0_191-b12
    06/14/2020 23:30:14 com.jayyin.jaytomcat.catalina.Server logJVM
INFO : JVM Vendor:	Oracle Corporation
    06/14/2020 23:30:14 com.jayyin.jaytomcat.catalina.Server logJVM
INFO : Initializing ProtocolHandler [http-bio-18080]
    06/14/2020 23:30:14 com.jayyin.jaytomcat.catalina.Connector init
INFO : Initializing ProtocolHandler [http-bio-18081]
    06/14/2020 23:30:14 com.jayyin.jaytomcat.catalina.Connector init
INFO : Initializing ProtocolHandler [http-bio-18082]
    06/14/2020 23:30:14 com.jayyin.jaytomcat.catalina.Connector init
INFO : Initialization processed in 1ms
    06/14/2020 23:30:14 com.jayyin.jaytomcat.catalina.Service init
INFO : Starting ProtocolHandler [http-bio-18080]
    06/14/2020 23:30:14 com.jayyin.jaytomcat.catalina.Connector start
INFO : Starting ProtocolHandler [http-bio-18081]
    06/14/2020 23:30:14 com.jayyin.jaytomcat.catalina.Connector start
INFO : Starting ProtocolHandler [http-bio-18082]
    06/14/2020 23:30:14 com.jayyin.jaytomcat.catalina.Connector start
INFO : Server startup in 10ms
    06/14/2020 23:30:14 com.jayyin.jaytomcat.catalina.Server start
ERROR: this is a deliberately created exception
    06/14/2020 23:30:19 com.jayyin.jaytomcat.catalina.HttpProcessor error
java.lang.RuntimeException: this is a deliberately created exception
	at com.jayyin.jaytomcat.servlets.DefaultServlet.service(DefaultServlet.java:39)
	at com.jayyin.jaytomcat.catalina.HttpProcessor.execute(HttpProcessor.java:47)
	at com.jayyin.jaytomcat.catalina.Connector$1.run(Connector.java:64)
	at java.util.concurrent.ThreadPoolExecutor.runWorker(ThreadPoolExecutor.java:1149)
	at java.util.concurrent.ThreadPoolExecutor$Worker.run(ThreadPoolExecutor.java:624)
	at java.lang.Thread.run(Thread.java:748)
INFO : Deploying web application directory F:/Project/jaytomcat/app2
    06/14/2020 23:34:05 com.jayyin.jaytomcat.catalina.Context deploy
INFO : Deployment of web application directory F:/Project/jaytomcat/app2 has finished in 331ms
    06/14/2020 23:34:05 com.jayyin.jaytomcat.catalina.Context deploy
INFO : Deploying web application directory F:/Project/jaytomcat/webapps/javaweb
    06/14/2020 23:34:05 com.jayyin.jaytomcat.catalina.Context deploy
INFO : Deployment of web application directory F:/Project/jaytomcat/webapps/javaweb has finished in 53ms
    06/14/2020 23:34:05 com.jayyin.jaytomcat.catalina.Context deploy
INFO : Deploying web application directory F:\Project\jaytomcat\webapps\app1
    06/14/2020 23:34:05 com.jayyin.jaytomcat.catalina.Context deploy
INFO : Deployment of web application directory F:\Project\jaytomcat\webapps\app1 has finished in 34ms
    06/14/2020 23:34:05 com.jayyin.jaytomcat.catalina.Context deploy
INFO : Deploying web application directory F:\Project\jaytomcat\webapps\ROOT
    06/14/2020 23:34:05 com.jayyin.jaytomcat.catalina.Context deploy
INFO : Deployment of web application directory F:\Project\jaytomcat\webapps\ROOT has finished in 0ms
    06/14/2020 23:34:05 com.jayyin.jaytomcat.catalina.Context deploy
INFO : Deploying web application directory F:/Project/jaytomcat/app2
    06/14/2020 23:34:05 com.jayyin.jaytomcat.catalina.Context deploy
INFO : Deployment of web application directory F:/Project/jaytomcat/app2 has finished in 1ms
    06/14/2020 23:34:05 com.jayyin.jaytomcat.catalina.Context deploy
INFO : Deploying web application directory F:/Project/jaytomcat/webapps/javaweb
    06/14/2020 23:34:05 com.jayyin.jaytomcat.catalina.Context deploy
INFO : Deployment of web application directory F:/Project/jaytomcat/webapps/javaweb has finished in 3ms
    06/14/2020 23:34:05 com.jayyin.jaytomcat.catalina.Context deploy
INFO : Deploying web application directory F:\Project\jaytomcat\webapps\app1
    06/14/2020 23:34:05 com.jayyin.jaytomcat.catalina.Context deploy
INFO : Deployment of web application directory F:\Project\jaytomcat\webapps\app1 has finished in 8ms
    06/14/2020 23:34:05 com.jayyin.jaytomcat.catalina.Context deploy
INFO : Deploying web application directory F:\Project\jaytomcat\webapps\ROOT
    06/14/2020 23:34:05 com.jayyin.jaytomcat.catalina.Context deploy
INFO : Deployment of web application directory F:\Project\jaytomcat\webapps\ROOT has finished in 11ms
    06/14/2020 23:34:05 com.jayyin.jaytomcat.catalina.Context deploy
INFO : Server version:	JayTomcat/1.0.1
    06/14/2020 23:34:05 com.jayyin.jaytomcat.catalina.Server logJVM
INFO : Server built:	2020-06-04 22:20:22
    06/14/2020 23:34:05 com.jayyin.jaytomcat.catalina.Server logJVM
INFO : Server number:	1.0.1
    06/14/2020 23:34:05 com.jayyin.jaytomcat.catalina.Server logJVM
INFO : OS Name:	Windows 10
    06/14/2020 23:34:05 com.jayyin.jaytomcat.catalina.Server logJVM
INFO : OS Version:	10.0
    06/14/2020 23:34:05 com.jayyin.jaytomcat.catalina.Server logJVM
INFO : Architecture:	amd64
    06/14/2020 23:34:05 com.jayyin.jaytomcat.catalina.Server logJVM
INFO : Java Home:	E:\Program Files\jdk8-191\jre
    06/14/2020 23:34:05 com.jayyin.jaytomcat.catalina.Server logJVM
INFO : JVM Version:	1.8.0_191-b12
    06/14/2020 23:34:05 com.jayyin.jaytomcat.catalina.Server logJVM
INFO : JVM Vendor:	Oracle Corporation
    06/14/2020 23:34:05 com.jayyin.jaytomcat.catalina.Server logJVM
INFO : Initializing ProtocolHandler [http-bio-18080]
    06/14/2020 23:34:05 com.jayyin.jaytomcat.catalina.Connector init
INFO : Initializing ProtocolHandler [http-bio-18081]
    06/14/2020 23:34:05 com.jayyin.jaytomcat.catalina.Connector init
INFO : Initializing ProtocolHandler [http-bio-18082]
    06/14/2020 23:34:05 com.jayyin.jaytomcat.catalina.Connector init
INFO : Initialization processed in 14ms
    06/14/2020 23:34:05 com.jayyin.jaytomcat.catalina.Service init
INFO : Starting ProtocolHandler [http-bio-18080]
    06/14/2020 23:34:05 com.jayyin.jaytomcat.catalina.Connector start
INFO : Starting ProtocolHandler [http-bio-18081]
    06/14/2020 23:34:06 com.jayyin.jaytomcat.catalina.Connector start
INFO : Starting ProtocolHandler [http-bio-18082]
    06/14/2020 23:34:06 com.jayyin.jaytomcat.catalina.Connector start
INFO : Server startup in 79ms
    06/14/2020 23:34:06 com.jayyin.jaytomcat.catalina.Server start
ERROR: Connection reset by peer: socket write error
    06/14/2020 23:38:13 com.jayyin.jaytomcat.catalina.HttpProcessor error
java.net.SocketException: Connection reset by peer: socket write error
	at java.net.SocketOutputStream.socketWrite0(Native Method)
	at java.net.SocketOutputStream.socketWrite(SocketOutputStream.java:111)
	at java.net.SocketOutputStream.write(SocketOutputStream.java:143)
	at com.jayyin.jaytomcat.catalina.HttpProcessor.handle200(HttpProcessor.java:80)
	at com.jayyin.jaytomcat.catalina.HttpProcessor.execute(HttpProcessor.java:52)
	at com.jayyin.jaytomcat.catalina.Connector$1.run(Connector.java:64)
	at java.util.concurrent.ThreadPoolExecutor.runWorker(ThreadPoolExecutor.java:1149)
	at java.util.concurrent.ThreadPoolExecutor$Worker.run(ThreadPoolExecutor.java:624)
	at java.lang.Thread.run(Thread.java:748)
INFO : Deploying web application directory F:/Project/jaytomcat/app2
    06/14/2020 23:38:19 com.jayyin.jaytomcat.catalina.Context deploy
INFO : Deployment of web application directory F:/Project/jaytomcat/app2 has finished in 171ms
    06/14/2020 23:38:19 com.jayyin.jaytomcat.catalina.Context deploy
INFO : Deploying web application directory F:/Project/jaytomcat/webapps/javaweb
    06/14/2020 23:38:19 com.jayyin.jaytomcat.catalina.Context deploy
INFO : Deployment of web application directory F:/Project/jaytomcat/webapps/javaweb has finished in 23ms
    06/14/2020 23:38:19 com.jayyin.jaytomcat.catalina.Context deploy
INFO : Deploying web application directory F:\Project\jaytomcat\webapps\app1
    06/14/2020 23:38:19 com.jayyin.jaytomcat.catalina.Context deploy
INFO : Deployment of web application directory F:\Project\jaytomcat\webapps\app1 has finished in 14ms
    06/14/2020 23:38:19 com.jayyin.jaytomcat.catalina.Context deploy
INFO : Deploying web application directory F:\Project\jaytomcat\webapps\ROOT
    06/14/2020 23:38:19 com.jayyin.jaytomcat.catalina.Context deploy
INFO : Deployment of web application directory F:\Project\jaytomcat\webapps\ROOT has finished in 0ms
    06/14/2020 23:38:19 com.jayyin.jaytomcat.catalina.Context deploy
INFO : Deploying web application directory F:/Project/jaytomcat/app2
    06/14/2020 23:38:19 com.jayyin.jaytomcat.catalina.Context deploy
INFO : Deployment of web application directory F:/Project/jaytomcat/app2 has finished in 1ms
    06/14/2020 23:38:19 com.jayyin.jaytomcat.catalina.Context deploy
INFO : Deploying web application directory F:/Project/jaytomcat/webapps/javaweb
    06/14/2020 23:38:19 com.jayyin.jaytomcat.catalina.Context deploy
INFO : Deployment of web application directory F:/Project/jaytomcat/webapps/javaweb has finished in 3ms
    06/14/2020 23:38:19 com.jayyin.jaytomcat.catalina.Context deploy
INFO : Deploying web application directory F:\Project\jaytomcat\webapps\app1
    06/14/2020 23:38:19 com.jayyin.jaytomcat.catalina.Context deploy
INFO : Deployment of web application directory F:\Project\jaytomcat\webapps\app1 has finished in 3ms
    06/14/2020 23:38:19 com.jayyin.jaytomcat.catalina.Context deploy
INFO : Deploying web application directory F:\Project\jaytomcat\webapps\ROOT
    06/14/2020 23:38:19 com.jayyin.jaytomcat.catalina.Context deploy
INFO : Deployment of web application directory F:\Project\jaytomcat\webapps\ROOT has finished in 0ms
    06/14/2020 23:38:19 com.jayyin.jaytomcat.catalina.Context deploy
INFO : Server version:	JayTomcat/1.0.1
    06/14/2020 23:38:19 com.jayyin.jaytomcat.catalina.Server logJVM
INFO : Server built:	2020-06-04 22:20:22
    06/14/2020 23:38:19 com.jayyin.jaytomcat.catalina.Server logJVM
INFO : Server number:	1.0.1
    06/14/2020 23:38:19 com.jayyin.jaytomcat.catalina.Server logJVM
INFO : OS Name:	Windows 10
    06/14/2020 23:38:19 com.jayyin.jaytomcat.catalina.Server logJVM
INFO : OS Version:	10.0
    06/14/2020 23:38:19 com.jayyin.jaytomcat.catalina.Server logJVM
INFO : Architecture:	amd64
    06/14/2020 23:38:19 com.jayyin.jaytomcat.catalina.Server logJVM
INFO : Java Home:	E:\Program Files\jdk8-191\jre
    06/14/2020 23:38:19 com.jayyin.jaytomcat.catalina.Server logJVM
INFO : JVM Version:	1.8.0_191-b12
    06/14/2020 23:38:19 com.jayyin.jaytomcat.catalina.Server logJVM
INFO : JVM Vendor:	Oracle Corporation
    06/14/2020 23:38:19 com.jayyin.jaytomcat.catalina.Server logJVM
INFO : Initializing ProtocolHandler [http-bio-18080]
    06/14/2020 23:38:19 com.jayyin.jaytomcat.catalina.Connector init
INFO : Initializing ProtocolHandler [http-bio-18081]
    06/14/2020 23:38:19 com.jayyin.jaytomcat.catalina.Connector init
INFO : Initializing ProtocolHandler [http-bio-18082]
    06/14/2020 23:38:19 com.jayyin.jaytomcat.catalina.Connector init
INFO : Initialization processed in 1ms
    06/14/2020 23:38:19 com.jayyin.jaytomcat.catalina.Service init
INFO : Starting ProtocolHandler [http-bio-18080]
    06/14/2020 23:38:19 com.jayyin.jaytomcat.catalina.Connector start
INFO : Starting ProtocolHandler [http-bio-18081]
    06/14/2020 23:38:19 com.jayyin.jaytomcat.catalina.Connector start
INFO : Starting ProtocolHandler [http-bio-18082]
    06/14/2020 23:38:19 com.jayyin.jaytomcat.catalina.Connector start
INFO : Server startup in 14ms
    06/14/2020 23:38:19 com.jayyin.jaytomcat.catalina.Server start
ERROR: this is a deliberately created exception
    06/14/2020 23:38:52 com.jayyin.jaytomcat.catalina.HttpProcessor error
java.lang.RuntimeException: this is a deliberately created exception
	at com.jayyin.jaytomcat.servlets.DefaultServlet.service(DefaultServlet.java:39)
	at com.jayyin.jaytomcat.catalina.HttpProcessor.execute(HttpProcessor.java:47)
	at com.jayyin.jaytomcat.catalina.Connector$1.run(Connector.java:64)
	at java.util.concurrent.ThreadPoolExecutor.runWorker(ThreadPoolExecutor.java:1149)
	at java.util.concurrent.ThreadPoolExecutor$Worker.run(ThreadPoolExecutor.java:624)
	at java.lang.Thread.run(Thread.java:748)
