INFO : Deploying web application directory F:/Project/jaytomcat/webapps/javaweb
    07/04/2020 14:25:15 com.jayyin.jaytomcat.catalina.Context deploy
INFO : Deployment of web application directory F:/Project/jaytomcat/webapps/javaweb has finished in 225ms
    07/04/2020 14:25:15 com.jayyin.jaytomcat.catalina.Context deploy
INFO : Deploying web application directory F:/Project/jaytomcat/webapps/tmall/web
    07/04/2020 14:25:15 com.jayyin.jaytomcat.catalina.Context deploy
INFO : Deployment of web application directory F:/Project/jaytomcat/webapps/tmall/web has finished in 19ms
    07/04/2020 14:25:15 com.jayyin.jaytomcat.catalina.Context deploy
INFO : Deploying web application directory F:\Project\jaytomcat\webapps\app1
    07/04/2020 14:25:15 com.jayyin.jaytomcat.catalina.Context deploy
INFO : Deployment of web application directory F:\Project\jaytomcat\webapps\app1 has finished in 31ms
    07/04/2020 14:25:15 com.jayyin.jaytomcat.catalina.Context deploy
INFO : Deploying web application directory F:\Project\jaytomcat\webapps\javaweb2
    07/04/2020 14:25:15 com.jayyin.jaytomcat.catalina.Context deploy
INFO : Deployment of web application directory F:\Project\jaytomcat\webapps\javaweb2 has finished in 38ms
    07/04/2020 14:25:15 com.jayyin.jaytomcat.catalina.Context deploy
INFO : Deploying web application directory F:\Project\jaytomcat\webapps\ROOT
    07/04/2020 14:25:15 com.jayyin.jaytomcat.catalina.Context deploy
INFO : Deployment of web application directory F:\Project\jaytomcat\webapps\ROOT has finished in 1ms
    07/04/2020 14:25:15 com.jayyin.jaytomcat.catalina.Context deploy
INFO : Deploying web application directory F:/Project/jaytomcat/webapps/javaweb
    07/04/2020 14:25:15 com.jayyin.jaytomcat.catalina.Context deploy
INFO : Deployment of web application directory F:/Project/jaytomcat/webapps/javaweb has finished in 3ms
    07/04/2020 14:25:15 com.jayyin.jaytomcat.catalina.Context deploy
INFO : Deploying web application directory F:/Project/jaytomcat/webapps/tmall/web
    07/04/2020 14:25:15 com.jayyin.jaytomcat.catalina.Context deploy
INFO : Deployment of web application directory F:/Project/jaytomcat/webapps/tmall/web has finished in 7ms
    07/04/2020 14:25:15 com.jayyin.jaytomcat.catalina.Context deploy
INFO : Deploying web application directory F:\Project\jaytomcat\webapps\app1
    07/04/2020 14:25:15 com.jayyin.jaytomcat.catalina.Context deploy
INFO : Deployment of web application directory F:\Project\jaytomcat\webapps\app1 has finished in 12ms
    07/04/2020 14:25:15 com.jayyin.jaytomcat.catalina.Context deploy
INFO : Deploying web application directory F:\Project\jaytomcat\webapps\javaweb2
    07/04/2020 14:25:15 com.jayyin.jaytomcat.catalina.Context deploy
INFO : Deployment of web application directory F:\Project\jaytomcat\webapps\javaweb2 has finished in 19ms
    07/04/2020 14:25:15 com.jayyin.jaytomcat.catalina.Context deploy
INFO : Deploying web application directory F:\Project\jaytomcat\webapps\ROOT
    07/04/2020 14:25:15 com.jayyin.jaytomcat.catalina.Context deploy
INFO : Deployment of web application directory F:\Project\jaytomcat\webapps\ROOT has finished in 2ms
    07/04/2020 14:25:15 com.jayyin.jaytomcat.catalina.Context deploy
INFO : Server version:	JayTomcat/1.0.1
    07/04/2020 14:25:15 com.jayyin.jaytomcat.catalina.Server logJVM
INFO : Server built:	2020-06-04 22:20:22
    07/04/2020 14:25:15 com.jayyin.jaytomcat.catalina.Server logJVM
INFO : Server number:	1.0.1
    07/04/2020 14:25:15 com.jayyin.jaytomcat.catalina.Server logJVM
INFO : OS Name:	Windows 10
    07/04/2020 14:25:15 com.jayyin.jaytomcat.catalina.Server logJVM
INFO : OS Version:	10.0
    07/04/2020 14:25:15 com.jayyin.jaytomcat.catalina.Server logJVM
INFO : Architecture:	amd64
    07/04/2020 14:25:15 com.jayyin.jaytomcat.catalina.Server logJVM
INFO : Java Home:	E:\Program Files\jdk8-191\jre
    07/04/2020 14:25:15 com.jayyin.jaytomcat.catalina.Server logJVM
INFO : JVM Version:	1.8.0_191-b12
    07/04/2020 14:25:15 com.jayyin.jaytomcat.catalina.Server logJVM
INFO : JVM Vendor:	Oracle Corporation
    07/04/2020 14:25:15 com.jayyin.jaytomcat.catalina.Server logJVM
INFO : Initializing Connector 18080
    07/04/2020 14:25:15 com.jayyin.jaytomcat.catalina.Connector init
INFO : Initializing Connector 18081
    07/04/2020 14:25:15 com.jayyin.jaytomcat.catalina.Connector init
INFO : Initializing Connector 18082
    07/04/2020 14:25:15 com.jayyin.jaytomcat.catalina.Connector init
INFO : Initialization processed in 2ms
    07/04/2020 14:25:15 com.jayyin.jaytomcat.catalina.Service init
INFO : Deploying web application directory F:/Project/jaytomcat/webapps/javaweb
    07/04/2020 14:26:16 com.jayyin.jaytomcat.catalina.Context deploy
INFO : Deployment of web application directory F:/Project/jaytomcat/webapps/javaweb has finished in 338ms
    07/04/2020 14:26:16 com.jayyin.jaytomcat.catalina.Context deploy
INFO : Deploying web application directory F:/Project/jaytomcat/webapps/tmall/web
    07/04/2020 14:26:16 com.jayyin.jaytomcat.catalina.Context deploy
INFO : Deployment of web application directory F:/Project/jaytomcat/webapps/tmall/web has finished in 18ms
    07/04/2020 14:26:16 com.jayyin.jaytomcat.catalina.Context deploy
INFO : Deploying web application directory F:\Project\jaytomcat\webapps\app1
    07/04/2020 14:26:16 com.jayyin.jaytomcat.catalina.Context deploy
INFO : Deployment of web application directory F:\Project\jaytomcat\webapps\app1 has finished in 20ms
    07/04/2020 14:26:16 com.jayyin.jaytomcat.catalina.Context deploy
INFO : Deploying web application directory F:\Project\jaytomcat\webapps\javaweb2
    07/04/2020 14:26:16 com.jayyin.jaytomcat.catalina.Context deploy
INFO : Deployment of web application directory F:\Project\jaytomcat\webapps\javaweb2 has finished in 54ms
    07/04/2020 14:26:16 com.jayyin.jaytomcat.catalina.Context deploy
INFO : Deploying web application directory F:\Project\jaytomcat\webapps\ROOT
    07/04/2020 14:26:16 com.jayyin.jaytomcat.catalina.Context deploy
INFO : Deployment of web application directory F:\Project\jaytomcat\webapps\ROOT has finished in 0ms
    07/04/2020 14:26:16 com.jayyin.jaytomcat.catalina.Context deploy
INFO : Deploying web application directory F:/Project/jaytomcat/webapps/javaweb
    07/04/2020 14:26:16 com.jayyin.jaytomcat.catalina.Context deploy
INFO : Deployment of web application directory F:/Project/jaytomcat/webapps/javaweb has finished in 11ms
    07/04/2020 14:26:16 com.jayyin.jaytomcat.catalina.Context deploy
INFO : Deploying web application directory F:/Project/jaytomcat/webapps/tmall/web
    07/04/2020 14:26:16 com.jayyin.jaytomcat.catalina.Context deploy
INFO : Deployment of web application directory F:/Project/jaytomcat/webapps/tmall/web has finished in 34ms
    07/04/2020 14:26:16 com.jayyin.jaytomcat.catalina.Context deploy
INFO : Deploying web application directory F:\Project\jaytomcat\webapps\app1
    07/04/2020 14:26:16 com.jayyin.jaytomcat.catalina.Context deploy
INFO : Deployment of web application directory F:\Project\jaytomcat\webapps\app1 has finished in 27ms
    07/04/2020 14:26:16 com.jayyin.jaytomcat.catalina.Context deploy
INFO : Deploying web application directory F:\Project\jaytomcat\webapps\javaweb2
    07/04/2020 14:26:16 com.jayyin.jaytomcat.catalina.Context deploy
INFO : Deployment of web application directory F:\Project\jaytomcat\webapps\javaweb2 has finished in 8ms
    07/04/2020 14:26:16 com.jayyin.jaytomcat.catalina.Context deploy
INFO : Deploying web application directory F:\Project\jaytomcat\webapps\ROOT
    07/04/2020 14:26:16 com.jayyin.jaytomcat.catalina.Context deploy
INFO : Deployment of web application directory F:\Project\jaytomcat\webapps\ROOT has finished in 1ms
    07/04/2020 14:26:16 com.jayyin.jaytomcat.catalina.Context deploy
INFO : Server version:	JayTomcat/1.0.1
    07/04/2020 14:26:16 com.jayyin.jaytomcat.catalina.Server logJVM
INFO : Server built:	2020-06-04 22:20:22
    07/04/2020 14:26:16 com.jayyin.jaytomcat.catalina.Server logJVM
INFO : Server number:	1.0.1
    07/04/2020 14:26:16 com.jayyin.jaytomcat.catalina.Server logJVM
INFO : OS Name:	Windows 10
    07/04/2020 14:26:16 com.jayyin.jaytomcat.catalina.Server logJVM
INFO : OS Version:	10.0
    07/04/2020 14:26:16 com.jayyin.jaytomcat.catalina.Server logJVM
INFO : Architecture:	amd64
    07/04/2020 14:26:16 com.jayyin.jaytomcat.catalina.Server logJVM
INFO : Java Home:	E:\Program Files\jdk8-191\jre
    07/04/2020 14:26:16 com.jayyin.jaytomcat.catalina.Server logJVM
INFO : JVM Version:	1.8.0_191-b12
    07/04/2020 14:26:16 com.jayyin.jaytomcat.catalina.Server logJVM
INFO : JVM Vendor:	Oracle Corporation
    07/04/2020 14:26:16 com.jayyin.jaytomcat.catalina.Server logJVM
INFO : Initializing Connector 18080
    07/04/2020 14:26:16 com.jayyin.jaytomcat.catalina.Connector init
INFO : Initializing Connector 18081
    07/04/2020 14:26:16 com.jayyin.jaytomcat.catalina.Connector init
INFO : Initializing Connector 18082
    07/04/2020 14:26:16 com.jayyin.jaytomcat.catalina.Connector init
INFO : Initialization processed in 1ms
    07/04/2020 14:26:16 com.jayyin.jaytomcat.catalina.Service init
INFO : Deploying web application directory F:/Project/jaytomcat/webapps/javaweb
    07/04/2020 14:43:23 com.jayyin.jaytomcat.catalina.Context deploy
INFO : Deployment of web application directory F:/Project/jaytomcat/webapps/javaweb has finished in 234ms
    07/04/2020 14:43:23 com.jayyin.jaytomcat.catalina.Context deploy
INFO : Deploying web application directory F:/Project/jaytomcat/webapps/tmall/web
    07/04/2020 14:43:23 com.jayyin.jaytomcat.catalina.Context deploy
INFO : Deployment of web application directory F:/Project/jaytomcat/webapps/tmall/web has finished in 22ms
    07/04/2020 14:43:23 com.jayyin.jaytomcat.catalina.Context deploy
INFO : Deploying web application directory F:\Project\jaytomcat\webapps\app1
    07/04/2020 14:43:23 com.jayyin.jaytomcat.catalina.Context deploy
INFO : Deployment of web application directory F:\Project\jaytomcat\webapps\app1 has finished in 41ms
    07/04/2020 14:43:23 com.jayyin.jaytomcat.catalina.Context deploy
INFO : Deploying web application directory F:\Project\jaytomcat\webapps\javaweb2
    07/04/2020 14:43:23 com.jayyin.jaytomcat.catalina.Context deploy
INFO : Deployment of web application directory F:\Project\jaytomcat\webapps\javaweb2 has finished in 28ms
    07/04/2020 14:43:23 com.jayyin.jaytomcat.catalina.Context deploy
INFO : Deploying web application directory F:\Project\jaytomcat\webapps\ROOT
    07/04/2020 14:43:23 com.jayyin.jaytomcat.catalina.Context deploy
INFO : Deployment of web application directory F:\Project\jaytomcat\webapps\ROOT has finished in 1ms
    07/04/2020 14:43:23 com.jayyin.jaytomcat.catalina.Context deploy
INFO : Deploying web application directory F:/Project/jaytomcat/webapps/javaweb
    07/04/2020 14:43:23 com.jayyin.jaytomcat.catalina.Context deploy
INFO : Deployment of web application directory F:/Project/jaytomcat/webapps/javaweb has finished in 8ms
    07/04/2020 14:43:23 com.jayyin.jaytomcat.catalina.Context deploy
INFO : Deploying web application directory F:/Project/jaytomcat/webapps/tmall/web
    07/04/2020 14:43:23 com.jayyin.jaytomcat.catalina.Context deploy
INFO : Deployment of web application directory F:/Project/jaytomcat/webapps/tmall/web has finished in 23ms
    07/04/2020 14:43:23 com.jayyin.jaytomcat.catalina.Context deploy
INFO : Deploying web application directory F:\Project\jaytomcat\webapps\app1
    07/04/2020 14:43:23 com.jayyin.jaytomcat.catalina.Context deploy
INFO : Deployment of web application directory F:\Project\jaytomcat\webapps\app1 has finished in 25ms
    07/04/2020 14:43:23 com.jayyin.jaytomcat.catalina.Context deploy
INFO : Deploying web application directory F:\Project\jaytomcat\webapps\javaweb2
    07/04/2020 14:43:23 com.jayyin.jaytomcat.catalina.Context deploy
INFO : Deployment of web application directory F:\Project\jaytomcat\webapps\javaweb2 has finished in 14ms
    07/04/2020 14:43:23 com.jayyin.jaytomcat.catalina.Context deploy
INFO : Deploying web application directory F:\Project\jaytomcat\webapps\ROOT
    07/04/2020 14:43:23 com.jayyin.jaytomcat.catalina.Context deploy
INFO : Deployment of web application directory F:\Project\jaytomcat\webapps\ROOT has finished in 1ms
    07/04/2020 14:43:23 com.jayyin.jaytomcat.catalina.Context deploy
INFO : Server version:	JayTomcat/1.0.1
    07/04/2020 14:43:23 com.jayyin.jaytomcat.catalina.Server logJVM
INFO : Server built:	2020-06-04 22:20:22
    07/04/2020 14:43:23 com.jayyin.jaytomcat.catalina.Server logJVM
INFO : Server number:	1.0.1
    07/04/2020 14:43:23 com.jayyin.jaytomcat.catalina.Server logJVM
INFO : OS Name:	Windows 10
    07/04/2020 14:43:23 com.jayyin.jaytomcat.catalina.Server logJVM
INFO : OS Version:	10.0
    07/04/2020 14:43:23 com.jayyin.jaytomcat.catalina.Server logJVM
INFO : Architecture:	amd64
    07/04/2020 14:43:23 com.jayyin.jaytomcat.catalina.Server logJVM
INFO : Java Home:	E:\Program Files\jdk8-191\jre
    07/04/2020 14:43:23 com.jayyin.jaytomcat.catalina.Server logJVM
INFO : JVM Version:	1.8.0_191-b12
    07/04/2020 14:43:23 com.jayyin.jaytomcat.catalina.Server logJVM
INFO : JVM Vendor:	Oracle Corporation
    07/04/2020 14:43:23 com.jayyin.jaytomcat.catalina.Server logJVM
INFO : Initializing Connector 18080
    07/04/2020 14:43:23 com.jayyin.jaytomcat.catalina.Connector init
INFO : Initialization processed in 14ms
    07/04/2020 14:43:23 com.jayyin.jaytomcat.catalina.Service init
INFO : Deploying web application directory F:/Project/jaytomcat/webapps/javaweb
    07/04/2020 14:48:05 com.jayyin.jaytomcat.catalina.Context deploy
INFO : Deployment of web application directory F:/Project/jaytomcat/webapps/javaweb has finished in 237ms
    07/04/2020 14:48:05 com.jayyin.jaytomcat.catalina.Context deploy
INFO : Deploying web application directory F:/Project/jaytomcat/webapps/tmall/web
    07/04/2020 14:48:05 com.jayyin.jaytomcat.catalina.Context deploy
INFO : Deployment of web application directory F:/Project/jaytomcat/webapps/tmall/web has finished in 11ms
    07/04/2020 14:48:05 com.jayyin.jaytomcat.catalina.Context deploy
INFO : Deploying web application directory F:\Project\jaytomcat\webapps\app1
    07/04/2020 14:48:05 com.jayyin.jaytomcat.catalina.Context deploy
INFO : Deployment of web application directory F:\Project\jaytomcat\webapps\app1 has finished in 20ms
    07/04/2020 14:48:05 com.jayyin.jaytomcat.catalina.Context deploy
INFO : Deploying web application directory F:\Project\jaytomcat\webapps\javaweb2
    07/04/2020 14:48:05 com.jayyin.jaytomcat.catalina.Context deploy
INFO : Deployment of web application directory F:\Project\jaytomcat\webapps\javaweb2 has finished in 17ms
    07/04/2020 14:48:05 com.jayyin.jaytomcat.catalina.Context deploy
INFO : Deploying web application directory F:\Project\jaytomcat\webapps\ROOT
    07/04/2020 14:48:05 com.jayyin.jaytomcat.catalina.Context deploy
INFO : Deployment of web application directory F:\Project\jaytomcat\webapps\ROOT has finished in 1ms
    07/04/2020 14:48:05 com.jayyin.jaytomcat.catalina.Context deploy
INFO : Deploying web application directory F:/Project/jaytomcat/webapps/javaweb
    07/04/2020 14:48:05 com.jayyin.jaytomcat.catalina.Context deploy
INFO : Deployment of web application directory F:/Project/jaytomcat/webapps/javaweb has finished in 4ms
    07/04/2020 14:48:05 com.jayyin.jaytomcat.catalina.Context deploy
INFO : Deploying web application directory F:/Project/jaytomcat/webapps/tmall/web
    07/04/2020 14:48:05 com.jayyin.jaytomcat.catalina.Context deploy
INFO : Deployment of web application directory F:/Project/jaytomcat/webapps/tmall/web has finished in 51ms
    07/04/2020 14:48:05 com.jayyin.jaytomcat.catalina.Context deploy
INFO : Deploying web application directory F:\Project\jaytomcat\webapps\app1
    07/04/2020 14:48:05 com.jayyin.jaytomcat.catalina.Context deploy
INFO : Deployment of web application directory F:\Project\jaytomcat\webapps\app1 has finished in 5ms
    07/04/2020 14:48:05 com.jayyin.jaytomcat.catalina.Context deploy
INFO : Deploying web application directory F:\Project\jaytomcat\webapps\javaweb2
    07/04/2020 14:48:05 com.jayyin.jaytomcat.catalina.Context deploy
INFO : Deployment of web application directory F:\Project\jaytomcat\webapps\javaweb2 has finished in 30ms
    07/04/2020 14:48:05 com.jayyin.jaytomcat.catalina.Context deploy
INFO : Deploying web application directory F:\Project\jaytomcat\webapps\ROOT
    07/04/2020 14:48:05 com.jayyin.jaytomcat.catalina.Context deploy
INFO : Deployment of web application directory F:\Project\jaytomcat\webapps\ROOT has finished in 3ms
    07/04/2020 14:48:05 com.jayyin.jaytomcat.catalina.Context deploy
INFO : Server version:	JayTomcat/1.0.1
    07/04/2020 14:48:05 com.jayyin.jaytomcat.catalina.Server logJVM
INFO : Server built:	2020-06-04 22:20:22
    07/04/2020 14:48:05 com.jayyin.jaytomcat.catalina.Server logJVM
INFO : Server number:	1.0.1
    07/04/2020 14:48:05 com.jayyin.jaytomcat.catalina.Server logJVM
INFO : OS Name:	Windows 10
    07/04/2020 14:48:05 com.jayyin.jaytomcat.catalina.Server logJVM
INFO : OS Version:	10.0
    07/04/2020 14:48:05 com.jayyin.jaytomcat.catalina.Server logJVM
INFO : Architecture:	amd64
    07/04/2020 14:48:05 com.jayyin.jaytomcat.catalina.Server logJVM
INFO : Java Home:	E:\Program Files\jdk8-191\jre
    07/04/2020 14:48:05 com.jayyin.jaytomcat.catalina.Server logJVM
INFO : JVM Version:	1.8.0_191-b12
    07/04/2020 14:48:05 com.jayyin.jaytomcat.catalina.Server logJVM
INFO : JVM Vendor:	Oracle Corporation
    07/04/2020 14:48:05 com.jayyin.jaytomcat.catalina.Server logJVM
INFO : Initializing Connector 18080
    07/04/2020 14:48:05 com.jayyin.jaytomcat.catalina.Connector init
INFO : Initialization processed in 1ms
    07/04/2020 14:48:05 com.jayyin.jaytomcat.catalina.Service init
INFO : Server startup in 10ms
    07/04/2020 14:48:05 com.jayyin.jaytomcat.catalina.Server start
ERROR: this is a deliberately created exception
    07/04/2020 14:48:16 com.jayyin.jaytomcat.http.HttpProcessor error
java.lang.RuntimeException: this is a deliberately created exception
	at com.jayyin.jaytomcat.servlets.DefaultServlet.service(DefaultServlet.java:42)
	at javax.servlet.http.HttpServlet.service(HttpServlet.java:731)
	at com.jayyin.jaytomcat.catalina.ApplicationFilterChain.doFilter(ApplicationFilterChain.java:32)
	at com.jayyin.jaytomcat.http.HttpProcessor.execute(HttpProcessor.java:66)
	at com.jayyin.jaytomcat.net.BioEndpoint$1.run(BioEndpoint.java:60)
	at java.util.concurrent.ThreadPoolExecutor.runWorker(ThreadPoolExecutor.java:1149)
	at java.util.concurrent.ThreadPoolExecutor$Worker.run(ThreadPoolExecutor.java:624)
	at java.lang.Thread.run(Thread.java:748)
INFO : Deploying web application directory F:/Project/jaytomcat/webapps/javaweb
    07/04/2020 14:54:53 com.jayyin.jaytomcat.catalina.Context deploy
INFO : Deployment of web application directory F:/Project/jaytomcat/webapps/javaweb has finished in 269ms
    07/04/2020 14:54:53 com.jayyin.jaytomcat.catalina.Context deploy
INFO : Deploying web application directory F:/Project/jaytomcat/webapps/tmall/web
    07/04/2020 14:54:53 com.jayyin.jaytomcat.catalina.Context deploy
INFO : Deployment of web application directory F:/Project/jaytomcat/webapps/tmall/web has finished in 14ms
    07/04/2020 14:54:53 com.jayyin.jaytomcat.catalina.Context deploy
INFO : Deploying web application directory F:\Project\jaytomcat\webapps\app1
    07/04/2020 14:54:53 com.jayyin.jaytomcat.catalina.Context deploy
INFO : Deployment of web application directory F:\Project\jaytomcat\webapps\app1 has finished in 28ms
    07/04/2020 14:54:53 com.jayyin.jaytomcat.catalina.Context deploy
INFO : Deploying web application directory F:\Project\jaytomcat\webapps\javaweb2
    07/04/2020 14:54:53 com.jayyin.jaytomcat.catalina.Context deploy
INFO : Deployment of web application directory F:\Project\jaytomcat\webapps\javaweb2 has finished in 42ms
    07/04/2020 14:54:53 com.jayyin.jaytomcat.catalina.Context deploy
INFO : Deploying web application directory F:\Project\jaytomcat\webapps\ROOT
    07/04/2020 14:54:53 com.jayyin.jaytomcat.catalina.Context deploy
INFO : Deployment of web application directory F:\Project\jaytomcat\webapps\ROOT has finished in 1ms
    07/04/2020 14:54:53 com.jayyin.jaytomcat.catalina.Context deploy
INFO : Deploying web application directory F:/Project/jaytomcat/webapps/javaweb
    07/04/2020 14:54:53 com.jayyin.jaytomcat.catalina.Context deploy
INFO : Deployment of web application directory F:/Project/jaytomcat/webapps/javaweb has finished in 9ms
    07/04/2020 14:54:53 com.jayyin.jaytomcat.catalina.Context deploy
INFO : Deploying web application directory F:/Project/jaytomcat/webapps/tmall/web
    07/04/2020 14:54:53 com.jayyin.jaytomcat.catalina.Context deploy
INFO : Deployment of web application directory F:/Project/jaytomcat/webapps/tmall/web has finished in 19ms
    07/04/2020 14:54:53 com.jayyin.jaytomcat.catalina.Context deploy
INFO : Deploying web application directory F:\Project\jaytomcat\webapps\app1
    07/04/2020 14:54:53 com.jayyin.jaytomcat.catalina.Context deploy
INFO : Deployment of web application directory F:\Project\jaytomcat\webapps\app1 has finished in 18ms
    07/04/2020 14:54:53 com.jayyin.jaytomcat.catalina.Context deploy
INFO : Deploying web application directory F:\Project\jaytomcat\webapps\javaweb2
    07/04/2020 14:54:53 com.jayyin.jaytomcat.catalina.Context deploy
INFO : Deployment of web application directory F:\Project\jaytomcat\webapps\javaweb2 has finished in 18ms
    07/04/2020 14:54:54 com.jayyin.jaytomcat.catalina.Context deploy
INFO : Deploying web application directory F:\Project\jaytomcat\webapps\ROOT
    07/04/2020 14:54:54 com.jayyin.jaytomcat.catalina.Context deploy
INFO : Deployment of web application directory F:\Project\jaytomcat\webapps\ROOT has finished in 1ms
    07/04/2020 14:54:54 com.jayyin.jaytomcat.catalina.Context deploy
INFO : Server version:	JayTomcat/1.0.1
    07/04/2020 14:54:54 com.jayyin.jaytomcat.catalina.Server logJVM
INFO : Server built:	2020-06-04 22:20:22
    07/04/2020 14:54:54 com.jayyin.jaytomcat.catalina.Server logJVM
INFO : Server number:	1.0.1
    07/04/2020 14:54:54 com.jayyin.jaytomcat.catalina.Server logJVM
INFO : OS Name:	Windows 10
    07/04/2020 14:54:54 com.jayyin.jaytomcat.catalina.Server logJVM
INFO : OS Version:	10.0
    07/04/2020 14:54:54 com.jayyin.jaytomcat.catalina.Server logJVM
INFO : Architecture:	amd64
    07/04/2020 14:54:54 com.jayyin.jaytomcat.catalina.Server logJVM
INFO : Java Home:	E:\Program Files\jdk8-191\jre
    07/04/2020 14:54:54 com.jayyin.jaytomcat.catalina.Server logJVM
INFO : JVM Version:	1.8.0_191-b12
    07/04/2020 14:54:54 com.jayyin.jaytomcat.catalina.Server logJVM
INFO : JVM Vendor:	Oracle Corporation
    07/04/2020 14:54:54 com.jayyin.jaytomcat.catalina.Server logJVM
INFO : Initializing Connector 18080
    07/04/2020 14:54:54 com.jayyin.jaytomcat.catalina.Connector init
INFO : Initialization processed in 1ms
    07/04/2020 14:54:54 com.jayyin.jaytomcat.catalina.Service init
INFO : Deploying web application directory F:/Project/jaytomcat/webapps/javaweb
    07/04/2020 14:56:12 com.jayyin.jaytomcat.catalina.Context deploy
INFO : Deployment of web application directory F:/Project/jaytomcat/webapps/javaweb has finished in 242ms
    07/04/2020 14:56:12 com.jayyin.jaytomcat.catalina.Context deploy
INFO : Deploying web application directory F:/Project/jaytomcat/webapps/tmall/web
    07/04/2020 14:56:12 com.jayyin.jaytomcat.catalina.Context deploy
INFO : Deployment of web application directory F:/Project/jaytomcat/webapps/tmall/web has finished in 11ms
    07/04/2020 14:56:12 com.jayyin.jaytomcat.catalina.Context deploy
INFO : Deploying web application directory F:\Project\jaytomcat\webapps\app1
    07/04/2020 14:56:12 com.jayyin.jaytomcat.catalina.Context deploy
INFO : Deployment of web application directory F:\Project\jaytomcat\webapps\app1 has finished in 65ms
    07/04/2020 14:56:12 com.jayyin.jaytomcat.catalina.Context deploy
INFO : Deploying web application directory F:\Project\jaytomcat\webapps\javaweb2
    07/04/2020 14:56:12 com.jayyin.jaytomcat.catalina.Context deploy
INFO : Deployment of web application directory F:\Project\jaytomcat\webapps\javaweb2 has finished in 27ms
    07/04/2020 14:56:12 com.jayyin.jaytomcat.catalina.Context deploy
INFO : Deploying web application directory F:\Project\jaytomcat\webapps\ROOT
    07/04/2020 14:56:12 com.jayyin.jaytomcat.catalina.Context deploy
INFO : Deployment of web application directory F:\Project\jaytomcat\webapps\ROOT has finished in 0ms
    07/04/2020 14:56:12 com.jayyin.jaytomcat.catalina.Context deploy
INFO : Deploying web application directory F:/Project/jaytomcat/webapps/javaweb
    07/04/2020 14:56:12 com.jayyin.jaytomcat.catalina.Context deploy
INFO : Deployment of web application directory F:/Project/jaytomcat/webapps/javaweb has finished in 6ms
    07/04/2020 14:56:12 com.jayyin.jaytomcat.catalina.Context deploy
INFO : Deploying web application directory F:/Project/jaytomcat/webapps/tmall/web
    07/04/2020 14:56:12 com.jayyin.jaytomcat.catalina.Context deploy
INFO : Deployment of web application directory F:/Project/jaytomcat/webapps/tmall/web has finished in 15ms
    07/04/2020 14:56:12 com.jayyin.jaytomcat.catalina.Context deploy
INFO : Deploying web application directory F:\Project\jaytomcat\webapps\app1
    07/04/2020 14:56:12 com.jayyin.jaytomcat.catalina.Context deploy
INFO : Deployment of web application directory F:\Project\jaytomcat\webapps\app1 has finished in 22ms
    07/04/2020 14:56:12 com.jayyin.jaytomcat.catalina.Context deploy
INFO : Deploying web application directory F:\Project\jaytomcat\webapps\javaweb2
    07/04/2020 14:56:12 com.jayyin.jaytomcat.catalina.Context deploy
INFO : Deployment of web application directory F:\Project\jaytomcat\webapps\javaweb2 has finished in 14ms
    07/04/2020 14:56:12 com.jayyin.jaytomcat.catalina.Context deploy
INFO : Deploying web application directory F:\Project\jaytomcat\webapps\ROOT
    07/04/2020 14:56:12 com.jayyin.jaytomcat.catalina.Context deploy
INFO : Deployment of web application directory F:\Project\jaytomcat\webapps\ROOT has finished in 1ms
    07/04/2020 14:56:12 com.jayyin.jaytomcat.catalina.Context deploy
INFO : Server version:	JayTomcat/1.0.1
    07/04/2020 14:56:12 com.jayyin.jaytomcat.catalina.Server logJVM
INFO : Server built:	2020-06-04 22:20:22
    07/04/2020 14:56:12 com.jayyin.jaytomcat.catalina.Server logJVM
INFO : Server number:	1.0.1
    07/04/2020 14:56:12 com.jayyin.jaytomcat.catalina.Server logJVM
INFO : OS Name:	Windows 10
    07/04/2020 14:56:12 com.jayyin.jaytomcat.catalina.Server logJVM
INFO : OS Version:	10.0
    07/04/2020 14:56:12 com.jayyin.jaytomcat.catalina.Server logJVM
INFO : Architecture:	amd64
    07/04/2020 14:56:12 com.jayyin.jaytomcat.catalina.Server logJVM
INFO : Java Home:	E:\Program Files\jdk8-191\jre
    07/04/2020 14:56:12 com.jayyin.jaytomcat.catalina.Server logJVM
INFO : JVM Version:	1.8.0_191-b12
    07/04/2020 14:56:12 com.jayyin.jaytomcat.catalina.Server logJVM
INFO : JVM Vendor:	Oracle Corporation
    07/04/2020 14:56:12 com.jayyin.jaytomcat.catalina.Server logJVM
INFO : Initializing Connector 18080
    07/04/2020 14:56:12 com.jayyin.jaytomcat.catalina.Connector init
INFO : Initialization processed in 0ms
    07/04/2020 14:56:12 com.jayyin.jaytomcat.catalina.Service init
INFO : Server startup in 406ms
    07/04/2020 14:56:13 com.jayyin.jaytomcat.catalina.Server start
INFO : Deploying web application directory F:/Project/jaytomcat/webapps/javaweb
    07/04/2020 15:03:47 com.jayyin.jaytomcat.catalina.Context deploy
INFO : Deployment of web application directory F:/Project/jaytomcat/webapps/javaweb has finished in 233ms
    07/04/2020 15:03:47 com.jayyin.jaytomcat.catalina.Context deploy
INFO : Deploying web application directory F:/Project/jaytomcat/webapps/tmall/web
    07/04/2020 15:03:47 com.jayyin.jaytomcat.catalina.Context deploy
INFO : Deployment of web application directory F:/Project/jaytomcat/webapps/tmall/web has finished in 13ms
    07/04/2020 15:03:47 com.jayyin.jaytomcat.catalina.Context deploy
INFO : Deploying web application directory F:\Project\jaytomcat\webapps\app1
    07/04/2020 15:03:47 com.jayyin.jaytomcat.catalina.Context deploy
INFO : Deployment of web application directory F:\Project\jaytomcat\webapps\app1 has finished in 50ms
    07/04/2020 15:03:47 com.jayyin.jaytomcat.catalina.Context deploy
INFO : Deploying web application directory F:\Project\jaytomcat\webapps\javaweb2
    07/04/2020 15:03:47 com.jayyin.jaytomcat.catalina.Context deploy
INFO : Deployment of web application directory F:\Project\jaytomcat\webapps\javaweb2 has finished in 17ms
    07/04/2020 15:03:47 com.jayyin.jaytomcat.catalina.Context deploy
INFO : Deploying web application directory F:\Project\jaytomcat\webapps\ROOT
    07/04/2020 15:03:47 com.jayyin.jaytomcat.catalina.Context deploy
INFO : Deployment of web application directory F:\Project\jaytomcat\webapps\ROOT has finished in 0ms
    07/04/2020 15:03:47 com.jayyin.jaytomcat.catalina.Context deploy
INFO : Deploying web application directory F:/Project/jaytomcat/webapps/javaweb
    07/04/2020 15:03:47 com.jayyin.jaytomcat.catalina.Context deploy
INFO : Deployment of web application directory F:/Project/jaytomcat/webapps/javaweb has finished in 4ms
    07/04/2020 15:03:47 com.jayyin.jaytomcat.catalina.Context deploy
INFO : Deploying web application directory F:/Project/jaytomcat/webapps/tmall/web
    07/04/2020 15:03:47 com.jayyin.jaytomcat.catalina.Context deploy
INFO : Deployment of web application directory F:/Project/jaytomcat/webapps/tmall/web has finished in 15ms
    07/04/2020 15:03:47 com.jayyin.jaytomcat.catalina.Context deploy
INFO : Deploying web application directory F:\Project\jaytomcat\webapps\app1
    07/04/2020 15:03:47 com.jayyin.jaytomcat.catalina.Context deploy
INFO : Deployment of web application directory F:\Project\jaytomcat\webapps\app1 has finished in 30ms
    07/04/2020 15:03:47 com.jayyin.jaytomcat.catalina.Context deploy
INFO : Deploying web application directory F:\Project\jaytomcat\webapps\javaweb2
    07/04/2020 15:03:47 com.jayyin.jaytomcat.catalina.Context deploy
INFO : Deployment of web application directory F:\Project\jaytomcat\webapps\javaweb2 has finished in 22ms
    07/04/2020 15:03:47 com.jayyin.jaytomcat.catalina.Context deploy
INFO : Deploying web application directory F:\Project\jaytomcat\webapps\ROOT
    07/04/2020 15:03:47 com.jayyin.jaytomcat.catalina.Context deploy
INFO : Deployment of web application directory F:\Project\jaytomcat\webapps\ROOT has finished in 2ms
    07/04/2020 15:03:47 com.jayyin.jaytomcat.catalina.Context deploy
INFO : Server version:	JayTomcat/1.0.1
    07/04/2020 15:03:47 com.jayyin.jaytomcat.catalina.Server logJVM
INFO : Server built:	2020-06-04 22:20:22
    07/04/2020 15:03:47 com.jayyin.jaytomcat.catalina.Server logJVM
INFO : Server number:	1.0.1
    07/04/2020 15:03:47 com.jayyin.jaytomcat.catalina.Server logJVM
INFO : OS Name:	Windows 10
    07/04/2020 15:03:47 com.jayyin.jaytomcat.catalina.Server logJVM
INFO : OS Version:	10.0
    07/04/2020 15:03:47 com.jayyin.jaytomcat.catalina.Server logJVM
INFO : Architecture:	amd64
    07/04/2020 15:03:47 com.jayyin.jaytomcat.catalina.Server logJVM
INFO : Java Home:	E:\Program Files\jdk8-191\jre
    07/04/2020 15:03:47 com.jayyin.jaytomcat.catalina.Server logJVM
INFO : JVM Version:	1.8.0_191-b12
    07/04/2020 15:03:47 com.jayyin.jaytomcat.catalina.Server logJVM
INFO : JVM Vendor:	Oracle Corporation
    07/04/2020 15:03:47 com.jayyin.jaytomcat.catalina.Server logJVM
INFO : Initializing Connector 18080
    07/04/2020 15:03:47 com.jayyin.jaytomcat.catalina.Connector init
INFO : Initialization processed in 0ms
    07/04/2020 15:03:47 com.jayyin.jaytomcat.catalina.Service init
INFO : Acceptor Poller 初始化
    07/04/2020 15:03:47 com.jayyin.jaytomcat.net.NioEndpoint init
INFO : Server startup in 447ms
    07/04/2020 15:03:48 com.jayyin.jaytomcat.catalina.Server start
