INFO : Deploying web application directory F:/Project/jaytomcat/app2
    06/21/2020 11:31:04 com.jayyin.jaytomcat.catalina.Context deploy
INFO : Deployment of web application directory F:/Project/jaytomcat/app2 has finished in 250ms
    06/21/2020 11:31:04 com.jayyin.jaytomcat.catalina.Context deploy
INFO : Deploying web application directory F:/Project/jaytomcat/webapps/javaweb
    06/21/2020 11:31:04 com.jayyin.jaytomcat.catalina.Context deploy
INFO : Deployment of web application directory F:/Project/jaytomcat/webapps/javaweb has finished in 47ms
    06/21/2020 11:31:04 com.jayyin.jaytomcat.catalina.Context deploy
INFO : Deploying web application directory F:\Project\jaytomcat\webapps\app1
    06/21/2020 11:31:04 com.jayyin.jaytomcat.catalina.Context deploy
INFO : Deployment of web application directory F:\Project\jaytomcat\webapps\app1 has finished in 31ms
    06/21/2020 11:31:04 com.jayyin.jaytomcat.catalina.Context deploy
INFO : Deploying web application directory F:\Project\jaytomcat\webapps\ROOT
    06/21/2020 11:31:04 com.jayyin.jaytomcat.catalina.Context deploy
INFO : Deployment of web application directory F:\Project\jaytomcat\webapps\ROOT has finished in 0ms
    06/21/2020 11:31:04 com.jayyin.jaytomcat.catalina.Context deploy
INFO : Deploying web application directory F:/Project/jaytomcat/app2
    06/21/2020 11:31:04 com.jayyin.jaytomcat.catalina.Context deploy
INFO : Deployment of web application directory F:/Project/jaytomcat/app2 has finished in 0ms
    06/21/2020 11:31:04 com.jayyin.jaytomcat.catalina.Context deploy
INFO : Deploying web application directory F:/Project/jaytomcat/webapps/javaweb
    06/21/2020 11:31:04 com.jayyin.jaytomcat.catalina.Context deploy
INFO : Deployment of web application directory F:/Project/jaytomcat/webapps/javaweb has finished in 0ms
    06/21/2020 11:31:04 com.jayyin.jaytomcat.catalina.Context deploy
INFO : Deploying web application directory F:\Project\jaytomcat\webapps\app1
    06/21/2020 11:31:04 com.jayyin.jaytomcat.catalina.Context deploy
INFO : Deployment of web application directory F:\Project\jaytomcat\webapps\app1 has finished in 0ms
    06/21/2020 11:31:04 com.jayyin.jaytomcat.catalina.Context deploy
INFO : Deploying web application directory F:\Project\jaytomcat\webapps\ROOT
    06/21/2020 11:31:04 com.jayyin.jaytomcat.catalina.Context deploy
INFO : Deployment of web application directory F:\Project\jaytomcat\webapps\ROOT has finished in 0ms
    06/21/2020 11:31:04 com.jayyin.jaytomcat.catalina.Context deploy
INFO : Server version:	JayTomcat/1.0.1
    06/21/2020 11:31:04 com.jayyin.jaytomcat.catalina.Server logJVM
INFO : Server built:	2020-06-04 22:20:22
    06/21/2020 11:31:04 com.jayyin.jaytomcat.catalina.Server logJVM
INFO : Server number:	1.0.1
    06/21/2020 11:31:04 com.jayyin.jaytomcat.catalina.Server logJVM
INFO : OS Name:	Windows 10
    06/21/2020 11:31:04 com.jayyin.jaytomcat.catalina.Server logJVM
INFO : OS Version:	10.0
    06/21/2020 11:31:04 com.jayyin.jaytomcat.catalina.Server logJVM
INFO : Architecture:	amd64
    06/21/2020 11:31:04 com.jayyin.jaytomcat.catalina.Server logJVM
INFO : Java Home:	E:\Program Files\jdk8-191\jre
    06/21/2020 11:31:04 com.jayyin.jaytomcat.catalina.Server logJVM
INFO : JVM Version:	1.8.0_191-b12
    06/21/2020 11:31:04 com.jayyin.jaytomcat.catalina.Server logJVM
INFO : JVM Vendor:	Oracle Corporation
    06/21/2020 11:31:04 com.jayyin.jaytomcat.catalina.Server logJVM
INFO : Initializing ProtocolHandler [http-bio-18080]
    06/21/2020 11:31:04 com.jayyin.jaytomcat.catalina.Connector init
INFO : Initializing ProtocolHandler [http-bio-18081]
    06/21/2020 11:31:05 com.jayyin.jaytomcat.catalina.Connector init
INFO : Initializing ProtocolHandler [http-bio-18082]
    06/21/2020 11:31:05 com.jayyin.jaytomcat.catalina.Connector init
INFO : Initialization processed in 16ms
    06/21/2020 11:31:05 com.jayyin.jaytomcat.catalina.Service init
INFO : Starting ProtocolHandler [http-bio-18080]
    06/21/2020 11:31:05 com.jayyin.jaytomcat.catalina.Connector start
INFO : Starting ProtocolHandler [http-bio-18081]
    06/21/2020 11:31:05 com.jayyin.jaytomcat.catalina.Connector start
INFO : Starting ProtocolHandler [http-bio-18082]
    06/21/2020 11:31:05 com.jayyin.jaytomcat.catalina.Connector start
INFO : Server startup in 16ms
    06/21/2020 11:31:05 com.jayyin.jaytomcat.catalina.Server start
INFO : Deploying web application directory F:/Project/jaytomcat/app2
    06/21/2020 15:15:42 com.jayyin.jaytomcat.catalina.Context deploy
INFO : Deployment of web application directory F:/Project/jaytomcat/app2 has finished in 219ms
    06/21/2020 15:15:42 com.jayyin.jaytomcat.catalina.Context deploy
INFO : Deploying web application directory F:/Project/jaytomcat/webapps/javaweb
    06/21/2020 15:15:42 com.jayyin.jaytomcat.catalina.Context deploy
INFO : Deployment of web application directory F:/Project/jaytomcat/webapps/javaweb has finished in 63ms
    06/21/2020 15:15:42 com.jayyin.jaytomcat.catalina.Context deploy
INFO : Deploying web application directory F:\Project\jaytomcat\webapps\app1
    06/21/2020 15:15:42 com.jayyin.jaytomcat.catalina.Context deploy
INFO : Deployment of web application directory F:\Project\jaytomcat\webapps\app1 has finished in 21ms
    06/21/2020 15:15:42 com.jayyin.jaytomcat.catalina.Context deploy
INFO : Deploying web application directory F:\Project\jaytomcat\webapps\ROOT
    06/21/2020 15:15:42 com.jayyin.jaytomcat.catalina.Context deploy
INFO : Deployment of web application directory F:\Project\jaytomcat\webapps\ROOT has finished in 5ms
    06/21/2020 15:15:42 com.jayyin.jaytomcat.catalina.Context deploy
INFO : Deploying web application directory F:/Project/jaytomcat/app2
    06/21/2020 15:15:42 com.jayyin.jaytomcat.catalina.Context deploy
INFO : Deployment of web application directory F:/Project/jaytomcat/app2 has finished in 1ms
    06/21/2020 15:15:42 com.jayyin.jaytomcat.catalina.Context deploy
INFO : Deploying web application directory F:/Project/jaytomcat/webapps/javaweb
    06/21/2020 15:15:42 com.jayyin.jaytomcat.catalina.Context deploy
INFO : Deployment of web application directory F:/Project/jaytomcat/webapps/javaweb has finished in 13ms
    06/21/2020 15:15:42 com.jayyin.jaytomcat.catalina.Context deploy
INFO : Deploying web application directory F:\Project\jaytomcat\webapps\app1
    06/21/2020 15:15:42 com.jayyin.jaytomcat.catalina.Context deploy
INFO : Deployment of web application directory F:\Project\jaytomcat\webapps\app1 has finished in 7ms
    06/21/2020 15:15:42 com.jayyin.jaytomcat.catalina.Context deploy
INFO : Deploying web application directory F:\Project\jaytomcat\webapps\ROOT
    06/21/2020 15:15:42 com.jayyin.jaytomcat.catalina.Context deploy
INFO : Deployment of web application directory F:\Project\jaytomcat\webapps\ROOT has finished in 1ms
    06/21/2020 15:15:42 com.jayyin.jaytomcat.catalina.Context deploy
INFO : Server version:	JayTomcat/1.0.1
    06/21/2020 15:15:42 com.jayyin.jaytomcat.catalina.Server logJVM
INFO : Server built:	2020-06-04 22:20:22
    06/21/2020 15:15:42 com.jayyin.jaytomcat.catalina.Server logJVM
INFO : Server number:	1.0.1
    06/21/2020 15:15:42 com.jayyin.jaytomcat.catalina.Server logJVM
INFO : OS Name:	Windows 10
    06/21/2020 15:15:42 com.jayyin.jaytomcat.catalina.Server logJVM
INFO : OS Version:	10.0
    06/21/2020 15:15:42 com.jayyin.jaytomcat.catalina.Server logJVM
INFO : Architecture:	amd64
    06/21/2020 15:15:42 com.jayyin.jaytomcat.catalina.Server logJVM
INFO : Java Home:	E:\Program Files\jdk8-191\jre
    06/21/2020 15:15:42 com.jayyin.jaytomcat.catalina.Server logJVM
INFO : JVM Version:	1.8.0_191-b12
    06/21/2020 15:15:42 com.jayyin.jaytomcat.catalina.Server logJVM
INFO : JVM Vendor:	Oracle Corporation
    06/21/2020 15:15:42 com.jayyin.jaytomcat.catalina.Server logJVM
INFO : Initializing ProtocolHandler [http-bio-18080]
    06/21/2020 15:15:42 com.jayyin.jaytomcat.catalina.Connector init
INFO : Initializing ProtocolHandler [http-bio-18081]
    06/21/2020 15:15:42 com.jayyin.jaytomcat.catalina.Connector init
INFO : Initializing ProtocolHandler [http-bio-18082]
    06/21/2020 15:15:42 com.jayyin.jaytomcat.catalina.Connector init
INFO : Initialization processed in 1ms
    06/21/2020 15:15:42 com.jayyin.jaytomcat.catalina.Service init
INFO : Starting ProtocolHandler [http-bio-18080]
    06/21/2020 15:15:42 com.jayyin.jaytomcat.catalina.Connector start
INFO : Starting ProtocolHandler [http-bio-18081]
    06/21/2020 15:15:42 com.jayyin.jaytomcat.catalina.Connector start
INFO : Starting ProtocolHandler [http-bio-18082]
    06/21/2020 15:15:42 com.jayyin.jaytomcat.catalina.Connector start
INFO : Server startup in 11ms
    06/21/2020 15:15:42 com.jayyin.jaytomcat.catalina.Server start
ERROR: this is a deliberately created exception
    06/21/2020 15:15:51 com.jayyin.jaytomcat.catalina.HttpProcessor error
java.lang.RuntimeException: this is a deliberately created exception
	at com.jayyin.jaytomcat.servlets.DefaultServlet.service(DefaultServlet.java:42)
	at com.jayyin.jaytomcat.catalina.HttpProcessor.execute(HttpProcessor.java:59)
	at com.jayyin.jaytomcat.catalina.Connector$1.run(Connector.java:64)
	at java.util.concurrent.ThreadPoolExecutor.runWorker(ThreadPoolExecutor.java:1149)
	at java.util.concurrent.ThreadPoolExecutor$Worker.run(ThreadPoolExecutor.java:624)
	at java.lang.Thread.run(Thread.java:748)
INFO : Deploying web application directory F:/Project/jaytomcat/app2
    06/21/2020 15:55:01 com.jayyin.jaytomcat.catalina.Context deploy
INFO : Deployment of web application directory F:/Project/jaytomcat/app2 has finished in 234ms
    06/21/2020 15:55:01 com.jayyin.jaytomcat.catalina.Context deploy
INFO : Deploying web application directory F:/Project/jaytomcat/webapps/javaweb
    06/21/2020 15:55:01 com.jayyin.jaytomcat.catalina.Context deploy
INFO : Deployment of web application directory F:/Project/jaytomcat/webapps/javaweb has finished in 15ms
    06/21/2020 15:55:01 com.jayyin.jaytomcat.catalina.Context deploy
INFO : Deploying web application directory F:\Project\jaytomcat\webapps\app1
    06/21/2020 15:55:01 com.jayyin.jaytomcat.catalina.Context deploy
INFO : Deployment of web application directory F:\Project\jaytomcat\webapps\app1 has finished in 63ms
    06/21/2020 15:55:01 com.jayyin.jaytomcat.catalina.Context deploy
INFO : Deploying web application directory F:\Project\jaytomcat\webapps\ROOT
    06/21/2020 15:55:01 com.jayyin.jaytomcat.catalina.Context deploy
INFO : Deployment of web application directory F:\Project\jaytomcat\webapps\ROOT has finished in 0ms
    06/21/2020 15:55:01 com.jayyin.jaytomcat.catalina.Context deploy
INFO : Deploying web application directory F:/Project/jaytomcat/app2
    06/21/2020 15:55:01 com.jayyin.jaytomcat.catalina.Context deploy
INFO : Deployment of web application directory F:/Project/jaytomcat/app2 has finished in 0ms
    06/21/2020 15:55:01 com.jayyin.jaytomcat.catalina.Context deploy
INFO : Deploying web application directory F:/Project/jaytomcat/webapps/javaweb
    06/21/2020 15:55:01 com.jayyin.jaytomcat.catalina.Context deploy
INFO : Deployment of web application directory F:/Project/jaytomcat/webapps/javaweb has finished in 15ms
    06/21/2020 15:55:01 com.jayyin.jaytomcat.catalina.Context deploy
INFO : Deploying web application directory F:\Project\jaytomcat\webapps\app1
    06/21/2020 15:55:01 com.jayyin.jaytomcat.catalina.Context deploy
INFO : Deployment of web application directory F:\Project\jaytomcat\webapps\app1 has finished in 0ms
    06/21/2020 15:55:01 com.jayyin.jaytomcat.catalina.Context deploy
INFO : Deploying web application directory F:\Project\jaytomcat\webapps\ROOT
    06/21/2020 15:55:01 com.jayyin.jaytomcat.catalina.Context deploy
INFO : Deployment of web application directory F:\Project\jaytomcat\webapps\ROOT has finished in 0ms
    06/21/2020 15:55:01 com.jayyin.jaytomcat.catalina.Context deploy
INFO : Server version:	JayTomcat/1.0.1
    06/21/2020 15:55:02 com.jayyin.jaytomcat.catalina.Server logJVM
INFO : Server built:	2020-06-04 22:20:22
    06/21/2020 15:55:02 com.jayyin.jaytomcat.catalina.Server logJVM
INFO : Server number:	1.0.1
    06/21/2020 15:55:02 com.jayyin.jaytomcat.catalina.Server logJVM
INFO : OS Name:	Windows 10
    06/21/2020 15:55:02 com.jayyin.jaytomcat.catalina.Server logJVM
INFO : OS Version:	10.0
    06/21/2020 15:55:02 com.jayyin.jaytomcat.catalina.Server logJVM
INFO : Architecture:	amd64
    06/21/2020 15:55:02 com.jayyin.jaytomcat.catalina.Server logJVM
INFO : Java Home:	E:\Program Files\jdk8-191\jre
    06/21/2020 15:55:02 com.jayyin.jaytomcat.catalina.Server logJVM
INFO : JVM Version:	1.8.0_191-b12
    06/21/2020 15:55:02 com.jayyin.jaytomcat.catalina.Server logJVM
INFO : JVM Vendor:	Oracle Corporation
    06/21/2020 15:55:02 com.jayyin.jaytomcat.catalina.Server logJVM
INFO : Initializing ProtocolHandler [http-bio-18080]
    06/21/2020 15:55:02 com.jayyin.jaytomcat.catalina.Connector init
INFO : Initializing ProtocolHandler [http-bio-18081]
    06/21/2020 15:55:02 com.jayyin.jaytomcat.catalina.Connector init
INFO : Initializing ProtocolHandler [http-bio-18082]
    06/21/2020 15:55:02 com.jayyin.jaytomcat.catalina.Connector init
INFO : Initialization processed in 0ms
    06/21/2020 15:55:02 com.jayyin.jaytomcat.catalina.Service init
INFO : Starting ProtocolHandler [http-bio-18080]
    06/21/2020 15:55:02 com.jayyin.jaytomcat.catalina.Connector start
INFO : Starting ProtocolHandler [http-bio-18081]
    06/21/2020 15:55:02 com.jayyin.jaytomcat.catalina.Connector start
INFO : Starting ProtocolHandler [http-bio-18082]
    06/21/2020 15:55:02 com.jayyin.jaytomcat.catalina.Connector start
INFO : Server startup in 47ms
    06/21/2020 15:55:02 com.jayyin.jaytomcat.catalina.Server start
ERROR: this is a deliberately created exception
    06/21/2020 15:55:08 com.jayyin.jaytomcat.catalina.HttpProcessor error
java.lang.RuntimeException: this is a deliberately created exception
	at com.jayyin.jaytomcat.servlets.DefaultServlet.service(DefaultServlet.java:42)
	at com.jayyin.jaytomcat.catalina.HttpProcessor.execute(HttpProcessor.java:62)
	at com.jayyin.jaytomcat.catalina.Connector$1.run(Connector.java:64)
	at java.util.concurrent.ThreadPoolExecutor.runWorker(ThreadPoolExecutor.java:1149)
	at java.util.concurrent.ThreadPoolExecutor$Worker.run(ThreadPoolExecutor.java:624)
	at java.lang.Thread.run(Thread.java:748)
INFO : Deploying web application directory F:/Project/jaytomcat/app2
    06/21/2020 15:59:42 com.jayyin.jaytomcat.catalina.Context deploy
INFO : Deployment of web application directory F:/Project/jaytomcat/app2 has finished in 219ms
    06/21/2020 15:59:42 com.jayyin.jaytomcat.catalina.Context deploy
INFO : Deploying web application directory F:/Project/jaytomcat/webapps/javaweb
    06/21/2020 15:59:42 com.jayyin.jaytomcat.catalina.Context deploy
INFO : Deployment of web application directory F:/Project/jaytomcat/webapps/javaweb has finished in 16ms
    06/21/2020 15:59:42 com.jayyin.jaytomcat.catalina.Context deploy
INFO : Deploying web application directory F:\Project\jaytomcat\webapps\app1
    06/21/2020 15:59:42 com.jayyin.jaytomcat.catalina.Context deploy
INFO : Deployment of web application directory F:\Project\jaytomcat\webapps\app1 has finished in 15ms
    06/21/2020 15:59:42 com.jayyin.jaytomcat.catalina.Context deploy
INFO : Deploying web application directory F:\Project\jaytomcat\webapps\ROOT
    06/21/2020 15:59:42 com.jayyin.jaytomcat.catalina.Context deploy
INFO : Deployment of web application directory F:\Project\jaytomcat\webapps\ROOT has finished in 0ms
    06/21/2020 15:59:42 com.jayyin.jaytomcat.catalina.Context deploy
INFO : Deploying web application directory F:/Project/jaytomcat/app2
    06/21/2020 15:59:42 com.jayyin.jaytomcat.catalina.Context deploy
INFO : Deployment of web application directory F:/Project/jaytomcat/app2 has finished in 0ms
    06/21/2020 15:59:42 com.jayyin.jaytomcat.catalina.Context deploy
INFO : Deploying web application directory F:/Project/jaytomcat/webapps/javaweb
    06/21/2020 15:59:42 com.jayyin.jaytomcat.catalina.Context deploy
INFO : Deployment of web application directory F:/Project/jaytomcat/webapps/javaweb has finished in 16ms
    06/21/2020 15:59:42 com.jayyin.jaytomcat.catalina.Context deploy
INFO : Deploying web application directory F:\Project\jaytomcat\webapps\app1
    06/21/2020 15:59:42 com.jayyin.jaytomcat.catalina.Context deploy
INFO : Deployment of web application directory F:\Project\jaytomcat\webapps\app1 has finished in 0ms
    06/21/2020 15:59:42 com.jayyin.jaytomcat.catalina.Context deploy
INFO : Deploying web application directory F:\Project\jaytomcat\webapps\ROOT
    06/21/2020 15:59:42 com.jayyin.jaytomcat.catalina.Context deploy
INFO : Deployment of web application directory F:\Project\jaytomcat\webapps\ROOT has finished in 0ms
    06/21/2020 15:59:42 com.jayyin.jaytomcat.catalina.Context deploy
INFO : Server version:	JayTomcat/1.0.1
    06/21/2020 15:59:42 com.jayyin.jaytomcat.catalina.Server logJVM
INFO : Server built:	2020-06-04 22:20:22
    06/21/2020 15:59:42 com.jayyin.jaytomcat.catalina.Server logJVM
INFO : Server number:	1.0.1
    06/21/2020 15:59:42 com.jayyin.jaytomcat.catalina.Server logJVM
INFO : OS Name:	Windows 10
    06/21/2020 15:59:42 com.jayyin.jaytomcat.catalina.Server logJVM
INFO : OS Version:	10.0
    06/21/2020 15:59:42 com.jayyin.jaytomcat.catalina.Server logJVM
INFO : Architecture:	amd64
    06/21/2020 15:59:42 com.jayyin.jaytomcat.catalina.Server logJVM
INFO : Java Home:	E:\Program Files\jdk8-191\jre
    06/21/2020 15:59:42 com.jayyin.jaytomcat.catalina.Server logJVM
INFO : JVM Version:	1.8.0_191-b12
    06/21/2020 15:59:42 com.jayyin.jaytomcat.catalina.Server logJVM
INFO : JVM Vendor:	Oracle Corporation
    06/21/2020 15:59:42 com.jayyin.jaytomcat.catalina.Server logJVM
INFO : Initializing ProtocolHandler [http-bio-18080]
    06/21/2020 15:59:42 com.jayyin.jaytomcat.catalina.Connector init
INFO : Initializing ProtocolHandler [http-bio-18081]
    06/21/2020 15:59:42 com.jayyin.jaytomcat.catalina.Connector init
INFO : Initializing ProtocolHandler [http-bio-18082]
    06/21/2020 15:59:42 com.jayyin.jaytomcat.catalina.Connector init
INFO : Initialization processed in 0ms
    06/21/2020 15:59:42 com.jayyin.jaytomcat.catalina.Service init
INFO : Starting ProtocolHandler [http-bio-18080]
    06/21/2020 15:59:42 com.jayyin.jaytomcat.catalina.Connector start
INFO : Starting ProtocolHandler [http-bio-18081]
    06/21/2020 15:59:42 com.jayyin.jaytomcat.catalina.Connector start
INFO : Starting ProtocolHandler [http-bio-18082]
    06/21/2020 15:59:42 com.jayyin.jaytomcat.catalina.Connector start
INFO : Server startup in 0ms
    06/21/2020 15:59:42 com.jayyin.jaytomcat.catalina.Server start
ERROR: this is a deliberately created exception
    06/21/2020 15:59:48 com.jayyin.jaytomcat.catalina.HttpProcessor error
java.lang.RuntimeException: this is a deliberately created exception
	at com.jayyin.jaytomcat.servlets.DefaultServlet.service(DefaultServlet.java:42)
	at com.jayyin.jaytomcat.catalina.HttpProcessor.execute(HttpProcessor.java:62)
	at com.jayyin.jaytomcat.catalina.Connector$1.run(Connector.java:64)
	at java.util.concurrent.ThreadPoolExecutor.runWorker(ThreadPoolExecutor.java:1149)
	at java.util.concurrent.ThreadPoolExecutor$Worker.run(ThreadPoolExecutor.java:624)
	at java.lang.Thread.run(Thread.java:748)
INFO : Deploying web application directory F:/Project/jaytomcat/app2
    06/21/2020 20:59:18 com.jayyin.jaytomcat.catalina.Context deploy
INFO : Deployment of web application directory F:/Project/jaytomcat/app2 has finished in 203ms
    06/21/2020 20:59:18 com.jayyin.jaytomcat.catalina.Context deploy
INFO : Deploying web application directory F:/Project/jaytomcat/webapps/javaweb
    06/21/2020 20:59:18 com.jayyin.jaytomcat.catalina.Context deploy
INFO : Deployment of web application directory F:/Project/jaytomcat/webapps/javaweb has finished in 32ms
    06/21/2020 20:59:18 com.jayyin.jaytomcat.catalina.Context deploy
INFO : Deploying web application directory F:\Project\jaytomcat\webapps\app1
    06/21/2020 20:59:18 com.jayyin.jaytomcat.catalina.Context deploy
INFO : Deployment of web application directory F:\Project\jaytomcat\webapps\app1 has finished in 31ms
    06/21/2020 20:59:18 com.jayyin.jaytomcat.catalina.Context deploy
INFO : Deploying web application directory F:\Project\jaytomcat\webapps\ROOT
    06/21/2020 20:59:18 com.jayyin.jaytomcat.catalina.Context deploy
INFO : Deployment of web application directory F:\Project\jaytomcat\webapps\ROOT has finished in 0ms
    06/21/2020 20:59:18 com.jayyin.jaytomcat.catalina.Context deploy
INFO : Deploying web application directory F:/Project/jaytomcat/app2
    06/21/2020 20:59:18 com.jayyin.jaytomcat.catalina.Context deploy
INFO : Deployment of web application directory F:/Project/jaytomcat/app2 has finished in 0ms
    06/21/2020 20:59:18 com.jayyin.jaytomcat.catalina.Context deploy
INFO : Deploying web application directory F:/Project/jaytomcat/webapps/javaweb
    06/21/2020 20:59:18 com.jayyin.jaytomcat.catalina.Context deploy
INFO : Deployment of web application directory F:/Project/jaytomcat/webapps/javaweb has finished in 15ms
    06/21/2020 20:59:18 com.jayyin.jaytomcat.catalina.Context deploy
INFO : Deploying web application directory F:\Project\jaytomcat\webapps\app1
    06/21/2020 20:59:18 com.jayyin.jaytomcat.catalina.Context deploy
INFO : Deployment of web application directory F:\Project\jaytomcat\webapps\app1 has finished in 0ms
    06/21/2020 20:59:18 com.jayyin.jaytomcat.catalina.Context deploy
INFO : Deploying web application directory F:\Project\jaytomcat\webapps\ROOT
    06/21/2020 20:59:18 com.jayyin.jaytomcat.catalina.Context deploy
INFO : Deployment of web application directory F:\Project\jaytomcat\webapps\ROOT has finished in 0ms
    06/21/2020 20:59:18 com.jayyin.jaytomcat.catalina.Context deploy
INFO : Server version:	JayTomcat/1.0.1
    06/21/2020 20:59:18 com.jayyin.jaytomcat.catalina.Server logJVM
INFO : Server built:	2020-06-04 22:20:22
    06/21/2020 20:59:18 com.jayyin.jaytomcat.catalina.Server logJVM
INFO : Server number:	1.0.1
    06/21/2020 20:59:18 com.jayyin.jaytomcat.catalina.Server logJVM
INFO : OS Name:	Windows 10
    06/21/2020 20:59:18 com.jayyin.jaytomcat.catalina.Server logJVM
INFO : OS Version:	10.0
    06/21/2020 20:59:18 com.jayyin.jaytomcat.catalina.Server logJVM
INFO : Architecture:	amd64
    06/21/2020 20:59:18 com.jayyin.jaytomcat.catalina.Server logJVM
INFO : Java Home:	E:\Program Files\jdk8-191\jre
    06/21/2020 20:59:18 com.jayyin.jaytomcat.catalina.Server logJVM
INFO : JVM Version:	1.8.0_191-b12
    06/21/2020 20:59:18 com.jayyin.jaytomcat.catalina.Server logJVM
INFO : JVM Vendor:	Oracle Corporation
    06/21/2020 20:59:18 com.jayyin.jaytomcat.catalina.Server logJVM
INFO : Initializing ProtocolHandler [http-bio-18080]
    06/21/2020 20:59:18 com.jayyin.jaytomcat.catalina.Connector init
INFO : Initializing ProtocolHandler [http-bio-18081]
    06/21/2020 20:59:18 com.jayyin.jaytomcat.catalina.Connector init
INFO : Initializing ProtocolHandler [http-bio-18082]
    06/21/2020 20:59:18 com.jayyin.jaytomcat.catalina.Connector init
INFO : Initialization processed in 0ms
    06/21/2020 20:59:18 com.jayyin.jaytomcat.catalina.Service init
INFO : Starting ProtocolHandler [http-bio-18080]
    06/21/2020 20:59:18 com.jayyin.jaytomcat.catalina.Connector start
INFO : Starting ProtocolHandler [http-bio-18081]
    06/21/2020 20:59:18 com.jayyin.jaytomcat.catalina.Connector start
INFO : Starting ProtocolHandler [http-bio-18082]
    06/21/2020 20:59:18 com.jayyin.jaytomcat.catalina.Connector start
INFO : Server startup in 15ms
    06/21/2020 20:59:18 com.jayyin.jaytomcat.catalina.Server start
ERROR: this is a deliberately created exception
    06/21/2020 20:59:22 com.jayyin.jaytomcat.catalina.HttpProcessor error
java.lang.RuntimeException: this is a deliberately created exception
	at com.jayyin.jaytomcat.servlets.DefaultServlet.service(DefaultServlet.java:42)
	at com.jayyin.jaytomcat.catalina.HttpProcessor.execute(HttpProcessor.java:62)
	at com.jayyin.jaytomcat.catalina.Connector$1.run(Connector.java:64)
	at java.util.concurrent.ThreadPoolExecutor.runWorker(ThreadPoolExecutor.java:1149)
	at java.util.concurrent.ThreadPoolExecutor$Worker.run(ThreadPoolExecutor.java:624)
	at java.lang.Thread.run(Thread.java:748)
ERROR: this is a deliberately created exception
    06/21/2020 21:00:16 com.jayyin.jaytomcat.catalina.HttpProcessor error
java.lang.RuntimeException: this is a deliberately created exception
	at com.jayyin.jaytomcat.servlets.DefaultServlet.service(DefaultServlet.java:42)
	at com.jayyin.jaytomcat.catalina.HttpProcessor.execute(HttpProcessor.java:62)
	at com.jayyin.jaytomcat.catalina.Connector$1.run(Connector.java:64)
	at java.util.concurrent.ThreadPoolExecutor.runWorker(ThreadPoolExecutor.java:1149)
	at java.util.concurrent.ThreadPoolExecutor$Worker.run(ThreadPoolExecutor.java:624)
	at java.lang.Thread.run(Thread.java:748)
INFO : Deploying web application directory F:/Project/jaytomcat/app2
    06/21/2020 21:02:15 com.jayyin.jaytomcat.catalina.Context deploy
INFO : Deployment of web application directory F:/Project/jaytomcat/app2 has finished in 219ms
    06/21/2020 21:02:15 com.jayyin.jaytomcat.catalina.Context deploy
INFO : Deploying web application directory F:/Project/jaytomcat/webapps/javaweb
    06/21/2020 21:02:15 com.jayyin.jaytomcat.catalina.Context deploy
INFO : Deployment of web application directory F:/Project/jaytomcat/webapps/javaweb has finished in 31ms
    06/21/2020 21:02:15 com.jayyin.jaytomcat.catalina.Context deploy
INFO : Deploying web application directory F:\Project\jaytomcat\webapps\app1
    06/21/2020 21:02:15 com.jayyin.jaytomcat.catalina.Context deploy
INFO : Deployment of web application directory F:\Project\jaytomcat\webapps\app1 has finished in 32ms
    06/21/2020 21:02:15 com.jayyin.jaytomcat.catalina.Context deploy
INFO : Deploying web application directory F:\Project\jaytomcat\webapps\ROOT
    06/21/2020 21:02:15 com.jayyin.jaytomcat.catalina.Context deploy
INFO : Deployment of web application directory F:\Project\jaytomcat\webapps\ROOT has finished in 0ms
    06/21/2020 21:02:15 com.jayyin.jaytomcat.catalina.Context deploy
INFO : Deploying web application directory F:/Project/jaytomcat/app2
    06/21/2020 21:02:15 com.jayyin.jaytomcat.catalina.Context deploy
INFO : Deployment of web application directory F:/Project/jaytomcat/app2 has finished in 0ms
    06/21/2020 21:02:15 com.jayyin.jaytomcat.catalina.Context deploy
INFO : Deploying web application directory F:/Project/jaytomcat/webapps/javaweb
    06/21/2020 21:02:15 com.jayyin.jaytomcat.catalina.Context deploy
INFO : Deployment of web application directory F:/Project/jaytomcat/webapps/javaweb has finished in 0ms
    06/21/2020 21:02:15 com.jayyin.jaytomcat.catalina.Context deploy
INFO : Deploying web application directory F:\Project\jaytomcat\webapps\app1
    06/21/2020 21:02:15 com.jayyin.jaytomcat.catalina.Context deploy
INFO : Deployment of web application directory F:\Project\jaytomcat\webapps\app1 has finished in 31ms
    06/21/2020 21:02:15 com.jayyin.jaytomcat.catalina.Context deploy
INFO : Deploying web application directory F:\Project\jaytomcat\webapps\ROOT
    06/21/2020 21:02:15 com.jayyin.jaytomcat.catalina.Context deploy
INFO : Deployment of web application directory F:\Project\jaytomcat\webapps\ROOT has finished in 0ms
    06/21/2020 21:02:15 com.jayyin.jaytomcat.catalina.Context deploy
INFO : Server version:	JayTomcat/1.0.1
    06/21/2020 21:02:15 com.jayyin.jaytomcat.catalina.Server logJVM
INFO : Server built:	2020-06-04 22:20:22
    06/21/2020 21:02:15 com.jayyin.jaytomcat.catalina.Server logJVM
INFO : Server number:	1.0.1
    06/21/2020 21:02:15 com.jayyin.jaytomcat.catalina.Server logJVM
INFO : OS Name:	Windows 10
    06/21/2020 21:02:15 com.jayyin.jaytomcat.catalina.Server logJVM
INFO : OS Version:	10.0
    06/21/2020 21:02:15 com.jayyin.jaytomcat.catalina.Server logJVM
INFO : Architecture:	amd64
    06/21/2020 21:02:15 com.jayyin.jaytomcat.catalina.Server logJVM
INFO : Java Home:	E:\Program Files\jdk8-191\jre
    06/21/2020 21:02:15 com.jayyin.jaytomcat.catalina.Server logJVM
INFO : JVM Version:	1.8.0_191-b12
    06/21/2020 21:02:15 com.jayyin.jaytomcat.catalina.Server logJVM
INFO : JVM Vendor:	Oracle Corporation
    06/21/2020 21:02:15 com.jayyin.jaytomcat.catalina.Server logJVM
INFO : Initializing ProtocolHandler [http-bio-18080]
    06/21/2020 21:02:15 com.jayyin.jaytomcat.catalina.Connector init
INFO : Initializing ProtocolHandler [http-bio-18081]
    06/21/2020 21:02:15 com.jayyin.jaytomcat.catalina.Connector init
INFO : Initializing ProtocolHandler [http-bio-18082]
    06/21/2020 21:02:15 com.jayyin.jaytomcat.catalina.Connector init
INFO : Initialization processed in 0ms
    06/21/2020 21:02:15 com.jayyin.jaytomcat.catalina.Service init
INFO : Starting ProtocolHandler [http-bio-18080]
    06/21/2020 21:02:15 com.jayyin.jaytomcat.catalina.Connector start
INFO : Starting ProtocolHandler [http-bio-18081]
    06/21/2020 21:02:15 com.jayyin.jaytomcat.catalina.Connector start
INFO : Starting ProtocolHandler [http-bio-18082]
    06/21/2020 21:02:15 com.jayyin.jaytomcat.catalina.Connector start
INFO : Server startup in 16ms
    06/21/2020 21:02:15 com.jayyin.jaytomcat.catalina.Server start
