INFO : Deploying web application directory F:/Project/jaytomcat/webapps/javaweb
    06/24/2020 00:11:56 com.jayyin.jaytomcat.catalina.Context deploy
INFO : Deployment of web application directory F:/Project/jaytomcat/webapps/javaweb has finished in 250ms
    06/24/2020 00:11:56 com.jayyin.jaytomcat.catalina.Context deploy
INFO : Deploying web application directory F:/Project/jaytomcat/webapps/tmall/web
    06/24/2020 00:11:56 com.jayyin.jaytomcat.catalina.Context deploy
INFO : Deployment of web application directory F:/Project/jaytomcat/webapps/tmall/web has finished in 16ms
    06/24/2020 00:11:56 com.jayyin.jaytomcat.catalina.Context deploy
INFO : Deploying web application directory F:\Project\jaytomcat\webapps\app1
    06/24/2020 00:11:56 com.jayyin.jaytomcat.catalina.Context deploy
INFO : Deployment of web application directory F:\Project\jaytomcat\webapps\app1 has finished in 47ms
    06/24/2020 00:11:56 com.jayyin.jaytomcat.catalina.Context deploy
INFO : Deploying web application directory F:\Project\jaytomcat\webapps\javaweb2
    06/24/2020 00:11:56 com.jayyin.jaytomcat.catalina.Context deploy
INFO : Deployment of web application directory F:\Project\jaytomcat\webapps\javaweb2 has finished in 47ms
    06/24/2020 00:11:56 com.jayyin.jaytomcat.catalina.Context deploy
INFO : Deploying web application directory F:\Project\jaytomcat\webapps\ROOT
    06/24/2020 00:11:56 com.jayyin.jaytomcat.catalina.Context deploy
INFO : Deployment of web application directory F:\Project\jaytomcat\webapps\ROOT has finished in 0ms
    06/24/2020 00:11:56 com.jayyin.jaytomcat.catalina.Context deploy
INFO : Deploying web application directory F:/Project/jaytomcat/webapps/javaweb
    06/24/2020 00:11:56 com.jayyin.jaytomcat.catalina.Context deploy
INFO : Deployment of web application directory F:/Project/jaytomcat/webapps/javaweb has finished in 15ms
    06/24/2020 00:11:56 com.jayyin.jaytomcat.catalina.Context deploy
INFO : Deploying web application directory F:/Project/jaytomcat/webapps/tmall/web
    06/24/2020 00:11:56 com.jayyin.jaytomcat.catalina.Context deploy
INFO : Deployment of web application directory F:/Project/jaytomcat/webapps/tmall/web has finished in 16ms
    06/24/2020 00:11:56 com.jayyin.jaytomcat.catalina.Context deploy
INFO : Deploying web application directory F:\Project\jaytomcat\webapps\app1
    06/24/2020 00:11:56 com.jayyin.jaytomcat.catalina.Context deploy
INFO : Deployment of web application directory F:\Project\jaytomcat\webapps\app1 has finished in 15ms
    06/24/2020 00:11:56 com.jayyin.jaytomcat.catalina.Context deploy
INFO : Deploying web application directory F:\Project\jaytomcat\webapps\javaweb2
    06/24/2020 00:11:56 com.jayyin.jaytomcat.catalina.Context deploy
INFO : Deployment of web application directory F:\Project\jaytomcat\webapps\javaweb2 has finished in 15ms
    06/24/2020 00:11:56 com.jayyin.jaytomcat.catalina.Context deploy
INFO : Deploying web application directory F:\Project\jaytomcat\webapps\ROOT
    06/24/2020 00:11:56 com.jayyin.jaytomcat.catalina.Context deploy
INFO : Deployment of web application directory F:\Project\jaytomcat\webapps\ROOT has finished in 0ms
    06/24/2020 00:11:56 com.jayyin.jaytomcat.catalina.Context deploy
INFO : Server version:	JayTomcat/1.0.1
    06/24/2020 00:11:56 com.jayyin.jaytomcat.catalina.Server logJVM
INFO : Server built:	2020-06-04 22:20:22
    06/24/2020 00:11:56 com.jayyin.jaytomcat.catalina.Server logJVM
INFO : Server number:	1.0.1
    06/24/2020 00:11:56 com.jayyin.jaytomcat.catalina.Server logJVM
INFO : OS Name:	Windows 10
    06/24/2020 00:11:56 com.jayyin.jaytomcat.catalina.Server logJVM
INFO : OS Version:	10.0
    06/24/2020 00:11:56 com.jayyin.jaytomcat.catalina.Server logJVM
INFO : Architecture:	amd64
    06/24/2020 00:11:56 com.jayyin.jaytomcat.catalina.Server logJVM
INFO : Java Home:	E:\Program Files\jdk8-191\jre
    06/24/2020 00:11:56 com.jayyin.jaytomcat.catalina.Server logJVM
INFO : JVM Version:	1.8.0_191-b12
    06/24/2020 00:11:56 com.jayyin.jaytomcat.catalina.Server logJVM
INFO : JVM Vendor:	Oracle Corporation
    06/24/2020 00:11:56 com.jayyin.jaytomcat.catalina.Server logJVM
INFO : Initializing ProtocolHandler [http-bio-18080]
    06/24/2020 00:11:56 com.jayyin.jaytomcat.catalina.Connector init
INFO : Initializing ProtocolHandler [http-bio-18081]
    06/24/2020 00:11:56 com.jayyin.jaytomcat.catalina.Connector init
INFO : Initializing ProtocolHandler [http-bio-18082]
    06/24/2020 00:11:56 com.jayyin.jaytomcat.catalina.Connector init
INFO : Initialization processed in 15ms
    06/24/2020 00:11:56 com.jayyin.jaytomcat.catalina.Service init
INFO : Starting ProtocolHandler [http-bio-18080]
    06/24/2020 00:11:56 com.jayyin.jaytomcat.catalina.Connector start
INFO : Starting ProtocolHandler [http-bio-18081]
    06/24/2020 00:11:56 com.jayyin.jaytomcat.catalina.Connector start
INFO : Starting ProtocolHandler [http-bio-18082]
    06/24/2020 00:11:56 com.jayyin.jaytomcat.catalina.Connector start
INFO : Server startup in 15ms
    06/24/2020 00:11:56 com.jayyin.jaytomcat.catalina.Server start
INFO : Deploying web application directory F:/Project/jaytomcat/webapps/javaweb
    06/24/2020 00:22:08 com.jayyin.jaytomcat.catalina.Context deploy
INFO : Deployment of web application directory F:/Project/jaytomcat/webapps/javaweb has finished in 243ms
    06/24/2020 00:22:08 com.jayyin.jaytomcat.catalina.Context deploy
INFO : Deploying web application directory F:/Project/jaytomcat/webapps/tmall/web
    06/24/2020 00:22:08 com.jayyin.jaytomcat.catalina.Context deploy
INFO : Deployment of web application directory F:/Project/jaytomcat/webapps/tmall/web has finished in 16ms
    06/24/2020 00:22:08 com.jayyin.jaytomcat.catalina.Context deploy
INFO : Deploying web application directory F:\Project\jaytomcat\webapps\app1
    06/24/2020 00:22:08 com.jayyin.jaytomcat.catalina.Context deploy
INFO : Deployment of web application directory F:\Project\jaytomcat\webapps\app1 has finished in 31ms
    06/24/2020 00:22:08 com.jayyin.jaytomcat.catalina.Context deploy
INFO : Deploying web application directory F:\Project\jaytomcat\webapps\javaweb2
    06/24/2020 00:22:08 com.jayyin.jaytomcat.catalina.Context deploy
INFO : Deployment of web application directory F:\Project\jaytomcat\webapps\javaweb2 has finished in 16ms
    06/24/2020 00:22:08 com.jayyin.jaytomcat.catalina.Context deploy
INFO : Deploying web application directory F:\Project\jaytomcat\webapps\ROOT
    06/24/2020 00:22:08 com.jayyin.jaytomcat.catalina.Context deploy
INFO : Deployment of web application directory F:\Project\jaytomcat\webapps\ROOT has finished in 0ms
    06/24/2020 00:22:08 com.jayyin.jaytomcat.catalina.Context deploy
INFO : Deploying web application directory F:/Project/jaytomcat/webapps/javaweb
    06/24/2020 00:22:08 com.jayyin.jaytomcat.catalina.Context deploy
INFO : Deployment of web application directory F:/Project/jaytomcat/webapps/javaweb has finished in 15ms
    06/24/2020 00:22:09 com.jayyin.jaytomcat.catalina.Context deploy
INFO : Deploying web application directory F:/Project/jaytomcat/webapps/tmall/web
    06/24/2020 00:22:09 com.jayyin.jaytomcat.catalina.Context deploy
INFO : Deployment of web application directory F:/Project/jaytomcat/webapps/tmall/web has finished in 16ms
    06/24/2020 00:22:09 com.jayyin.jaytomcat.catalina.Context deploy
INFO : Deploying web application directory F:\Project\jaytomcat\webapps\app1
    06/24/2020 00:22:09 com.jayyin.jaytomcat.catalina.Context deploy
INFO : Deployment of web application directory F:\Project\jaytomcat\webapps\app1 has finished in 0ms
    06/24/2020 00:22:09 com.jayyin.jaytomcat.catalina.Context deploy
INFO : Deploying web application directory F:\Project\jaytomcat\webapps\javaweb2
    06/24/2020 00:22:09 com.jayyin.jaytomcat.catalina.Context deploy
INFO : Deployment of web application directory F:\Project\jaytomcat\webapps\javaweb2 has finished in 15ms
    06/24/2020 00:22:09 com.jayyin.jaytomcat.catalina.Context deploy
INFO : Deploying web application directory F:\Project\jaytomcat\webapps\ROOT
    06/24/2020 00:22:09 com.jayyin.jaytomcat.catalina.Context deploy
INFO : Deployment of web application directory F:\Project\jaytomcat\webapps\ROOT has finished in 0ms
    06/24/2020 00:22:09 com.jayyin.jaytomcat.catalina.Context deploy
INFO : Server version:	JayTomcat/1.0.1
    06/24/2020 00:22:09 com.jayyin.jaytomcat.catalina.Server logJVM
INFO : Server built:	2020-06-04 22:20:22
    06/24/2020 00:22:09 com.jayyin.jaytomcat.catalina.Server logJVM
INFO : Server number:	1.0.1
    06/24/2020 00:22:09 com.jayyin.jaytomcat.catalina.Server logJVM
INFO : OS Name:	Windows 10
    06/24/2020 00:22:09 com.jayyin.jaytomcat.catalina.Server logJVM
INFO : OS Version:	10.0
    06/24/2020 00:22:09 com.jayyin.jaytomcat.catalina.Server logJVM
INFO : Architecture:	amd64
    06/24/2020 00:22:09 com.jayyin.jaytomcat.catalina.Server logJVM
INFO : Java Home:	E:\Program Files\jdk8-191\jre
    06/24/2020 00:22:09 com.jayyin.jaytomcat.catalina.Server logJVM
INFO : JVM Version:	1.8.0_191-b12
    06/24/2020 00:22:09 com.jayyin.jaytomcat.catalina.Server logJVM
INFO : JVM Vendor:	Oracle Corporation
    06/24/2020 00:22:09 com.jayyin.jaytomcat.catalina.Server logJVM
INFO : Initializing ProtocolHandler [http-bio-18080]
    06/24/2020 00:22:09 com.jayyin.jaytomcat.catalina.Connector init
INFO : Initializing ProtocolHandler [http-bio-18081]
    06/24/2020 00:22:09 com.jayyin.jaytomcat.catalina.Connector init
INFO : Initializing ProtocolHandler [http-bio-18082]
    06/24/2020 00:22:09 com.jayyin.jaytomcat.catalina.Connector init
INFO : Initialization processed in 0ms
    06/24/2020 00:22:09 com.jayyin.jaytomcat.catalina.Service init
INFO : Starting ProtocolHandler [http-bio-18080]
    06/24/2020 00:22:09 com.jayyin.jaytomcat.catalina.Connector start
INFO : Starting ProtocolHandler [http-bio-18081]
    06/24/2020 00:22:09 com.jayyin.jaytomcat.catalina.Connector start
INFO : Starting ProtocolHandler [http-bio-18082]
    06/24/2020 00:22:09 com.jayyin.jaytomcat.catalina.Connector start
INFO : Server startup in 15ms
    06/24/2020 00:22:09 com.jayyin.jaytomcat.catalina.Server start
ERROR: this is a deliberately created exception
    06/24/2020 00:22:13 com.jayyin.jaytomcat.http.HttpProcessor error
java.lang.RuntimeException: this is a deliberately created exception
	at com.jayyin.jaytomcat.servlets.DefaultServlet.service(DefaultServlet.java:42)
	at javax.servlet.http.HttpServlet.service(HttpServlet.java:731)
	at com.jayyin.jaytomcat.catalina.ApplicationFilterChain.doFilter(ApplicationFilterChain.java:32)
	at com.jayyin.jaytomcat.http.HttpProcessor.execute(HttpProcessor.java:66)
	at com.jayyin.jaytomcat.catalina.Connector$1.run(Connector.java:64)
	at java.util.concurrent.ThreadPoolExecutor.runWorker(ThreadPoolExecutor.java:1149)
	at java.util.concurrent.ThreadPoolExecutor$Worker.run(ThreadPoolExecutor.java:624)
	at java.lang.Thread.run(Thread.java:748)
