INFO : Deploying web application directory F:/Project/jaytomcat/webapps/javaweb
    06/23/2020 14:55:22 com.jayyin.jaytomcat.catalina.Context deploy
INFO : Deployment of web application directory F:/Project/jaytomcat/webapps/javaweb has finished in 266ms
    06/23/2020 14:55:23 com.jayyin.jaytomcat.catalina.Context deploy
INFO : Deploying web application directory F:\Project\jaytomcat\webapps\app1
    06/23/2020 14:55:23 com.jayyin.jaytomcat.catalina.Context deploy
INFO : Deployment of web application directory F:\Project\jaytomcat\webapps\app1 has finished in 15ms
    06/23/2020 14:55:23 com.jayyin.jaytomcat.catalina.Context deploy
INFO : Deploying web application directory F:\Project\jaytomcat\webapps\javaweb2
    06/23/2020 14:55:23 com.jayyin.jaytomcat.catalina.Context deploy
INFO : Deployment of web application directory F:\Project\jaytomcat\webapps\javaweb2 has finished in 90ms
    06/23/2020 14:55:23 com.jayyin.jaytomcat.catalina.Context deploy
INFO : Deploying web application directory F:\Project\jaytomcat\webapps\ROOT
    06/23/2020 14:55:23 com.jayyin.jaytomcat.catalina.Context deploy
INFO : Deployment of web application directory F:\Project\jaytomcat\webapps\ROOT has finished in 0ms
    06/23/2020 14:55:23 com.jayyin.jaytomcat.catalina.Context deploy
INFO : Deploying web application directory F:/Project/jaytomcat/webapps/javaweb
    06/23/2020 14:55:23 com.jayyin.jaytomcat.catalina.Context deploy
INFO : Deployment of web application directory F:/Project/jaytomcat/webapps/javaweb has finished in 0ms
    06/23/2020 14:55:23 com.jayyin.jaytomcat.catalina.Context deploy
INFO : Deploying web application directory F:\Project\jaytomcat\webapps\app1
    06/23/2020 14:55:23 com.jayyin.jaytomcat.catalina.Context deploy
INFO : Deployment of web application directory F:\Project\jaytomcat\webapps\app1 has finished in 16ms
    06/23/2020 14:55:23 com.jayyin.jaytomcat.catalina.Context deploy
INFO : Deploying web application directory F:\Project\jaytomcat\webapps\javaweb2
    06/23/2020 14:55:23 com.jayyin.jaytomcat.catalina.Context deploy
INFO : Deployment of web application directory F:\Project\jaytomcat\webapps\javaweb2 has finished in 15ms
    06/23/2020 14:55:23 com.jayyin.jaytomcat.catalina.Context deploy
INFO : Deploying web application directory F:\Project\jaytomcat\webapps\ROOT
    06/23/2020 14:55:23 com.jayyin.jaytomcat.catalina.Context deploy
INFO : Deployment of web application directory F:\Project\jaytomcat\webapps\ROOT has finished in 0ms
    06/23/2020 14:55:23 com.jayyin.jaytomcat.catalina.Context deploy
INFO : Server version:	JayTomcat/1.0.1
    06/23/2020 14:55:23 com.jayyin.jaytomcat.catalina.Server logJVM
INFO : Server built:	2020-06-04 22:20:22
    06/23/2020 14:55:23 com.jayyin.jaytomcat.catalina.Server logJVM
INFO : Server number:	1.0.1
    06/23/2020 14:55:23 com.jayyin.jaytomcat.catalina.Server logJVM
INFO : OS Name:	Windows 10
    06/23/2020 14:55:23 com.jayyin.jaytomcat.catalina.Server logJVM
INFO : OS Version:	10.0
    06/23/2020 14:55:23 com.jayyin.jaytomcat.catalina.Server logJVM
INFO : Architecture:	amd64
    06/23/2020 14:55:23 com.jayyin.jaytomcat.catalina.Server logJVM
INFO : Java Home:	E:\Program Files\jdk8-191\jre
    06/23/2020 14:55:23 com.jayyin.jaytomcat.catalina.Server logJVM
INFO : JVM Version:	1.8.0_191-b12
    06/23/2020 14:55:23 com.jayyin.jaytomcat.catalina.Server logJVM
INFO : JVM Vendor:	Oracle Corporation
    06/23/2020 14:55:23 com.jayyin.jaytomcat.catalina.Server logJVM
INFO : Initializing ProtocolHandler [http-bio-18080]
    06/23/2020 14:55:23 com.jayyin.jaytomcat.catalina.Connector init
INFO : Initializing ProtocolHandler [http-bio-18081]
    06/23/2020 14:55:23 com.jayyin.jaytomcat.catalina.Connector init
INFO : Initializing ProtocolHandler [http-bio-18082]
    06/23/2020 14:55:23 com.jayyin.jaytomcat.catalina.Connector init
INFO : Initialization processed in 0ms
    06/23/2020 14:55:23 com.jayyin.jaytomcat.catalina.Service init
INFO : Starting ProtocolHandler [http-bio-18080]
    06/23/2020 14:55:23 com.jayyin.jaytomcat.catalina.Connector start
INFO : Starting ProtocolHandler [http-bio-18081]
    06/23/2020 14:55:23 com.jayyin.jaytomcat.catalina.Connector start
INFO : Starting ProtocolHandler [http-bio-18082]
    06/23/2020 14:55:23 com.jayyin.jaytomcat.catalina.Connector start
INFO : Server startup in 15ms
    06/23/2020 14:55:23 com.jayyin.jaytomcat.catalina.Server start
INFO : Deploying web application directory F:/Project/jaytomcat/webapps/javaweb
    06/23/2020 14:55:25 com.jayyin.jaytomcat.catalina.Context deploy
INFO : Deployment of web application directory F:/Project/jaytomcat/webapps/javaweb has finished in 359ms
    06/23/2020 14:55:26 com.jayyin.jaytomcat.catalina.Context deploy
INFO : Deploying web application directory F:\Project\jaytomcat\webapps\app1
    06/23/2020 14:55:26 com.jayyin.jaytomcat.catalina.Context deploy
INFO : Deployment of web application directory F:\Project\jaytomcat\webapps\app1 has finished in 31ms
    06/23/2020 14:55:26 com.jayyin.jaytomcat.catalina.Context deploy
INFO : Deploying web application directory F:\Project\jaytomcat\webapps\javaweb2
    06/23/2020 14:55:26 com.jayyin.jaytomcat.catalina.Context deploy
INFO : Deployment of web application directory F:\Project\jaytomcat\webapps\javaweb2 has finished in 16ms
    06/23/2020 14:55:26 com.jayyin.jaytomcat.catalina.Context deploy
INFO : Deploying web application directory F:\Project\jaytomcat\webapps\ROOT
    06/23/2020 14:55:26 com.jayyin.jaytomcat.catalina.Context deploy
INFO : Deployment of web application directory F:\Project\jaytomcat\webapps\ROOT has finished in 15ms
    06/23/2020 14:55:26 com.jayyin.jaytomcat.catalina.Context deploy
INFO : Deploying web application directory F:/Project/jaytomcat/webapps/javaweb
    06/23/2020 14:55:26 com.jayyin.jaytomcat.catalina.Context deploy
INFO : Deployment of web application directory F:/Project/jaytomcat/webapps/javaweb has finished in 0ms
    06/23/2020 14:55:26 com.jayyin.jaytomcat.catalina.Context deploy
INFO : Deploying web application directory F:\Project\jaytomcat\webapps\app1
    06/23/2020 14:55:26 com.jayyin.jaytomcat.catalina.Context deploy
INFO : Deployment of web application directory F:\Project\jaytomcat\webapps\app1 has finished in 16ms
    06/23/2020 14:55:26 com.jayyin.jaytomcat.catalina.Context deploy
INFO : Deploying web application directory F:\Project\jaytomcat\webapps\javaweb2
    06/23/2020 14:55:26 com.jayyin.jaytomcat.catalina.Context deploy
INFO : Deployment of web application directory F:\Project\jaytomcat\webapps\javaweb2 has finished in 46ms
    06/23/2020 14:55:26 com.jayyin.jaytomcat.catalina.Context deploy
INFO : Deploying web application directory F:\Project\jaytomcat\webapps\ROOT
    06/23/2020 14:55:26 com.jayyin.jaytomcat.catalina.Context deploy
INFO : Deployment of web application directory F:\Project\jaytomcat\webapps\ROOT has finished in 0ms
    06/23/2020 14:55:26 com.jayyin.jaytomcat.catalina.Context deploy
INFO : Server version:	JayTomcat/1.0.1
    06/23/2020 14:55:26 com.jayyin.jaytomcat.catalina.Server logJVM
INFO : Server built:	2020-06-04 22:20:22
    06/23/2020 14:55:26 com.jayyin.jaytomcat.catalina.Server logJVM
INFO : Server number:	1.0.1
    06/23/2020 14:55:26 com.jayyin.jaytomcat.catalina.Server logJVM
INFO : OS Name:	Windows 10
    06/23/2020 14:55:26 com.jayyin.jaytomcat.catalina.Server logJVM
INFO : OS Version:	10.0
    06/23/2020 14:55:26 com.jayyin.jaytomcat.catalina.Server logJVM
INFO : Architecture:	amd64
    06/23/2020 14:55:26 com.jayyin.jaytomcat.catalina.Server logJVM
INFO : Java Home:	E:\Program Files\jdk8-191\jre
    06/23/2020 14:55:26 com.jayyin.jaytomcat.catalina.Server logJVM
INFO : JVM Version:	1.8.0_191-b12
    06/23/2020 14:55:26 com.jayyin.jaytomcat.catalina.Server logJVM
INFO : JVM Vendor:	Oracle Corporation
    06/23/2020 14:55:26 com.jayyin.jaytomcat.catalina.Server logJVM
INFO : Initializing ProtocolHandler [http-bio-18080]
    06/23/2020 14:55:26 com.jayyin.jaytomcat.catalina.Connector init
INFO : Initializing ProtocolHandler [http-bio-18081]
    06/23/2020 14:55:26 com.jayyin.jaytomcat.catalina.Connector init
INFO : Initializing ProtocolHandler [http-bio-18082]
    06/23/2020 14:55:26 com.jayyin.jaytomcat.catalina.Connector init
INFO : Initialization processed in 0ms
    06/23/2020 14:55:26 com.jayyin.jaytomcat.catalina.Service init
INFO : Starting ProtocolHandler [http-bio-18080]
    06/23/2020 14:55:26 com.jayyin.jaytomcat.catalina.Connector start
INFO : Starting ProtocolHandler [http-bio-18081]
    06/23/2020 14:55:26 com.jayyin.jaytomcat.catalina.Connector start
INFO : Starting ProtocolHandler [http-bio-18082]
    06/23/2020 14:55:26 com.jayyin.jaytomcat.catalina.Connector start
INFO : Server startup in 16ms
    06/23/2020 14:55:26 com.jayyin.jaytomcat.catalina.Server start
ERROR: Address already in use: JVM_Bind
    06/23/2020 14:55:26 com.jayyin.jaytomcat.catalina.Connector error
java.net.BindException: Address already in use: JVM_Bind
	at java.net.DualStackPlainSocketImpl.bind0(Native Method)
	at java.net.DualStackPlainSocketImpl.socketBind(DualStackPlainSocketImpl.java:106)
	at java.net.AbstractPlainSocketImpl.bind(AbstractPlainSocketImpl.java:387)
	at java.net.PlainSocketImpl.bind(PlainSocketImpl.java:190)
	at java.net.ServerSocket.bind(ServerSocket.java:375)
	at java.net.ServerSocket.<init>(ServerSocket.java:237)
	at java.net.ServerSocket.<init>(ServerSocket.java:128)
	at com.jayyin.jaytomcat.catalina.Connector.run(Connector.java:47)
	at java.lang.Thread.run(Thread.java:748)
ERROR: Address already in use: JVM_Bind
    06/23/2020 14:55:26 com.jayyin.jaytomcat.catalina.Connector error
java.net.BindException: Address already in use: JVM_Bind
	at java.net.DualStackPlainSocketImpl.bind0(Native Method)
	at java.net.DualStackPlainSocketImpl.socketBind(DualStackPlainSocketImpl.java:106)
	at java.net.AbstractPlainSocketImpl.bind(AbstractPlainSocketImpl.java:387)
	at java.net.PlainSocketImpl.bind(PlainSocketImpl.java:190)
	at java.net.ServerSocket.bind(ServerSocket.java:375)
	at java.net.ServerSocket.<init>(ServerSocket.java:237)
	at java.net.ServerSocket.<init>(ServerSocket.java:128)
	at com.jayyin.jaytomcat.catalina.Connector.run(Connector.java:47)
	at java.lang.Thread.run(Thread.java:748)
ERROR: Address already in use: JVM_Bind
    06/23/2020 14:55:26 com.jayyin.jaytomcat.catalina.Connector error
java.net.BindException: Address already in use: JVM_Bind
	at java.net.DualStackPlainSocketImpl.bind0(Native Method)
	at java.net.DualStackPlainSocketImpl.socketBind(DualStackPlainSocketImpl.java:106)
	at java.net.AbstractPlainSocketImpl.bind(AbstractPlainSocketImpl.java:387)
	at java.net.PlainSocketImpl.bind(PlainSocketImpl.java:190)
	at java.net.ServerSocket.bind(ServerSocket.java:375)
	at java.net.ServerSocket.<init>(ServerSocket.java:237)
	at java.net.ServerSocket.<init>(ServerSocket.java:128)
	at com.jayyin.jaytomcat.catalina.Connector.run(Connector.java:47)
	at java.lang.Thread.run(Thread.java:748)
ERROR: this is a deliberately created exception
    06/23/2020 14:55:30 com.jayyin.jaytomcat.http.HttpProcessor error
java.lang.RuntimeException: this is a deliberately created exception
	at com.jayyin.jaytomcat.servlets.DefaultServlet.service(DefaultServlet.java:42)
	at javax.servlet.http.HttpServlet.service(HttpServlet.java:731)
	at com.jayyin.jaytomcat.catalina.ApplicationFilterChain.doFilter(ApplicationFilterChain.java:32)
	at com.jayyin.jaytomcat.http.HttpProcessor.execute(HttpProcessor.java:66)
	at com.jayyin.jaytomcat.catalina.Connector$1.run(Connector.java:64)
	at java.util.concurrent.ThreadPoolExecutor.runWorker(ThreadPoolExecutor.java:1149)
	at java.util.concurrent.ThreadPoolExecutor$Worker.run(ThreadPoolExecutor.java:624)
	at java.lang.Thread.run(Thread.java:748)
INFO : Deploying web application directory F:/Project/jaytomcat/webapps/javaweb
    06/23/2020 14:57:39 com.jayyin.jaytomcat.catalina.Context deploy
INFO : Deployment of web application directory F:/Project/jaytomcat/webapps/javaweb has finished in 250ms
    06/23/2020 14:57:39 com.jayyin.jaytomcat.catalina.Context deploy
INFO : Deploying web application directory F:\Project\jaytomcat\webapps\app1
    06/23/2020 14:57:39 com.jayyin.jaytomcat.catalina.Context deploy
INFO : Deployment of web application directory F:\Project\jaytomcat\webapps\app1 has finished in 47ms
    06/23/2020 14:57:39 com.jayyin.jaytomcat.catalina.Context deploy
INFO : Deploying web application directory F:\Project\jaytomcat\webapps\javaweb2
    06/23/2020 14:57:39 com.jayyin.jaytomcat.catalina.Context deploy
INFO : Deployment of web application directory F:\Project\jaytomcat\webapps\javaweb2 has finished in 31ms
    06/23/2020 14:57:39 com.jayyin.jaytomcat.catalina.Context deploy
INFO : Deploying web application directory F:\Project\jaytomcat\webapps\ROOT
    06/23/2020 14:57:39 com.jayyin.jaytomcat.catalina.Context deploy
INFO : Deployment of web application directory F:\Project\jaytomcat\webapps\ROOT has finished in 0ms
    06/23/2020 14:57:39 com.jayyin.jaytomcat.catalina.Context deploy
INFO : Deploying web application directory F:/Project/jaytomcat/webapps/javaweb
    06/23/2020 14:57:39 com.jayyin.jaytomcat.catalina.Context deploy
INFO : Deployment of web application directory F:/Project/jaytomcat/webapps/javaweb has finished in 16ms
    06/23/2020 14:57:39 com.jayyin.jaytomcat.catalina.Context deploy
INFO : Deploying web application directory F:\Project\jaytomcat\webapps\app1
    06/23/2020 14:57:39 com.jayyin.jaytomcat.catalina.Context deploy
INFO : Deployment of web application directory F:\Project\jaytomcat\webapps\app1 has finished in 0ms
    06/23/2020 14:57:39 com.jayyin.jaytomcat.catalina.Context deploy
INFO : Deploying web application directory F:\Project\jaytomcat\webapps\javaweb2
    06/23/2020 14:57:39 com.jayyin.jaytomcat.catalina.Context deploy
INFO : Deployment of web application directory F:\Project\jaytomcat\webapps\javaweb2 has finished in 34ms
    06/23/2020 14:57:39 com.jayyin.jaytomcat.catalina.Context deploy
INFO : Deploying web application directory F:\Project\jaytomcat\webapps\ROOT
    06/23/2020 14:57:39 com.jayyin.jaytomcat.catalina.Context deploy
INFO : Deployment of web application directory F:\Project\jaytomcat\webapps\ROOT has finished in 15ms
    06/23/2020 14:57:39 com.jayyin.jaytomcat.catalina.Context deploy
INFO : Server version:	JayTomcat/1.0.1
    06/23/2020 14:57:39 com.jayyin.jaytomcat.catalina.Server logJVM
INFO : Server built:	2020-06-04 22:20:22
    06/23/2020 14:57:39 com.jayyin.jaytomcat.catalina.Server logJVM
INFO : Server number:	1.0.1
    06/23/2020 14:57:39 com.jayyin.jaytomcat.catalina.Server logJVM
INFO : OS Name:	Windows 10
    06/23/2020 14:57:39 com.jayyin.jaytomcat.catalina.Server logJVM
INFO : OS Version:	10.0
    06/23/2020 14:57:39 com.jayyin.jaytomcat.catalina.Server logJVM
INFO : Architecture:	amd64
    06/23/2020 14:57:39 com.jayyin.jaytomcat.catalina.Server logJVM
INFO : Java Home:	E:\Program Files\jdk8-191\jre
    06/23/2020 14:57:39 com.jayyin.jaytomcat.catalina.Server logJVM
INFO : JVM Version:	1.8.0_191-b12
    06/23/2020 14:57:39 com.jayyin.jaytomcat.catalina.Server logJVM
INFO : JVM Vendor:	Oracle Corporation
    06/23/2020 14:57:39 com.jayyin.jaytomcat.catalina.Server logJVM
INFO : Initializing ProtocolHandler [http-bio-18080]
    06/23/2020 14:57:39 com.jayyin.jaytomcat.catalina.Connector init
INFO : Initializing ProtocolHandler [http-bio-18081]
    06/23/2020 14:57:39 com.jayyin.jaytomcat.catalina.Connector init
INFO : Initializing ProtocolHandler [http-bio-18082]
    06/23/2020 14:57:39 com.jayyin.jaytomcat.catalina.Connector init
INFO : Initialization processed in 0ms
    06/23/2020 14:57:39 com.jayyin.jaytomcat.catalina.Service init
INFO : Starting ProtocolHandler [http-bio-18080]
    06/23/2020 14:57:39 com.jayyin.jaytomcat.catalina.Connector start
INFO : Starting ProtocolHandler [http-bio-18081]
    06/23/2020 14:57:39 com.jayyin.jaytomcat.catalina.Connector start
INFO : Starting ProtocolHandler [http-bio-18082]
    06/23/2020 14:57:39 com.jayyin.jaytomcat.catalina.Connector start
INFO : Server startup in 15ms
    06/23/2020 14:57:39 com.jayyin.jaytomcat.catalina.Server start
INFO : Deploying web application directory F:/Project/jaytomcat/webapps/javaweb
    06/23/2020 14:57:47 com.jayyin.jaytomcat.catalina.Context deploy
INFO : Deployment of web application directory F:/Project/jaytomcat/webapps/javaweb has finished in 297ms
    06/23/2020 14:57:47 com.jayyin.jaytomcat.catalina.Context deploy
INFO : Deploying web application directory F:\Project\jaytomcat\webapps\app1
    06/23/2020 14:57:59 com.jayyin.jaytomcat.catalina.Context deploy
INFO : Deployment of web application directory F:\Project\jaytomcat\webapps\app1 has finished in 31ms
    06/23/2020 14:57:59 com.jayyin.jaytomcat.catalina.Context deploy
INFO : Deploying web application directory F:\Project\jaytomcat\webapps\javaweb2
    06/23/2020 14:57:59 com.jayyin.jaytomcat.catalina.Context deploy
INFO : Deployment of web application directory F:\Project\jaytomcat\webapps\javaweb2 has finished in 47ms
    06/23/2020 14:57:59 com.jayyin.jaytomcat.catalina.Context deploy
INFO : Deploying web application directory F:\Project\jaytomcat\webapps\ROOT
    06/23/2020 14:57:59 com.jayyin.jaytomcat.catalina.Context deploy
INFO : Deployment of web application directory F:\Project\jaytomcat\webapps\ROOT has finished in 0ms
    06/23/2020 14:57:59 com.jayyin.jaytomcat.catalina.Context deploy
INFO : Deploying web application directory F:/Project/jaytomcat/webapps/javaweb
    06/23/2020 14:57:59 com.jayyin.jaytomcat.catalina.Context deploy
INFO : Deployment of web application directory F:/Project/jaytomcat/webapps/javaweb has finished in 0ms
    06/23/2020 14:57:59 com.jayyin.jaytomcat.catalina.Context deploy
INFO : Deploying web application directory F:\Project\jaytomcat\webapps\app1
    06/23/2020 14:57:59 com.jayyin.jaytomcat.catalina.Context deploy
INFO : Deployment of web application directory F:\Project\jaytomcat\webapps\app1 has finished in 15ms
    06/23/2020 14:57:59 com.jayyin.jaytomcat.catalina.Context deploy
INFO : Deploying web application directory F:\Project\jaytomcat\webapps\javaweb2
    06/23/2020 14:57:59 com.jayyin.jaytomcat.catalina.Context deploy
INFO : Deployment of web application directory F:\Project\jaytomcat\webapps\javaweb2 has finished in 31ms
    06/23/2020 14:57:59 com.jayyin.jaytomcat.catalina.Context deploy
INFO : Deploying web application directory F:\Project\jaytomcat\webapps\ROOT
    06/23/2020 14:57:59 com.jayyin.jaytomcat.catalina.Context deploy
INFO : Deployment of web application directory F:\Project\jaytomcat\webapps\ROOT has finished in 0ms
    06/23/2020 14:57:59 com.jayyin.jaytomcat.catalina.Context deploy
INFO : Deploying web application directory F:/Project/jaytomcat/webapps/javaweb
    06/23/2020 14:58:21 com.jayyin.jaytomcat.catalina.Context deploy
INFO : Deployment of web application directory F:/Project/jaytomcat/webapps/javaweb has finished in 281ms
    06/23/2020 14:58:22 com.jayyin.jaytomcat.catalina.Context deploy
INFO : Deploying web application directory F:\Project\jaytomcat\webapps\app1
    06/23/2020 14:58:22 com.jayyin.jaytomcat.catalina.Context deploy
INFO : Deployment of web application directory F:\Project\jaytomcat\webapps\app1 has finished in 16ms
    06/23/2020 14:58:22 com.jayyin.jaytomcat.catalina.Context deploy
INFO : Deploying web application directory F:\Project\jaytomcat\webapps\javaweb2
    06/23/2020 14:58:22 com.jayyin.jaytomcat.catalina.Context deploy
INFO : Deployment of web application directory F:\Project\jaytomcat\webapps\javaweb2 has finished in 31ms
    06/23/2020 14:58:22 com.jayyin.jaytomcat.catalina.Context deploy
INFO : Deploying web application directory F:\Project\jaytomcat\webapps\ROOT
    06/23/2020 14:58:22 com.jayyin.jaytomcat.catalina.Context deploy
INFO : Deployment of web application directory F:\Project\jaytomcat\webapps\ROOT has finished in 0ms
    06/23/2020 14:58:22 com.jayyin.jaytomcat.catalina.Context deploy
INFO : Deploying web application directory F:/Project/jaytomcat/webapps/javaweb
    06/23/2020 14:58:22 com.jayyin.jaytomcat.catalina.Context deploy
INFO : Deployment of web application directory F:/Project/jaytomcat/webapps/javaweb has finished in 0ms
    06/23/2020 14:58:22 com.jayyin.jaytomcat.catalina.Context deploy
INFO : Deploying web application directory F:\Project\jaytomcat\webapps\app1
    06/23/2020 14:58:22 com.jayyin.jaytomcat.catalina.Context deploy
INFO : Deployment of web application directory F:\Project\jaytomcat\webapps\app1 has finished in 15ms
    06/23/2020 14:58:22 com.jayyin.jaytomcat.catalina.Context deploy
INFO : Deploying web application directory F:\Project\jaytomcat\webapps\javaweb2
    06/23/2020 14:58:22 com.jayyin.jaytomcat.catalina.Context deploy
INFO : Deployment of web application directory F:\Project\jaytomcat\webapps\javaweb2 has finished in 31ms
    06/23/2020 14:58:22 com.jayyin.jaytomcat.catalina.Context deploy
INFO : Deploying web application directory F:\Project\jaytomcat\webapps\ROOT
    06/23/2020 14:58:22 com.jayyin.jaytomcat.catalina.Context deploy
INFO : Deployment of web application directory F:\Project\jaytomcat\webapps\ROOT has finished in 0ms
    06/23/2020 14:58:22 com.jayyin.jaytomcat.catalina.Context deploy
INFO : Server version:	JayTomcat/1.0.1
    06/23/2020 14:58:22 com.jayyin.jaytomcat.catalina.Server logJVM
INFO : Server built:	2020-06-04 22:20:22
    06/23/2020 14:58:22 com.jayyin.jaytomcat.catalina.Server logJVM
INFO : Server number:	1.0.1
    06/23/2020 14:58:22 com.jayyin.jaytomcat.catalina.Server logJVM
INFO : OS Name:	Windows 10
    06/23/2020 14:58:22 com.jayyin.jaytomcat.catalina.Server logJVM
INFO : OS Version:	10.0
    06/23/2020 14:58:22 com.jayyin.jaytomcat.catalina.Server logJVM
INFO : Architecture:	amd64
    06/23/2020 14:58:22 com.jayyin.jaytomcat.catalina.Server logJVM
INFO : Java Home:	E:\Program Files\jdk8-191\jre
    06/23/2020 14:58:22 com.jayyin.jaytomcat.catalina.Server logJVM
INFO : JVM Version:	1.8.0_191-b12
    06/23/2020 14:58:22 com.jayyin.jaytomcat.catalina.Server logJVM
INFO : JVM Vendor:	Oracle Corporation
    06/23/2020 14:58:22 com.jayyin.jaytomcat.catalina.Server logJVM
INFO : Initializing ProtocolHandler [http-bio-18080]
    06/23/2020 14:58:22 com.jayyin.jaytomcat.catalina.Connector init
INFO : Initializing ProtocolHandler [http-bio-18081]
    06/23/2020 14:58:22 com.jayyin.jaytomcat.catalina.Connector init
INFO : Initializing ProtocolHandler [http-bio-18082]
    06/23/2020 14:58:22 com.jayyin.jaytomcat.catalina.Connector init
INFO : Initialization processed in 16ms
    06/23/2020 14:58:22 com.jayyin.jaytomcat.catalina.Service init
INFO : Starting ProtocolHandler [http-bio-18080]
    06/23/2020 14:58:22 com.jayyin.jaytomcat.catalina.Connector start
INFO : Starting ProtocolHandler [http-bio-18081]
    06/23/2020 14:58:22 com.jayyin.jaytomcat.catalina.Connector start
INFO : Starting ProtocolHandler [http-bio-18082]
    06/23/2020 14:58:22 com.jayyin.jaytomcat.catalina.Connector start
INFO : Server startup in 16ms
    06/23/2020 14:58:22 com.jayyin.jaytomcat.catalina.Server start
INFO : Deploying web application directory F:/Project/jaytomcat/webapps/javaweb
    06/23/2020 15:00:32 com.jayyin.jaytomcat.catalina.Context deploy
INFO : Deployment of web application directory F:/Project/jaytomcat/webapps/javaweb has finished in 297ms
    06/23/2020 15:00:32 com.jayyin.jaytomcat.catalina.Context deploy
INFO : Deploying web application directory F:\Project\jaytomcat\webapps\app1
    06/23/2020 15:00:32 com.jayyin.jaytomcat.catalina.Context deploy
INFO : Deployment of web application directory F:\Project\jaytomcat\webapps\app1 has finished in 110ms
    06/23/2020 15:00:32 com.jayyin.jaytomcat.catalina.Context deploy
INFO : Deploying web application directory F:\Project\jaytomcat\webapps\javaweb2
    06/23/2020 15:00:32 com.jayyin.jaytomcat.catalina.Context deploy
INFO : Deployment of web application directory F:\Project\jaytomcat\webapps\javaweb2 has finished in 31ms
    06/23/2020 15:00:32 com.jayyin.jaytomcat.catalina.Context deploy
INFO : Deploying web application directory F:\Project\jaytomcat\webapps\ROOT
    06/23/2020 15:00:32 com.jayyin.jaytomcat.catalina.Context deploy
INFO : Deployment of web application directory F:\Project\jaytomcat\webapps\ROOT has finished in 0ms
    06/23/2020 15:00:32 com.jayyin.jaytomcat.catalina.Context deploy
INFO : Deploying web application directory F:/Project/jaytomcat/webapps/javaweb
    06/23/2020 15:00:32 com.jayyin.jaytomcat.catalina.Context deploy
INFO : Deployment of web application directory F:/Project/jaytomcat/webapps/javaweb has finished in 16ms
    06/23/2020 15:00:32 com.jayyin.jaytomcat.catalina.Context deploy
INFO : Deploying web application directory F:\Project\jaytomcat\webapps\app1
    06/23/2020 15:00:32 com.jayyin.jaytomcat.catalina.Context deploy
INFO : Deployment of web application directory F:\Project\jaytomcat\webapps\app1 has finished in 16ms
    06/23/2020 15:00:32 com.jayyin.jaytomcat.catalina.Context deploy
INFO : Deploying web application directory F:\Project\jaytomcat\webapps\javaweb2
    06/23/2020 15:00:32 com.jayyin.jaytomcat.catalina.Context deploy
INFO : Deployment of web application directory F:\Project\jaytomcat\webapps\javaweb2 has finished in 0ms
    06/23/2020 15:00:32 com.jayyin.jaytomcat.catalina.Context deploy
INFO : Deploying web application directory F:\Project\jaytomcat\webapps\ROOT
    06/23/2020 15:00:32 com.jayyin.jaytomcat.catalina.Context deploy
INFO : Deployment of web application directory F:\Project\jaytomcat\webapps\ROOT has finished in 0ms
    06/23/2020 15:00:32 com.jayyin.jaytomcat.catalina.Context deploy
INFO : Server version:	JayTomcat/1.0.1
    06/23/2020 15:00:32 com.jayyin.jaytomcat.catalina.Server logJVM
INFO : Server built:	2020-06-04 22:20:22
    06/23/2020 15:00:32 com.jayyin.jaytomcat.catalina.Server logJVM
INFO : Server number:	1.0.1
    06/23/2020 15:00:32 com.jayyin.jaytomcat.catalina.Server logJVM
INFO : OS Name:	Windows 10
    06/23/2020 15:00:32 com.jayyin.jaytomcat.catalina.Server logJVM
INFO : OS Version:	10.0
    06/23/2020 15:00:32 com.jayyin.jaytomcat.catalina.Server logJVM
INFO : Architecture:	amd64
    06/23/2020 15:00:32 com.jayyin.jaytomcat.catalina.Server logJVM
INFO : Java Home:	E:\Program Files\jdk8-191\jre
    06/23/2020 15:00:32 com.jayyin.jaytomcat.catalina.Server logJVM
INFO : JVM Version:	1.8.0_191-b12
    06/23/2020 15:00:32 com.jayyin.jaytomcat.catalina.Server logJVM
INFO : JVM Vendor:	Oracle Corporation
    06/23/2020 15:00:32 com.jayyin.jaytomcat.catalina.Server logJVM
INFO : Initializing ProtocolHandler [http-bio-18080]
    06/23/2020 15:00:32 com.jayyin.jaytomcat.catalina.Connector init
INFO : Initializing ProtocolHandler [http-bio-18081]
    06/23/2020 15:00:32 com.jayyin.jaytomcat.catalina.Connector init
INFO : Initializing ProtocolHandler [http-bio-18082]
    06/23/2020 15:00:32 com.jayyin.jaytomcat.catalina.Connector init
INFO : Initialization processed in 0ms
    06/23/2020 15:00:32 com.jayyin.jaytomcat.catalina.Service init
INFO : Starting ProtocolHandler [http-bio-18080]
    06/23/2020 15:00:32 com.jayyin.jaytomcat.catalina.Connector start
INFO : Starting ProtocolHandler [http-bio-18081]
    06/23/2020 15:00:32 com.jayyin.jaytomcat.catalina.Connector start
INFO : Starting ProtocolHandler [http-bio-18082]
    06/23/2020 15:00:32 com.jayyin.jaytomcat.catalina.Connector start
INFO : Server startup in 0ms
    06/23/2020 15:00:32 com.jayyin.jaytomcat.catalina.Server start
INFO : Deploying web application directory F:/Project/jaytomcat/webapps/javaweb
    06/23/2020 15:06:46 com.jayyin.jaytomcat.catalina.Context deploy
INFO : Deployment of web application directory F:/Project/jaytomcat/webapps/javaweb has finished in 281ms
    06/23/2020 15:06:46 com.jayyin.jaytomcat.catalina.Context deploy
INFO : Deploying web application directory F:\Project\jaytomcat\webapps\app1
    06/23/2020 15:06:46 com.jayyin.jaytomcat.catalina.Context deploy
INFO : Deployment of web application directory F:\Project\jaytomcat\webapps\app1 has finished in 32ms
    06/23/2020 15:06:46 com.jayyin.jaytomcat.catalina.Context deploy
INFO : Deploying web application directory F:\Project\jaytomcat\webapps\javaweb2
    06/23/2020 15:06:46 com.jayyin.jaytomcat.catalina.Context deploy
INFO : Deployment of web application directory F:\Project\jaytomcat\webapps\javaweb2 has finished in 62ms
    06/23/2020 15:06:46 com.jayyin.jaytomcat.catalina.Context deploy
INFO : Deploying web application directory F:\Project\jaytomcat\webapps\ROOT
    06/23/2020 15:06:46 com.jayyin.jaytomcat.catalina.Context deploy
INFO : Deployment of web application directory F:\Project\jaytomcat\webapps\ROOT has finished in 0ms
    06/23/2020 15:06:46 com.jayyin.jaytomcat.catalina.Context deploy
INFO : Deploying web application directory F:/Project/jaytomcat/webapps/javaweb
    06/23/2020 15:06:46 com.jayyin.jaytomcat.catalina.Context deploy
INFO : Deployment of web application directory F:/Project/jaytomcat/webapps/javaweb has finished in 16ms
    06/23/2020 15:06:46 com.jayyin.jaytomcat.catalina.Context deploy
INFO : Deploying web application directory F:\Project\jaytomcat\webapps\app1
    06/23/2020 15:06:46 com.jayyin.jaytomcat.catalina.Context deploy
INFO : Deployment of web application directory F:\Project\jaytomcat\webapps\app1 has finished in 31ms
    06/23/2020 15:06:46 com.jayyin.jaytomcat.catalina.Context deploy
INFO : Deploying web application directory F:\Project\jaytomcat\webapps\javaweb2
    06/23/2020 15:06:46 com.jayyin.jaytomcat.catalina.Context deploy
INFO : Deployment of web application directory F:\Project\jaytomcat\webapps\javaweb2 has finished in 15ms
    06/23/2020 15:06:46 com.jayyin.jaytomcat.catalina.Context deploy
INFO : Deploying web application directory F:\Project\jaytomcat\webapps\ROOT
    06/23/2020 15:06:46 com.jayyin.jaytomcat.catalina.Context deploy
INFO : Deployment of web application directory F:\Project\jaytomcat\webapps\ROOT has finished in 0ms
    06/23/2020 15:06:46 com.jayyin.jaytomcat.catalina.Context deploy
INFO : Server version:	JayTomcat/1.0.1
    06/23/2020 15:06:46 com.jayyin.jaytomcat.catalina.Server logJVM
INFO : Server built:	2020-06-04 22:20:22
    06/23/2020 15:06:46 com.jayyin.jaytomcat.catalina.Server logJVM
INFO : Server number:	1.0.1
    06/23/2020 15:06:46 com.jayyin.jaytomcat.catalina.Server logJVM
INFO : OS Name:	Windows 10
    06/23/2020 15:06:46 com.jayyin.jaytomcat.catalina.Server logJVM
INFO : OS Version:	10.0
    06/23/2020 15:06:46 com.jayyin.jaytomcat.catalina.Server logJVM
INFO : Architecture:	amd64
    06/23/2020 15:06:46 com.jayyin.jaytomcat.catalina.Server logJVM
INFO : Java Home:	E:\Program Files\jdk8-191\jre
    06/23/2020 15:06:46 com.jayyin.jaytomcat.catalina.Server logJVM
INFO : JVM Version:	1.8.0_191-b12
    06/23/2020 15:06:46 com.jayyin.jaytomcat.catalina.Server logJVM
INFO : JVM Vendor:	Oracle Corporation
    06/23/2020 15:06:46 com.jayyin.jaytomcat.catalina.Server logJVM
INFO : Initializing ProtocolHandler [http-bio-18080]
    06/23/2020 15:06:46 com.jayyin.jaytomcat.catalina.Connector init
INFO : Initializing ProtocolHandler [http-bio-18081]
    06/23/2020 15:06:46 com.jayyin.jaytomcat.catalina.Connector init
INFO : Initializing ProtocolHandler [http-bio-18082]
    06/23/2020 15:06:46 com.jayyin.jaytomcat.catalina.Connector init
INFO : Initialization processed in 0ms
    06/23/2020 15:06:46 com.jayyin.jaytomcat.catalina.Service init
INFO : Starting ProtocolHandler [http-bio-18080]
    06/23/2020 15:06:46 com.jayyin.jaytomcat.catalina.Connector start
INFO : Starting ProtocolHandler [http-bio-18081]
    06/23/2020 15:06:46 com.jayyin.jaytomcat.catalina.Connector start
INFO : Starting ProtocolHandler [http-bio-18082]
    06/23/2020 15:06:46 com.jayyin.jaytomcat.catalina.Connector start
INFO : Server startup in 0ms
    06/23/2020 15:06:46 com.jayyin.jaytomcat.catalina.Server start
INFO : Deploying web application directory F:/Project/jaytomcat/webapps/javaweb
    06/23/2020 20:56:36 com.jayyin.jaytomcat.catalina.Context deploy
INFO : Deployment of web application directory F:/Project/jaytomcat/webapps/javaweb has finished in 203ms
    06/23/2020 20:56:36 com.jayyin.jaytomcat.catalina.Context deploy
INFO : Deploying web application directory F:\Project\jaytomcat\webapps\app1
    06/23/2020 20:56:36 com.jayyin.jaytomcat.catalina.Context deploy
INFO : Deployment of web application directory F:\Project\jaytomcat\webapps\app1 has finished in 78ms
    06/23/2020 20:56:36 com.jayyin.jaytomcat.catalina.Context deploy
INFO : Deploying web application directory F:\Project\jaytomcat\webapps\javaweb2
    06/23/2020 20:56:36 com.jayyin.jaytomcat.catalina.Context deploy
INFO : Deployment of web application directory F:\Project\jaytomcat\webapps\javaweb2 has finished in 15ms
    06/23/2020 20:56:36 com.jayyin.jaytomcat.catalina.Context deploy
INFO : Deploying web application directory F:\Project\jaytomcat\webapps\ROOT
    06/23/2020 20:56:36 com.jayyin.jaytomcat.catalina.Context deploy
INFO : Deployment of web application directory F:\Project\jaytomcat\webapps\ROOT has finished in 0ms
    06/23/2020 20:56:36 com.jayyin.jaytomcat.catalina.Context deploy
INFO : Deploying web application directory F:\Project\jaytomcat\webapps\tmall
    06/23/2020 20:56:36 com.jayyin.jaytomcat.catalina.Context deploy
INFO : Deployment of web application directory F:\Project\jaytomcat\webapps\tmall has finished in 0ms
    06/23/2020 20:56:36 com.jayyin.jaytomcat.catalina.Context deploy
INFO : Deploying web application directory F:/Project/jaytomcat/webapps/javaweb
    06/23/2020 20:56:36 com.jayyin.jaytomcat.catalina.Context deploy
INFO : Deployment of web application directory F:/Project/jaytomcat/webapps/javaweb has finished in 0ms
    06/23/2020 20:56:36 com.jayyin.jaytomcat.catalina.Context deploy
INFO : Deploying web application directory F:\Project\jaytomcat\webapps\app1
    06/23/2020 20:56:36 com.jayyin.jaytomcat.catalina.Context deploy
INFO : Deployment of web application directory F:\Project\jaytomcat\webapps\app1 has finished in 0ms
    06/23/2020 20:56:36 com.jayyin.jaytomcat.catalina.Context deploy
INFO : Deploying web application directory F:\Project\jaytomcat\webapps\javaweb2
    06/23/2020 20:56:36 com.jayyin.jaytomcat.catalina.Context deploy
INFO : Deployment of web application directory F:\Project\jaytomcat\webapps\javaweb2 has finished in 31ms
    06/23/2020 20:56:36 com.jayyin.jaytomcat.catalina.Context deploy
INFO : Deploying web application directory F:\Project\jaytomcat\webapps\ROOT
    06/23/2020 20:56:36 com.jayyin.jaytomcat.catalina.Context deploy
INFO : Deployment of web application directory F:\Project\jaytomcat\webapps\ROOT has finished in 0ms
    06/23/2020 20:56:36 com.jayyin.jaytomcat.catalina.Context deploy
INFO : Deploying web application directory F:\Project\jaytomcat\webapps\tmall
    06/23/2020 20:56:36 com.jayyin.jaytomcat.catalina.Context deploy
INFO : Deployment of web application directory F:\Project\jaytomcat\webapps\tmall has finished in 0ms
    06/23/2020 20:56:36 com.jayyin.jaytomcat.catalina.Context deploy
INFO : Server version:	JayTomcat/1.0.1
    06/23/2020 20:56:36 com.jayyin.jaytomcat.catalina.Server logJVM
INFO : Server built:	2020-06-04 22:20:22
    06/23/2020 20:56:36 com.jayyin.jaytomcat.catalina.Server logJVM
INFO : Server number:	1.0.1
    06/23/2020 20:56:36 com.jayyin.jaytomcat.catalina.Server logJVM
INFO : OS Name:	Windows 10
    06/23/2020 20:56:36 com.jayyin.jaytomcat.catalina.Server logJVM
INFO : OS Version:	10.0
    06/23/2020 20:56:36 com.jayyin.jaytomcat.catalina.Server logJVM
INFO : Architecture:	amd64
    06/23/2020 20:56:36 com.jayyin.jaytomcat.catalina.Server logJVM
INFO : Java Home:	E:\Program Files\jdk8-191\jre
    06/23/2020 20:56:36 com.jayyin.jaytomcat.catalina.Server logJVM
INFO : JVM Version:	1.8.0_191-b12
    06/23/2020 20:56:36 com.jayyin.jaytomcat.catalina.Server logJVM
INFO : JVM Vendor:	Oracle Corporation
    06/23/2020 20:56:36 com.jayyin.jaytomcat.catalina.Server logJVM
INFO : Initializing ProtocolHandler [http-bio-18080]
    06/23/2020 20:56:36 com.jayyin.jaytomcat.catalina.Connector init
INFO : Initializing ProtocolHandler [http-bio-18081]
    06/23/2020 20:56:36 com.jayyin.jaytomcat.catalina.Connector init
INFO : Initializing ProtocolHandler [http-bio-18082]
    06/23/2020 20:56:36 com.jayyin.jaytomcat.catalina.Connector init
INFO : Initialization processed in 0ms
    06/23/2020 20:56:36 com.jayyin.jaytomcat.catalina.Service init
INFO : Starting ProtocolHandler [http-bio-18080]
    06/23/2020 20:56:36 com.jayyin.jaytomcat.catalina.Connector start
INFO : Starting ProtocolHandler [http-bio-18081]
    06/23/2020 20:56:36 com.jayyin.jaytomcat.catalina.Connector start
INFO : Starting ProtocolHandler [http-bio-18082]
    06/23/2020 20:56:36 com.jayyin.jaytomcat.catalina.Connector start
INFO : Server startup in 16ms
    06/23/2020 20:56:36 com.jayyin.jaytomcat.catalina.Server start
ERROR: this is a deliberately created exception
    06/23/2020 20:56:43 com.jayyin.jaytomcat.http.HttpProcessor error
java.lang.RuntimeException: this is a deliberately created exception
	at com.jayyin.jaytomcat.servlets.DefaultServlet.service(DefaultServlet.java:42)
	at javax.servlet.http.HttpServlet.service(HttpServlet.java:731)
	at com.jayyin.jaytomcat.catalina.ApplicationFilterChain.doFilter(ApplicationFilterChain.java:32)
	at com.jayyin.jaytomcat.http.HttpProcessor.execute(HttpProcessor.java:66)
	at com.jayyin.jaytomcat.catalina.Connector$1.run(Connector.java:64)
	at java.util.concurrent.ThreadPoolExecutor.runWorker(ThreadPoolExecutor.java:1149)
	at java.util.concurrent.ThreadPoolExecutor$Worker.run(ThreadPoolExecutor.java:624)
	at java.lang.Thread.run(Thread.java:748)
INFO : Deploying web application directory F:/Project/jaytomcat/webapps/javaweb
    06/23/2020 21:05:32 com.jayyin.jaytomcat.catalina.Context deploy
INFO : Deployment of web application directory F:/Project/jaytomcat/webapps/javaweb has finished in 273ms
    06/23/2020 21:05:32 com.jayyin.jaytomcat.catalina.Context deploy
INFO : Deploying web application directory F:/Project/jaytomcat/webapps/tmall/web
    06/23/2020 21:05:32 com.jayyin.jaytomcat.catalina.Context deploy
INFO : Deployment of web application directory F:/Project/jaytomcat/webapps/tmall/web has finished in 20ms
    06/23/2020 21:05:32 com.jayyin.jaytomcat.catalina.Context deploy
INFO : Deploying web application directory F:\Project\jaytomcat\webapps\app1
    06/23/2020 21:05:32 com.jayyin.jaytomcat.catalina.Context deploy
INFO : Deployment of web application directory F:\Project\jaytomcat\webapps\app1 has finished in 22ms
    06/23/2020 21:05:32 com.jayyin.jaytomcat.catalina.Context deploy
INFO : Deploying web application directory F:\Project\jaytomcat\webapps\javaweb2
    06/23/2020 21:05:32 com.jayyin.jaytomcat.catalina.Context deploy
INFO : Deployment of web application directory F:\Project\jaytomcat\webapps\javaweb2 has finished in 40ms
    06/23/2020 21:05:32 com.jayyin.jaytomcat.catalina.Context deploy
INFO : Deploying web application directory F:\Project\jaytomcat\webapps\ROOT
    06/23/2020 21:05:32 com.jayyin.jaytomcat.catalina.Context deploy
INFO : Deployment of web application directory F:\Project\jaytomcat\webapps\ROOT has finished in 0ms
    06/23/2020 21:05:32 com.jayyin.jaytomcat.catalina.Context deploy
INFO : Deploying web application directory F:/Project/jaytomcat/webapps/javaweb
    06/23/2020 21:05:32 com.jayyin.jaytomcat.catalina.Context deploy
INFO : Deployment of web application directory F:/Project/jaytomcat/webapps/javaweb has finished in 0ms
    06/23/2020 21:05:32 com.jayyin.jaytomcat.catalina.Context deploy
INFO : Deploying web application directory F:/Project/jaytomcat/webapps/tmall/web
    06/23/2020 21:05:32 com.jayyin.jaytomcat.catalina.Context deploy
INFO : Deployment of web application directory F:/Project/jaytomcat/webapps/tmall/web has finished in 0ms
    06/23/2020 21:05:32 com.jayyin.jaytomcat.catalina.Context deploy
INFO : Deploying web application directory F:\Project\jaytomcat\webapps\app1
    06/23/2020 21:05:32 com.jayyin.jaytomcat.catalina.Context deploy
INFO : Deployment of web application directory F:\Project\jaytomcat\webapps\app1 has finished in 16ms
    06/23/2020 21:05:32 com.jayyin.jaytomcat.catalina.Context deploy
INFO : Deploying web application directory F:\Project\jaytomcat\webapps\javaweb2
    06/23/2020 21:05:32 com.jayyin.jaytomcat.catalina.Context deploy
INFO : Deployment of web application directory F:\Project\jaytomcat\webapps\javaweb2 has finished in 0ms
    06/23/2020 21:05:32 com.jayyin.jaytomcat.catalina.Context deploy
INFO : Deploying web application directory F:\Project\jaytomcat\webapps\ROOT
    06/23/2020 21:05:32 com.jayyin.jaytomcat.catalina.Context deploy
INFO : Deployment of web application directory F:\Project\jaytomcat\webapps\ROOT has finished in 0ms
    06/23/2020 21:05:32 com.jayyin.jaytomcat.catalina.Context deploy
INFO : Server version:	JayTomcat/1.0.1
    06/23/2020 21:05:32 com.jayyin.jaytomcat.catalina.Server logJVM
INFO : Server built:	2020-06-04 22:20:22
    06/23/2020 21:05:32 com.jayyin.jaytomcat.catalina.Server logJVM
INFO : Server number:	1.0.1
    06/23/2020 21:05:33 com.jayyin.jaytomcat.catalina.Server logJVM
INFO : OS Name:	Windows 10
    06/23/2020 21:05:33 com.jayyin.jaytomcat.catalina.Server logJVM
INFO : OS Version:	10.0
    06/23/2020 21:05:33 com.jayyin.jaytomcat.catalina.Server logJVM
INFO : Architecture:	amd64
    06/23/2020 21:05:33 com.jayyin.jaytomcat.catalina.Server logJVM
INFO : Java Home:	E:\Program Files\jdk8-191\jre
    06/23/2020 21:05:33 com.jayyin.jaytomcat.catalina.Server logJVM
INFO : JVM Version:	1.8.0_191-b12
    06/23/2020 21:05:33 com.jayyin.jaytomcat.catalina.Server logJVM
INFO : JVM Vendor:	Oracle Corporation
    06/23/2020 21:05:33 com.jayyin.jaytomcat.catalina.Server logJVM
INFO : Initializing ProtocolHandler [http-bio-18080]
    06/23/2020 21:05:33 com.jayyin.jaytomcat.catalina.Connector init
INFO : Initializing ProtocolHandler [http-bio-18081]
    06/23/2020 21:05:33 com.jayyin.jaytomcat.catalina.Connector init
INFO : Initializing ProtocolHandler [http-bio-18082]
    06/23/2020 21:05:33 com.jayyin.jaytomcat.catalina.Connector init
INFO : Initialization processed in 15ms
    06/23/2020 21:05:33 com.jayyin.jaytomcat.catalina.Service init
INFO : Starting ProtocolHandler [http-bio-18080]
    06/23/2020 21:05:33 com.jayyin.jaytomcat.catalina.Connector start
INFO : Starting ProtocolHandler [http-bio-18081]
    06/23/2020 21:05:33 com.jayyin.jaytomcat.catalina.Connector start
INFO : Starting ProtocolHandler [http-bio-18082]
    06/23/2020 21:05:33 com.jayyin.jaytomcat.catalina.Connector start
INFO : Server startup in 47ms
    06/23/2020 21:05:33 com.jayyin.jaytomcat.catalina.Server start
INFO : Deploying web application directory F:/Project/jaytomcat/webapps/javaweb
    06/23/2020 22:32:56 com.jayyin.jaytomcat.catalina.Context deploy
INFO : Deployment of web application directory F:/Project/jaytomcat/webapps/javaweb has finished in 249ms
    06/23/2020 22:32:56 com.jayyin.jaytomcat.catalina.Context deploy
INFO : Deploying web application directory F:/Project/jaytomcat/webapps/tmall/web
    06/23/2020 22:32:56 com.jayyin.jaytomcat.catalina.Context deploy
INFO : Deployment of web application directory F:/Project/jaytomcat/webapps/tmall/web has finished in 32ms
    06/23/2020 22:32:56 com.jayyin.jaytomcat.catalina.Context deploy
INFO : Deploying web application directory F:\Project\jaytomcat\webapps\app1
    06/23/2020 22:32:56 com.jayyin.jaytomcat.catalina.Context deploy
INFO : Deployment of web application directory F:\Project\jaytomcat\webapps\app1 has finished in 62ms
    06/23/2020 22:32:56 com.jayyin.jaytomcat.catalina.Context deploy
INFO : Deploying web application directory F:\Project\jaytomcat\webapps\javaweb2
    06/23/2020 22:32:56 com.jayyin.jaytomcat.catalina.Context deploy
INFO : Deployment of web application directory F:\Project\jaytomcat\webapps\javaweb2 has finished in 15ms
    06/23/2020 22:32:56 com.jayyin.jaytomcat.catalina.Context deploy
INFO : Deploying web application directory F:\Project\jaytomcat\webapps\ROOT
    06/23/2020 22:32:56 com.jayyin.jaytomcat.catalina.Context deploy
INFO : Deployment of web application directory F:\Project\jaytomcat\webapps\ROOT has finished in 0ms
    06/23/2020 22:32:56 com.jayyin.jaytomcat.catalina.Context deploy
INFO : Deploying web application directory F:/Project/jaytomcat/webapps/javaweb
    06/23/2020 22:32:56 com.jayyin.jaytomcat.catalina.Context deploy
INFO : Deployment of web application directory F:/Project/jaytomcat/webapps/javaweb has finished in 0ms
    06/23/2020 22:32:56 com.jayyin.jaytomcat.catalina.Context deploy
INFO : Deploying web application directory F:/Project/jaytomcat/webapps/tmall/web
    06/23/2020 22:32:56 com.jayyin.jaytomcat.catalina.Context deploy
INFO : Deployment of web application directory F:/Project/jaytomcat/webapps/tmall/web has finished in 15ms
    06/23/2020 22:32:56 com.jayyin.jaytomcat.catalina.Context deploy
INFO : Deploying web application directory F:\Project\jaytomcat\webapps\app1
    06/23/2020 22:32:56 com.jayyin.jaytomcat.catalina.Context deploy
INFO : Deployment of web application directory F:\Project\jaytomcat\webapps\app1 has finished in 16ms
    06/23/2020 22:32:56 com.jayyin.jaytomcat.catalina.Context deploy
INFO : Deploying web application directory F:\Project\jaytomcat\webapps\javaweb2
    06/23/2020 22:32:56 com.jayyin.jaytomcat.catalina.Context deploy
INFO : Deployment of web application directory F:\Project\jaytomcat\webapps\javaweb2 has finished in 15ms
    06/23/2020 22:32:56 com.jayyin.jaytomcat.catalina.Context deploy
INFO : Deploying web application directory F:\Project\jaytomcat\webapps\ROOT
    06/23/2020 22:32:56 com.jayyin.jaytomcat.catalina.Context deploy
INFO : Deployment of web application directory F:\Project\jaytomcat\webapps\ROOT has finished in 0ms
    06/23/2020 22:32:56 com.jayyin.jaytomcat.catalina.Context deploy
INFO : Server version:	JayTomcat/1.0.1
    06/23/2020 22:32:56 com.jayyin.jaytomcat.catalina.Server logJVM
INFO : Server built:	2020-06-04 22:20:22
    06/23/2020 22:32:56 com.jayyin.jaytomcat.catalina.Server logJVM
INFO : Server number:	1.0.1
    06/23/2020 22:32:56 com.jayyin.jaytomcat.catalina.Server logJVM
INFO : OS Name:	Windows 10
    06/23/2020 22:32:56 com.jayyin.jaytomcat.catalina.Server logJVM
INFO : OS Version:	10.0
    06/23/2020 22:32:56 com.jayyin.jaytomcat.catalina.Server logJVM
INFO : Architecture:	amd64
    06/23/2020 22:32:56 com.jayyin.jaytomcat.catalina.Server logJVM
INFO : Java Home:	E:\Program Files\jdk8-191\jre
    06/23/2020 22:32:56 com.jayyin.jaytomcat.catalina.Server logJVM
INFO : JVM Version:	1.8.0_191-b12
    06/23/2020 22:32:56 com.jayyin.jaytomcat.catalina.Server logJVM
INFO : JVM Vendor:	Oracle Corporation
    06/23/2020 22:32:56 com.jayyin.jaytomcat.catalina.Server logJVM
INFO : Initializing ProtocolHandler [http-bio-18080]
    06/23/2020 22:32:56 com.jayyin.jaytomcat.catalina.Connector init
INFO : Initializing ProtocolHandler [http-bio-18081]
    06/23/2020 22:32:56 com.jayyin.jaytomcat.catalina.Connector init
INFO : Initializing ProtocolHandler [http-bio-18082]
    06/23/2020 22:32:56 com.jayyin.jaytomcat.catalina.Connector init
INFO : Initialization processed in 0ms
    06/23/2020 22:32:56 com.jayyin.jaytomcat.catalina.Service init
INFO : Starting ProtocolHandler [http-bio-18080]
    06/23/2020 22:32:56 com.jayyin.jaytomcat.catalina.Connector start
INFO : Starting ProtocolHandler [http-bio-18081]
    06/23/2020 22:32:56 com.jayyin.jaytomcat.catalina.Connector start
INFO : Starting ProtocolHandler [http-bio-18082]
    06/23/2020 22:32:56 com.jayyin.jaytomcat.catalina.Connector start
INFO : Server startup in 15ms
    06/23/2020 22:32:56 com.jayyin.jaytomcat.catalina.Server start
INFO : Deploying web application directory F:/Project/jaytomcat/webapps/javaweb
    06/23/2020 22:33:00 com.jayyin.jaytomcat.catalina.Context deploy
INFO : Deployment of web application directory F:/Project/jaytomcat/webapps/javaweb has finished in 359ms
    06/23/2020 22:33:00 com.jayyin.jaytomcat.catalina.Context deploy
INFO : Deploying web application directory F:/Project/jaytomcat/webapps/tmall/web
    06/23/2020 22:33:00 com.jayyin.jaytomcat.catalina.Context deploy
INFO : Deployment of web application directory F:/Project/jaytomcat/webapps/tmall/web has finished in 16ms
    06/23/2020 22:33:00 com.jayyin.jaytomcat.catalina.Context deploy
INFO : Deploying web application directory F:\Project\jaytomcat\webapps\app1
    06/23/2020 22:33:00 com.jayyin.jaytomcat.catalina.Context deploy
INFO : Deployment of web application directory F:\Project\jaytomcat\webapps\app1 has finished in 47ms
    06/23/2020 22:33:00 com.jayyin.jaytomcat.catalina.Context deploy
INFO : Deploying web application directory F:\Project\jaytomcat\webapps\javaweb2
    06/23/2020 22:33:00 com.jayyin.jaytomcat.catalina.Context deploy
INFO : Deployment of web application directory F:\Project\jaytomcat\webapps\javaweb2 has finished in 15ms
    06/23/2020 22:33:00 com.jayyin.jaytomcat.catalina.Context deploy
INFO : Deploying web application directory F:\Project\jaytomcat\webapps\ROOT
    06/23/2020 22:33:00 com.jayyin.jaytomcat.catalina.Context deploy
INFO : Deployment of web application directory F:\Project\jaytomcat\webapps\ROOT has finished in 16ms
    06/23/2020 22:33:00 com.jayyin.jaytomcat.catalina.Context deploy
INFO : Deploying web application directory F:/Project/jaytomcat/webapps/javaweb
    06/23/2020 22:33:00 com.jayyin.jaytomcat.catalina.Context deploy
INFO : Deployment of web application directory F:/Project/jaytomcat/webapps/javaweb has finished in 0ms
    06/23/2020 22:33:00 com.jayyin.jaytomcat.catalina.Context deploy
INFO : Deploying web application directory F:/Project/jaytomcat/webapps/tmall/web
    06/23/2020 22:33:00 com.jayyin.jaytomcat.catalina.Context deploy
INFO : Deployment of web application directory F:/Project/jaytomcat/webapps/tmall/web has finished in 0ms
    06/23/2020 22:33:00 com.jayyin.jaytomcat.catalina.Context deploy
INFO : Deploying web application directory F:\Project\jaytomcat\webapps\app1
    06/23/2020 22:33:00 com.jayyin.jaytomcat.catalina.Context deploy
INFO : Deployment of web application directory F:\Project\jaytomcat\webapps\app1 has finished in 0ms
    06/23/2020 22:33:00 com.jayyin.jaytomcat.catalina.Context deploy
INFO : Deploying web application directory F:\Project\jaytomcat\webapps\javaweb2
    06/23/2020 22:33:00 com.jayyin.jaytomcat.catalina.Context deploy
INFO : Deployment of web application directory F:\Project\jaytomcat\webapps\javaweb2 has finished in 31ms
    06/23/2020 22:33:00 com.jayyin.jaytomcat.catalina.Context deploy
INFO : Deploying web application directory F:\Project\jaytomcat\webapps\ROOT
    06/23/2020 22:33:00 com.jayyin.jaytomcat.catalina.Context deploy
INFO : Deployment of web application directory F:\Project\jaytomcat\webapps\ROOT has finished in 0ms
    06/23/2020 22:33:00 com.jayyin.jaytomcat.catalina.Context deploy
INFO : Server version:	JayTomcat/1.0.1
    06/23/2020 22:33:00 com.jayyin.jaytomcat.catalina.Server logJVM
INFO : Server built:	2020-06-04 22:20:22
    06/23/2020 22:33:00 com.jayyin.jaytomcat.catalina.Server logJVM
INFO : Server number:	1.0.1
    06/23/2020 22:33:00 com.jayyin.jaytomcat.catalina.Server logJVM
INFO : OS Name:	Windows 10
    06/23/2020 22:33:00 com.jayyin.jaytomcat.catalina.Server logJVM
INFO : OS Version:	10.0
    06/23/2020 22:33:00 com.jayyin.jaytomcat.catalina.Server logJVM
INFO : Architecture:	amd64
    06/23/2020 22:33:00 com.jayyin.jaytomcat.catalina.Server logJVM
INFO : Java Home:	E:\Program Files\jdk8-191\jre
    06/23/2020 22:33:00 com.jayyin.jaytomcat.catalina.Server logJVM
INFO : JVM Version:	1.8.0_191-b12
    06/23/2020 22:33:00 com.jayyin.jaytomcat.catalina.Server logJVM
INFO : JVM Vendor:	Oracle Corporation
    06/23/2020 22:33:00 com.jayyin.jaytomcat.catalina.Server logJVM
INFO : Initializing ProtocolHandler [http-bio-18080]
    06/23/2020 22:33:00 com.jayyin.jaytomcat.catalina.Connector init
INFO : Initializing ProtocolHandler [http-bio-18081]
    06/23/2020 22:33:00 com.jayyin.jaytomcat.catalina.Connector init
INFO : Initializing ProtocolHandler [http-bio-18082]
    06/23/2020 22:33:00 com.jayyin.jaytomcat.catalina.Connector init
INFO : Initialization processed in 0ms
    06/23/2020 22:33:00 com.jayyin.jaytomcat.catalina.Service init
INFO : Starting ProtocolHandler [http-bio-18080]
    06/23/2020 22:33:00 com.jayyin.jaytomcat.catalina.Connector start
INFO : Starting ProtocolHandler [http-bio-18081]
    06/23/2020 22:33:00 com.jayyin.jaytomcat.catalina.Connector start
INFO : Starting ProtocolHandler [http-bio-18082]
    06/23/2020 22:33:00 com.jayyin.jaytomcat.catalina.Connector start
INFO : Server startup in 0ms
    06/23/2020 22:33:00 com.jayyin.jaytomcat.catalina.Server start
INFO : Deploying web application directory F:/Project/jaytomcat/webapps/javaweb
    06/23/2020 23:03:14 com.jayyin.jaytomcat.catalina.Context deploy
INFO : Deployment of web application directory F:/Project/jaytomcat/webapps/javaweb has finished in 250ms
    06/23/2020 23:03:14 com.jayyin.jaytomcat.catalina.Context deploy
INFO : Deploying web application directory F:/Project/jaytomcat/webapps/tmall/web
    06/23/2020 23:03:14 com.jayyin.jaytomcat.catalina.Context deploy
INFO : Deployment of web application directory F:/Project/jaytomcat/webapps/tmall/web has finished in 16ms
    06/23/2020 23:03:14 com.jayyin.jaytomcat.catalina.Context deploy
INFO : Deploying web application directory F:\Project\jaytomcat\webapps\app1
    06/23/2020 23:03:14 com.jayyin.jaytomcat.catalina.Context deploy
INFO : Deployment of web application directory F:\Project\jaytomcat\webapps\app1 has finished in 16ms
    06/23/2020 23:03:14 com.jayyin.jaytomcat.catalina.Context deploy
INFO : Deploying web application directory F:\Project\jaytomcat\webapps\javaweb2
    06/23/2020 23:03:14 com.jayyin.jaytomcat.catalina.Context deploy
INFO : Deployment of web application directory F:\Project\jaytomcat\webapps\javaweb2 has finished in 62ms
    06/23/2020 23:03:14 com.jayyin.jaytomcat.catalina.Context deploy
INFO : Deploying web application directory F:\Project\jaytomcat\webapps\ROOT
    06/23/2020 23:03:14 com.jayyin.jaytomcat.catalina.Context deploy
INFO : Deployment of web application directory F:\Project\jaytomcat\webapps\ROOT has finished in 0ms
    06/23/2020 23:03:14 com.jayyin.jaytomcat.catalina.Context deploy
INFO : Deploying web application directory F:/Project/jaytomcat/webapps/javaweb
    06/23/2020 23:03:14 com.jayyin.jaytomcat.catalina.Context deploy
INFO : Deployment of web application directory F:/Project/jaytomcat/webapps/javaweb has finished in 16ms
    06/23/2020 23:03:14 com.jayyin.jaytomcat.catalina.Context deploy
INFO : Deploying web application directory F:/Project/jaytomcat/webapps/tmall/web
    06/23/2020 23:03:14 com.jayyin.jaytomcat.catalina.Context deploy
INFO : Deployment of web application directory F:/Project/jaytomcat/webapps/tmall/web has finished in 15ms
    06/23/2020 23:03:14 com.jayyin.jaytomcat.catalina.Context deploy
INFO : Deploying web application directory F:\Project\jaytomcat\webapps\app1
    06/23/2020 23:03:14 com.jayyin.jaytomcat.catalina.Context deploy
INFO : Deployment of web application directory F:\Project\jaytomcat\webapps\app1 has finished in 0ms
    06/23/2020 23:03:14 com.jayyin.jaytomcat.catalina.Context deploy
INFO : Deploying web application directory F:\Project\jaytomcat\webapps\javaweb2
    06/23/2020 23:03:14 com.jayyin.jaytomcat.catalina.Context deploy
INFO : Deployment of web application directory F:\Project\jaytomcat\webapps\javaweb2 has finished in 0ms
    06/23/2020 23:03:14 com.jayyin.jaytomcat.catalina.Context deploy
INFO : Deploying web application directory F:\Project\jaytomcat\webapps\ROOT
    06/23/2020 23:03:14 com.jayyin.jaytomcat.catalina.Context deploy
INFO : Deployment of web application directory F:\Project\jaytomcat\webapps\ROOT has finished in 0ms
    06/23/2020 23:03:14 com.jayyin.jaytomcat.catalina.Context deploy
INFO : Server version:	JayTomcat/1.0.1
    06/23/2020 23:03:15 com.jayyin.jaytomcat.catalina.Server logJVM
INFO : Server built:	2020-06-04 22:20:22
    06/23/2020 23:03:15 com.jayyin.jaytomcat.catalina.Server logJVM
INFO : Server number:	1.0.1
    06/23/2020 23:03:15 com.jayyin.jaytomcat.catalina.Server logJVM
INFO : OS Name:	Windows 10
    06/23/2020 23:03:15 com.jayyin.jaytomcat.catalina.Server logJVM
INFO : OS Version:	10.0
    06/23/2020 23:03:15 com.jayyin.jaytomcat.catalina.Server logJVM
INFO : Architecture:	amd64
    06/23/2020 23:03:15 com.jayyin.jaytomcat.catalina.Server logJVM
INFO : Java Home:	E:\Program Files\jdk8-191\jre
    06/23/2020 23:03:15 com.jayyin.jaytomcat.catalina.Server logJVM
INFO : JVM Version:	1.8.0_191-b12
    06/23/2020 23:03:15 com.jayyin.jaytomcat.catalina.Server logJVM
INFO : JVM Vendor:	Oracle Corporation
    06/23/2020 23:03:15 com.jayyin.jaytomcat.catalina.Server logJVM
INFO : Initializing ProtocolHandler [http-bio-18080]
    06/23/2020 23:03:15 com.jayyin.jaytomcat.catalina.Connector init
INFO : Initializing ProtocolHandler [http-bio-18081]
    06/23/2020 23:03:15 com.jayyin.jaytomcat.catalina.Connector init
INFO : Initializing ProtocolHandler [http-bio-18082]
    06/23/2020 23:03:15 com.jayyin.jaytomcat.catalina.Connector init
INFO : Initialization processed in 0ms
    06/23/2020 23:03:15 com.jayyin.jaytomcat.catalina.Service init
INFO : Starting ProtocolHandler [http-bio-18080]
    06/23/2020 23:03:15 com.jayyin.jaytomcat.catalina.Connector start
INFO : Starting ProtocolHandler [http-bio-18081]
    06/23/2020 23:03:15 com.jayyin.jaytomcat.catalina.Connector start
INFO : Starting ProtocolHandler [http-bio-18082]
    06/23/2020 23:03:15 com.jayyin.jaytomcat.catalina.Connector start
INFO : Server startup in 16ms
    06/23/2020 23:03:15 com.jayyin.jaytomcat.catalina.Server start
ERROR: No org.apache.tomcat.InstanceManager set in ServletContext
    06/23/2020 23:03:20 com.jayyin.jaytomcat.http.HttpProcessor error
java.lang.IllegalStateException: No org.apache.tomcat.InstanceManager set in ServletContext
	at org.apache.jasper.runtime.InstanceManagerFactory.getInstanceManager(InstanceManagerFactory.java:32)
	at org.apache.jasper.runtime.TagHandlerPool.init(TagHandlerPool.java:78)
	at org.apache.jasper.runtime.TagHandlerPool.getTagHandlerPool(TagHandlerPool.java:58)
	at org.apache.jsp.admin.listcategory_jsp._jspInit(listcategory_jsp.java:66)
	at org.apache.jasper.runtime.HttpJspBase.init(HttpJspBase.java:49)
	at com.jayyin.jaytomcat.catalina.Context.getServlet(Context.java:235)
	at com.jayyin.jaytomcat.servlets.JspServlet.service(JspServlet.java:69)
	at javax.servlet.http.HttpServlet.service(HttpServlet.java:731)
	at com.jayyin.jaytomcat.catalina.ApplicationFilterChain.doFilter(ApplicationFilterChain.java:32)
	at tmall.filter.BackServletFilter.doFilter(BackServletFilter.java:44)
	at com.jayyin.jaytomcat.catalina.ApplicationFilterChain.doFilter(ApplicationFilterChain.java:28)
	at tmall.filter.EncodingFilter.doFilter(EncodingFilter.java:27)
	at com.jayyin.jaytomcat.catalina.ApplicationFilterChain.doFilter(ApplicationFilterChain.java:28)
	at com.jayyin.jaytomcat.http.HttpProcessor.execute(HttpProcessor.java:66)
	at com.jayyin.jaytomcat.http.ApplicationRequestDispatcher.forward(ApplicationRequestDispatcher.java:34)
	at tmall.servlet.BaseBackServlet.service(BaseBackServlet.java:73)
	at javax.servlet.http.HttpServlet.service(HttpServlet.java:731)
	at com.jayyin.jaytomcat.servlets.InvokerServlet.service(InvokerServlet.java:43)
	at javax.servlet.http.HttpServlet.service(HttpServlet.java:731)
	at com.jayyin.jaytomcat.catalina.ApplicationFilterChain.doFilter(ApplicationFilterChain.java:32)
	at tmall.filter.BackServletFilter.doFilter(BackServletFilter.java:44)
	at com.jayyin.jaytomcat.catalina.ApplicationFilterChain.doFilter(ApplicationFilterChain.java:28)
	at tmall.filter.EncodingFilter.doFilter(EncodingFilter.java:27)
	at com.jayyin.jaytomcat.catalina.ApplicationFilterChain.doFilter(ApplicationFilterChain.java:28)
	at com.jayyin.jaytomcat.http.HttpProcessor.execute(HttpProcessor.java:66)
	at com.jayyin.jaytomcat.http.ApplicationRequestDispatcher.forward(ApplicationRequestDispatcher.java:34)
	at tmall.filter.BackServletFilter.doFilter(BackServletFilter.java:39)
	at com.jayyin.jaytomcat.catalina.ApplicationFilterChain.doFilter(ApplicationFilterChain.java:28)
	at tmall.filter.EncodingFilter.doFilter(EncodingFilter.java:27)
	at com.jayyin.jaytomcat.catalina.ApplicationFilterChain.doFilter(ApplicationFilterChain.java:28)
	at com.jayyin.jaytomcat.http.HttpProcessor.execute(HttpProcessor.java:66)
	at com.jayyin.jaytomcat.catalina.Connector$1.run(Connector.java:64)
	at java.util.concurrent.ThreadPoolExecutor.runWorker(ThreadPoolExecutor.java:1149)
	at java.util.concurrent.ThreadPoolExecutor$Worker.run(ThreadPoolExecutor.java:624)
	at java.lang.Thread.run(Thread.java:748)
ERROR: this is a deliberately created exception
    06/23/2020 23:07:58 com.jayyin.jaytomcat.http.HttpProcessor error
java.lang.RuntimeException: this is a deliberately created exception
	at com.jayyin.jaytomcat.servlets.DefaultServlet.service(DefaultServlet.java:42)
	at javax.servlet.http.HttpServlet.service(HttpServlet.java:731)
	at com.jayyin.jaytomcat.catalina.ApplicationFilterChain.doFilter(ApplicationFilterChain.java:32)
	at com.jayyin.jaytomcat.http.HttpProcessor.execute(HttpProcessor.java:66)
	at com.jayyin.jaytomcat.catalina.Connector$1.run(Connector.java:64)
	at java.util.concurrent.ThreadPoolExecutor.runWorker(ThreadPoolExecutor.java:1149)
	at java.util.concurrent.ThreadPoolExecutor$Worker.run(ThreadPoolExecutor.java:624)
	at java.lang.Thread.run(Thread.java:748)
INFO : Deploying web application directory F:/Project/jaytomcat/webapps/javaweb
    06/23/2020 23:23:14 com.jayyin.jaytomcat.catalina.Context deploy
INFO : Deployment of web application directory F:/Project/jaytomcat/webapps/javaweb has finished in 297ms
    06/23/2020 23:23:14 com.jayyin.jaytomcat.catalina.Context deploy
INFO : Deploying web application directory F:/Project/jaytomcat/webapps/tmall/web
    06/23/2020 23:23:14 com.jayyin.jaytomcat.catalina.Context deploy
INFO : Deployment of web application directory F:/Project/jaytomcat/webapps/tmall/web has finished in 16ms
    06/23/2020 23:23:14 com.jayyin.jaytomcat.catalina.Context deploy
INFO : Deploying web application directory F:\Project\jaytomcat\webapps\app1
    06/23/2020 23:23:14 com.jayyin.jaytomcat.catalina.Context deploy
INFO : Deployment of web application directory F:\Project\jaytomcat\webapps\app1 has finished in 31ms
    06/23/2020 23:23:14 com.jayyin.jaytomcat.catalina.Context deploy
INFO : Deploying web application directory F:\Project\jaytomcat\webapps\javaweb2
    06/23/2020 23:23:14 com.jayyin.jaytomcat.catalina.Context deploy
INFO : Deployment of web application directory F:\Project\jaytomcat\webapps\javaweb2 has finished in 63ms
    06/23/2020 23:23:15 com.jayyin.jaytomcat.catalina.Context deploy
INFO : Deploying web application directory F:\Project\jaytomcat\webapps\ROOT
    06/23/2020 23:23:15 com.jayyin.jaytomcat.catalina.Context deploy
INFO : Deployment of web application directory F:\Project\jaytomcat\webapps\ROOT has finished in 0ms
    06/23/2020 23:23:15 com.jayyin.jaytomcat.catalina.Context deploy
INFO : Deploying web application directory F:/Project/jaytomcat/webapps/javaweb
    06/23/2020 23:23:15 com.jayyin.jaytomcat.catalina.Context deploy
INFO : Deployment of web application directory F:/Project/jaytomcat/webapps/javaweb has finished in 0ms
    06/23/2020 23:23:15 com.jayyin.jaytomcat.catalina.Context deploy
INFO : Deploying web application directory F:/Project/jaytomcat/webapps/tmall/web
    06/23/2020 23:23:15 com.jayyin.jaytomcat.catalina.Context deploy
INFO : Deployment of web application directory F:/Project/jaytomcat/webapps/tmall/web has finished in 0ms
    06/23/2020 23:23:15 com.jayyin.jaytomcat.catalina.Context deploy
INFO : Deploying web application directory F:\Project\jaytomcat\webapps\app1
    06/23/2020 23:23:15 com.jayyin.jaytomcat.catalina.Context deploy
INFO : Deployment of web application directory F:\Project\jaytomcat\webapps\app1 has finished in 0ms
    06/23/2020 23:23:15 com.jayyin.jaytomcat.catalina.Context deploy
INFO : Deploying web application directory F:\Project\jaytomcat\webapps\javaweb2
    06/23/2020 23:23:15 com.jayyin.jaytomcat.catalina.Context deploy
INFO : Deployment of web application directory F:\Project\jaytomcat\webapps\javaweb2 has finished in 16ms
    06/23/2020 23:23:15 com.jayyin.jaytomcat.catalina.Context deploy
INFO : Deploying web application directory F:\Project\jaytomcat\webapps\ROOT
    06/23/2020 23:23:15 com.jayyin.jaytomcat.catalina.Context deploy
INFO : Deployment of web application directory F:\Project\jaytomcat\webapps\ROOT has finished in 16ms
    06/23/2020 23:23:15 com.jayyin.jaytomcat.catalina.Context deploy
INFO : Server version:	JayTomcat/1.0.1
    06/23/2020 23:23:15 com.jayyin.jaytomcat.catalina.Server logJVM
INFO : Server built:	2020-06-04 22:20:22
    06/23/2020 23:23:15 com.jayyin.jaytomcat.catalina.Server logJVM
INFO : Server number:	1.0.1
    06/23/2020 23:23:15 com.jayyin.jaytomcat.catalina.Server logJVM
INFO : OS Name:	Windows 10
    06/23/2020 23:23:15 com.jayyin.jaytomcat.catalina.Server logJVM
INFO : OS Version:	10.0
    06/23/2020 23:23:15 com.jayyin.jaytomcat.catalina.Server logJVM
INFO : Architecture:	amd64
    06/23/2020 23:23:15 com.jayyin.jaytomcat.catalina.Server logJVM
INFO : Java Home:	E:\Program Files\jdk8-191\jre
    06/23/2020 23:23:15 com.jayyin.jaytomcat.catalina.Server logJVM
INFO : JVM Version:	1.8.0_191-b12
    06/23/2020 23:23:15 com.jayyin.jaytomcat.catalina.Server logJVM
INFO : JVM Vendor:	Oracle Corporation
    06/23/2020 23:23:15 com.jayyin.jaytomcat.catalina.Server logJVM
INFO : Initializing ProtocolHandler [http-bio-18080]
    06/23/2020 23:23:15 com.jayyin.jaytomcat.catalina.Connector init
INFO : Initializing ProtocolHandler [http-bio-18081]
    06/23/2020 23:23:15 com.jayyin.jaytomcat.catalina.Connector init
INFO : Initializing ProtocolHandler [http-bio-18082]
    06/23/2020 23:23:15 com.jayyin.jaytomcat.catalina.Connector init
INFO : Initialization processed in 0ms
    06/23/2020 23:23:15 com.jayyin.jaytomcat.catalina.Service init
INFO : Starting ProtocolHandler [http-bio-18080]
    06/23/2020 23:23:15 com.jayyin.jaytomcat.catalina.Connector start
INFO : Starting ProtocolHandler [http-bio-18081]
    06/23/2020 23:23:15 com.jayyin.jaytomcat.catalina.Connector start
INFO : Starting ProtocolHandler [http-bio-18082]
    06/23/2020 23:23:15 com.jayyin.jaytomcat.catalina.Connector start
INFO : Server startup in 16ms
    06/23/2020 23:23:15 com.jayyin.jaytomcat.catalina.Server start
ERROR: No org.apache.tomcat.InstanceManager set in ServletContext
    06/23/2020 23:23:26 com.jayyin.jaytomcat.http.HttpProcessor error
java.lang.IllegalStateException: No org.apache.tomcat.InstanceManager set in ServletContext
	at org.apache.jasper.runtime.InstanceManagerFactory.getInstanceManager(InstanceManagerFactory.java:32)
	at org.apache.jasper.runtime.TagHandlerPool.init(TagHandlerPool.java:78)
	at org.apache.jasper.runtime.TagHandlerPool.getTagHandlerPool(TagHandlerPool.java:58)
	at org.apache.jsp.admin.listcategory_jsp._jspInit(listcategory_jsp.java:66)
	at org.apache.jasper.runtime.HttpJspBase.init(HttpJspBase.java:49)
	at com.jayyin.jaytomcat.catalina.Context.getServlet(Context.java:235)
	at com.jayyin.jaytomcat.servlets.JspServlet.service(JspServlet.java:69)
	at javax.servlet.http.HttpServlet.service(HttpServlet.java:731)
	at com.jayyin.jaytomcat.catalina.ApplicationFilterChain.doFilter(ApplicationFilterChain.java:32)
	at tmall.filter.BackServletFilter.doFilter(BackServletFilter.java:44)
	at com.jayyin.jaytomcat.catalina.ApplicationFilterChain.doFilter(ApplicationFilterChain.java:28)
	at tmall.filter.EncodingFilter.doFilter(EncodingFilter.java:27)
	at com.jayyin.jaytomcat.catalina.ApplicationFilterChain.doFilter(ApplicationFilterChain.java:28)
	at com.jayyin.jaytomcat.http.HttpProcessor.execute(HttpProcessor.java:66)
	at com.jayyin.jaytomcat.http.ApplicationRequestDispatcher.forward(ApplicationRequestDispatcher.java:34)
	at tmall.servlet.BaseBackServlet.service(BaseBackServlet.java:73)
	at javax.servlet.http.HttpServlet.service(HttpServlet.java:731)
	at com.jayyin.jaytomcat.servlets.InvokerServlet.service(InvokerServlet.java:43)
	at javax.servlet.http.HttpServlet.service(HttpServlet.java:731)
	at com.jayyin.jaytomcat.catalina.ApplicationFilterChain.doFilter(ApplicationFilterChain.java:32)
	at tmall.filter.BackServletFilter.doFilter(BackServletFilter.java:44)
	at com.jayyin.jaytomcat.catalina.ApplicationFilterChain.doFilter(ApplicationFilterChain.java:28)
	at tmall.filter.EncodingFilter.doFilter(EncodingFilter.java:27)
	at com.jayyin.jaytomcat.catalina.ApplicationFilterChain.doFilter(ApplicationFilterChain.java:28)
	at com.jayyin.jaytomcat.http.HttpProcessor.execute(HttpProcessor.java:66)
	at com.jayyin.jaytomcat.http.ApplicationRequestDispatcher.forward(ApplicationRequestDispatcher.java:34)
	at tmall.filter.BackServletFilter.doFilter(BackServletFilter.java:39)
	at com.jayyin.jaytomcat.catalina.ApplicationFilterChain.doFilter(ApplicationFilterChain.java:28)
	at tmall.filter.EncodingFilter.doFilter(EncodingFilter.java:27)
	at com.jayyin.jaytomcat.catalina.ApplicationFilterChain.doFilter(ApplicationFilterChain.java:28)
	at com.jayyin.jaytomcat.http.HttpProcessor.execute(HttpProcessor.java:66)
	at com.jayyin.jaytomcat.catalina.Connector$1.run(Connector.java:64)
	at java.util.concurrent.ThreadPoolExecutor.runWorker(ThreadPoolExecutor.java:1149)
	at java.util.concurrent.ThreadPoolExecutor$Worker.run(ThreadPoolExecutor.java:624)
	at java.lang.Thread.run(Thread.java:748)
